<html>
<head>
<title>TestNG:  Chrome_test</title>
<link href="../testng.css" rel="stylesheet" type="text/css" />
<link href="../my-testng.css" rel="stylesheet" type="text/css" />

<style type="text/css">
.log { display: none;} 
.stack-trace { display: none;} 
</style>
<script type="text/javascript">
<!--
function flip(e) {
  current = e.style.display;
  if (current == 'block') {
    e.style.display = 'none';
    return 0;
  }
  else {
    e.style.display = 'block';
    return 1;
  }
}

function toggleBox(szDivId, elem, msg1, msg2)
{
  var res = -1;  if (document.getElementById) {
    res = flip(document.getElementById(szDivId));
  }
  else if (document.all) {
    // this is the way old msie versions work
    res = flip(document.all[szDivId]);
  }
  if(elem) {
    if(res == 0) elem.innerHTML = msg1; else elem.innerHTML = msg2;
  }

}

function toggleAllBoxes() {
  if (document.getElementsByTagName) {
    d = document.getElementsByTagName('div');
    for (i = 0; i < d.length; i++) {
      if (d[i].className == 'log') {
        flip(d[i]);
      }
    }
  }
}

// -->
</script>

</head>
<body>
<h2 align='center'>Chrome_test</h2><table border='1' align="center">
<tr>
<td>Tests passed/Failed/Skipped:</td><td>30/2/0</td>
</tr><tr>
<td>Started on:</td><td>Wed Dec 04 17:47:18 IST 2019</td>
</tr>
<tr><td>Total time:</td><td>2395 seconds (2395251 ms)</td>
</tr><tr>
<td>Included groups:</td><td></td>
</tr><tr>
<td>Excluded groups:</td><td></td>
</tr>
</table><p/>
<small><i>(Hover the method name to see the test class name)</i></small><p/>
<table width='100%' border='1' class='invocation-failed'>
<tr><td colspan='4' align='center'><b>FAILED TESTS</b></td></tr>
<tr><td><b>Test method</b></td>
<td width="30%"><b>Exception</b></td>
<td width="10%"><b>Time (seconds)</b></td>
<td><b>Instance</b></td>
</tr>
<tr>
<td title='com.testcases.driverscripts.Execute_MainScript.ExecuteTest()'><b>ExecuteTest</b><br>Test class: com.testcases.driverscripts.Execute_MainScript<br>Parameters: ALL_PAGES, END_TO_END, TC25_Verify_product_comparison, User must be navigated to product comparison page, Yes, High</td>
<td><div><pre>org.openqa.selenium.NoSuchElementException: no such element: Unable to locate element: {&quot;method&quot;:&quot;xpath&quot;,&quot;selector&quot;:&quot;//div[text()=&apos;My Account&apos;]&quot;}
  (Session info: chrome=78.0.3904.108)
  (Driver info: chromedriver=2.44.609538 (b655c5a60b0b544917107a59d4153d4bf78e1b90),platform=Windows NT 10.0.18362 x86_64) (WARNING: The server did not provide any stacktrace information)
Command duration or timeout: 0 milliseconds
For documentation on this error, please visit: http://seleniumhq.org/exceptions/no_such_element.html
Build info: version: &apos;unknown&apos;, revision: &apos;unknown&apos;, time: &apos;unknown&apos;
System info: host: &apos;LSPL309-PC&apos;, ip: &apos;192.168.15.129&apos;, os.name: &apos;Windows 10&apos;, os.arch: &apos;amd64&apos;, os.version: &apos;10.0&apos;, java.version: &apos;1.8.0_101&apos;
Driver info: org.openqa.selenium.chrome.ChromeDriver
Capabilities [{mobileEmulationEnabled=false, hasTouchScreen=false, platform=XP, acceptSslCerts=false, goog:chromeOptions={debuggerAddress=localhost:61185}, acceptInsecureCerts=false, webStorageEnabled=true, browserName=chrome, takesScreenshot=true, javascriptEnabled=true, setWindowRect=true, unexpectedAlertBehaviour=ignore, applicationCacheEnabled=false, rotatable=false, networkConnectionEnabled=false, chrome={chromedriverVersion=2.44.609538 (b655c5a60b0b544917107a59d4153d4bf78e1b90), userDataDir=C:\Users\LSPL309\AppData\Local\Temp\scoped_dir21320_1478}, takesHeapSnapshot=true, pageLoadStrategy=normal, unhandledPromptBehavior=ignore, databaseEnabled=false, handlesAlerts=true, version=78.0.3904.108, browserConnectionEnabled=false, nativeEvents=true, locationContextEnabled=true, cssSelectorsEnabled=true}]
Session ID: 1afa540d06353b9be1374f71227e7ccc
*** Element info: {Using=xpath, value=//div[text()=&apos;My Account&apos;]}
	at org.openqa.selenium.remote.ErrorHandler.createThrowable(ErrorHandler.java:215)
	at org.openqa.selenium.remote.ErrorHandler.throwIfResponseFailed(ErrorHandler.java:167)
	at org.openqa.selenium.remote.http.JsonHttpResponseCodec.reconstructValue(JsonHttpResponseCodec.java:40)
	at org.openqa.selenium.remote.http.AbstractHttpResponseCodec.decode(AbstractHttpResponseCodec.java:82)
	at org.openqa.selenium.remote.http.AbstractHttpResponseCodec.decode(AbstractHttpResponseCodec.java:45)
	at org.openqa.selenium.remote.HttpCommandExecutor.execute(HttpCommandExecutor.java:164)
	at org.openqa.selenium.remote.service.DriverCommandExecutor.execute(DriverCommandExecutor.java:82)
	at org.openqa.selenium.remote.RemoteWebDriver.execute(RemoteWebDriver.java:641)
	at org.openqa.selenium.remote.RemoteWebDriver.findElement(RemoteWebDriver.java:414)
	at org.openqa.selenium.remote.RemoteWebDriver.findElementByXPath(RemoteWebDriver.java:513)
	at org.openqa.selenium.By$ByXPath.findElement(By.java:361)
	at org.openqa.selenium.remote.RemoteWebDriver.findElement(RemoteWebDriver.java:406)
	at com.operations.Common.FireClass.FailedTCOperation(FireClass.java:75)
	at com.testcases.driverscripts.Execute_MainScript.ExecuteTest(Execute_MainScript.java:305)
... Removed 27 stack frames</pre></div><a href='#' onClick='toggleBox("stack-trace1038988454", this, "Click to show all stack frames", "Click to hide stack frames")'>Click to show all stack frames</a>
<div class='stack-trace' id='stack-trace1038988454'><pre>org.openqa.selenium.NoSuchElementException: no such element: Unable to locate element: {&quot;method&quot;:&quot;xpath&quot;,&quot;selector&quot;:&quot;//div[text()=&apos;My Account&apos;]&quot;}
  (Session info: chrome=78.0.3904.108)
  (Driver info: chromedriver=2.44.609538 (b655c5a60b0b544917107a59d4153d4bf78e1b90),platform=Windows NT 10.0.18362 x86_64) (WARNING: The server did not provide any stacktrace information)
Command duration or timeout: 0 milliseconds
For documentation on this error, please visit: http://seleniumhq.org/exceptions/no_such_element.html
Build info: version: &apos;unknown&apos;, revision: &apos;unknown&apos;, time: &apos;unknown&apos;
System info: host: &apos;LSPL309-PC&apos;, ip: &apos;192.168.15.129&apos;, os.name: &apos;Windows 10&apos;, os.arch: &apos;amd64&apos;, os.version: &apos;10.0&apos;, java.version: &apos;1.8.0_101&apos;
Driver info: org.openqa.selenium.chrome.ChromeDriver
Capabilities [{mobileEmulationEnabled=false, hasTouchScreen=false, platform=XP, acceptSslCerts=false, goog:chromeOptions={debuggerAddress=localhost:61185}, acceptInsecureCerts=false, webStorageEnabled=true, browserName=chrome, takesScreenshot=true, javascriptEnabled=true, setWindowRect=true, unexpectedAlertBehaviour=ignore, applicationCacheEnabled=false, rotatable=false, networkConnectionEnabled=false, chrome={chromedriverVersion=2.44.609538 (b655c5a60b0b544917107a59d4153d4bf78e1b90), userDataDir=C:\Users\LSPL309\AppData\Local\Temp\scoped_dir21320_1478}, takesHeapSnapshot=true, pageLoadStrategy=normal, unhandledPromptBehavior=ignore, databaseEnabled=false, handlesAlerts=true, version=78.0.3904.108, browserConnectionEnabled=false, nativeEvents=true, locationContextEnabled=true, cssSelectorsEnabled=true}]
Session ID: 1afa540d06353b9be1374f71227e7ccc
*** Element info: {Using=xpath, value=//div[text()=&apos;My Account&apos;]}
	at sun.reflect.NativeConstructorAccessorImpl.newInstance0(Native Method)
	at sun.reflect.NativeConstructorAccessorImpl.newInstance(Unknown Source)
	at sun.reflect.DelegatingConstructorAccessorImpl.newInstance(Unknown Source)
	at java.lang.reflect.Constructor.newInstance(Unknown Source)
	at org.openqa.selenium.remote.ErrorHandler.createThrowable(ErrorHandler.java:215)
	at org.openqa.selenium.remote.ErrorHandler.throwIfResponseFailed(ErrorHandler.java:167)
	at org.openqa.selenium.remote.http.JsonHttpResponseCodec.reconstructValue(JsonHttpResponseCodec.java:40)
	at org.openqa.selenium.remote.http.AbstractHttpResponseCodec.decode(AbstractHttpResponseCodec.java:82)
	at org.openqa.selenium.remote.http.AbstractHttpResponseCodec.decode(AbstractHttpResponseCodec.java:45)
	at org.openqa.selenium.remote.HttpCommandExecutor.execute(HttpCommandExecutor.java:164)
	at org.openqa.selenium.remote.service.DriverCommandExecutor.execute(DriverCommandExecutor.java:82)
	at org.openqa.selenium.remote.RemoteWebDriver.execute(RemoteWebDriver.java:641)
	at org.openqa.selenium.remote.RemoteWebDriver.findElement(RemoteWebDriver.java:414)
	at org.openqa.selenium.remote.RemoteWebDriver.findElementByXPath(RemoteWebDriver.java:513)
	at org.openqa.selenium.By$ByXPath.findElement(By.java:361)
	at org.openqa.selenium.remote.RemoteWebDriver.findElement(RemoteWebDriver.java:406)
	at com.operations.Common.FireClass.FailedTCOperation(FireClass.java:75)
	at com.testcases.driverscripts.Execute_MainScript.ExecuteTest(Execute_MainScript.java:305)
	at sun.reflect.GeneratedMethodAccessor7.invoke(Unknown Source)
	at sun.reflect.DelegatingMethodAccessorImpl.invoke(Unknown Source)
	at java.lang.reflect.Method.invoke(Unknown Source)
	at org.testng.internal.MethodInvocationHelper.invokeMethod(MethodInvocationHelper.java:86)
	at org.testng.internal.Invoker.invokeMethod(Invoker.java:643)
	at org.testng.internal.Invoker.invokeTestMethod(Invoker.java:820)
	at org.testng.internal.Invoker.invokeTestMethods(Invoker.java:1128)
	at org.testng.internal.TestMethodWorker.invokeTestMethods(TestMethodWorker.java:129)
	at org.testng.internal.TestMethodWorker.run(TestMethodWorker.java:112)
	at org.testng.TestRunner.privateRun(TestRunner.java:782)
	at org.testng.TestRunner.run(TestRunner.java:632)
	at org.testng.SuiteRunner.runTest(SuiteRunner.java:366)
	at org.testng.SuiteRunner.runSequentially(SuiteRunner.java:361)
	at org.testng.SuiteRunner.privateRun(SuiteRunner.java:319)
	at org.testng.SuiteRunner.run(SuiteRunner.java:268)
	at org.testng.SuiteRunnerWorker.runSuite(SuiteRunnerWorker.java:52)
	at org.testng.SuiteRunnerWorker.run(SuiteRunnerWorker.java:86)
	at org.testng.TestNG.runSuitesSequentially(TestNG.java:1244)
	at org.testng.TestNG.runSuitesLocally(TestNG.java:1169)
	at org.testng.TestNG.run(TestNG.java:1064)
	at org.testng.remote.AbstractRemoteTestNG.run(AbstractRemoteTestNG.java:114)
	at org.testng.remote.RemoteTestNG.initAndRun(RemoteTestNG.java:251)
	at org.testng.remote.RemoteTestNG.main(RemoteTestNG.java:77)
</pre></div></td>
<td>38</td>
<td>com.testcases.driverscripts.Execute_MainScript@cd2dae5</td></tr>
<tr>
<td title='com.testcases.driverscripts.Execute_MainScript.ExecuteTest()'><b>ExecuteTest</b><br>Test class: com.testcases.driverscripts.Execute_MainScript<br>Parameters: ALL_PAGES, END_TO_END, TC26_Verify_Clear_Cart, All the items must be removed from the cart, Yes, High</td>
<td><div><pre>org.openqa.selenium.NoSuchElementException: no such element: Unable to locate element: {&quot;method&quot;:&quot;xpath&quot;,&quot;selector&quot;:&quot;//div[text()=&apos;My Account&apos;]&quot;}
  (Session info: chrome=78.0.3904.108)
  (Driver info: chromedriver=2.44.609538 (b655c5a60b0b544917107a59d4153d4bf78e1b90),platform=Windows NT 10.0.18362 x86_64) (WARNING: The server did not provide any stacktrace information)
Command duration or timeout: 0 milliseconds
For documentation on this error, please visit: http://seleniumhq.org/exceptions/no_such_element.html
Build info: version: &apos;unknown&apos;, revision: &apos;unknown&apos;, time: &apos;unknown&apos;
System info: host: &apos;LSPL309-PC&apos;, ip: &apos;192.168.15.129&apos;, os.name: &apos;Windows 10&apos;, os.arch: &apos;amd64&apos;, os.version: &apos;10.0&apos;, java.version: &apos;1.8.0_101&apos;
Driver info: org.openqa.selenium.chrome.ChromeDriver
Capabilities [{mobileEmulationEnabled=false, hasTouchScreen=false, platform=XP, acceptSslCerts=false, goog:chromeOptions={debuggerAddress=localhost:61185}, acceptInsecureCerts=false, webStorageEnabled=true, browserName=chrome, takesScreenshot=true, javascriptEnabled=true, setWindowRect=true, unexpectedAlertBehaviour=ignore, applicationCacheEnabled=false, rotatable=false, networkConnectionEnabled=false, chrome={chromedriverVersion=2.44.609538 (b655c5a60b0b544917107a59d4153d4bf78e1b90), userDataDir=C:\Users\LSPL309\AppData\Local\Temp\scoped_dir21320_1478}, takesHeapSnapshot=true, pageLoadStrategy=normal, unhandledPromptBehavior=ignore, databaseEnabled=false, handlesAlerts=true, version=78.0.3904.108, browserConnectionEnabled=false, nativeEvents=true, locationContextEnabled=true, cssSelectorsEnabled=true}]
Session ID: 1afa540d06353b9be1374f71227e7ccc
*** Element info: {Using=xpath, value=//div[text()=&apos;My Account&apos;]}
	at org.openqa.selenium.remote.ErrorHandler.createThrowable(ErrorHandler.java:215)
	at org.openqa.selenium.remote.ErrorHandler.throwIfResponseFailed(ErrorHandler.java:167)
	at org.openqa.selenium.remote.http.JsonHttpResponseCodec.reconstructValue(JsonHttpResponseCodec.java:40)
	at org.openqa.selenium.remote.http.AbstractHttpResponseCodec.decode(AbstractHttpResponseCodec.java:82)
	at org.openqa.selenium.remote.http.AbstractHttpResponseCodec.decode(AbstractHttpResponseCodec.java:45)
	at org.openqa.selenium.remote.HttpCommandExecutor.execute(HttpCommandExecutor.java:164)
	at org.openqa.selenium.remote.service.DriverCommandExecutor.execute(DriverCommandExecutor.java:82)
	at org.openqa.selenium.remote.RemoteWebDriver.execute(RemoteWebDriver.java:641)
	at org.openqa.selenium.remote.RemoteWebDriver.findElement(RemoteWebDriver.java:414)
	at org.openqa.selenium.remote.RemoteWebDriver.findElementByXPath(RemoteWebDriver.java:513)
	at org.openqa.selenium.By$ByXPath.findElement(By.java:361)
	at org.openqa.selenium.remote.RemoteWebDriver.findElement(RemoteWebDriver.java:406)
	at com.operations.Common.FireClass.FailedTCOperation(FireClass.java:75)
	at com.testcases.driverscripts.Execute_MainScript.ExecuteTest(Execute_MainScript.java:305)
... Removed 27 stack frames</pre></div><a href='#' onClick='toggleBox("stack-trace1116197959", this, "Click to show all stack frames", "Click to hide stack frames")'>Click to show all stack frames</a>
<div class='stack-trace' id='stack-trace1116197959'><pre>org.openqa.selenium.NoSuchElementException: no such element: Unable to locate element: {&quot;method&quot;:&quot;xpath&quot;,&quot;selector&quot;:&quot;//div[text()=&apos;My Account&apos;]&quot;}
  (Session info: chrome=78.0.3904.108)
  (Driver info: chromedriver=2.44.609538 (b655c5a60b0b544917107a59d4153d4bf78e1b90),platform=Windows NT 10.0.18362 x86_64) (WARNING: The server did not provide any stacktrace information)
Command duration or timeout: 0 milliseconds
For documentation on this error, please visit: http://seleniumhq.org/exceptions/no_such_element.html
Build info: version: &apos;unknown&apos;, revision: &apos;unknown&apos;, time: &apos;unknown&apos;
System info: host: &apos;LSPL309-PC&apos;, ip: &apos;192.168.15.129&apos;, os.name: &apos;Windows 10&apos;, os.arch: &apos;amd64&apos;, os.version: &apos;10.0&apos;, java.version: &apos;1.8.0_101&apos;
Driver info: org.openqa.selenium.chrome.ChromeDriver
Capabilities [{mobileEmulationEnabled=false, hasTouchScreen=false, platform=XP, acceptSslCerts=false, goog:chromeOptions={debuggerAddress=localhost:61185}, acceptInsecureCerts=false, webStorageEnabled=true, browserName=chrome, takesScreenshot=true, javascriptEnabled=true, setWindowRect=true, unexpectedAlertBehaviour=ignore, applicationCacheEnabled=false, rotatable=false, networkConnectionEnabled=false, chrome={chromedriverVersion=2.44.609538 (b655c5a60b0b544917107a59d4153d4bf78e1b90), userDataDir=C:\Users\LSPL309\AppData\Local\Temp\scoped_dir21320_1478}, takesHeapSnapshot=true, pageLoadStrategy=normal, unhandledPromptBehavior=ignore, databaseEnabled=false, handlesAlerts=true, version=78.0.3904.108, browserConnectionEnabled=false, nativeEvents=true, locationContextEnabled=true, cssSelectorsEnabled=true}]
Session ID: 1afa540d06353b9be1374f71227e7ccc
*** Element info: {Using=xpath, value=//div[text()=&apos;My Account&apos;]}
	at sun.reflect.NativeConstructorAccessorImpl.newInstance0(Native Method)
	at sun.reflect.NativeConstructorAccessorImpl.newInstance(Unknown Source)
	at sun.reflect.DelegatingConstructorAccessorImpl.newInstance(Unknown Source)
	at java.lang.reflect.Constructor.newInstance(Unknown Source)
	at org.openqa.selenium.remote.ErrorHandler.createThrowable(ErrorHandler.java:215)
	at org.openqa.selenium.remote.ErrorHandler.throwIfResponseFailed(ErrorHandler.java:167)
	at org.openqa.selenium.remote.http.JsonHttpResponseCodec.reconstructValue(JsonHttpResponseCodec.java:40)
	at org.openqa.selenium.remote.http.AbstractHttpResponseCodec.decode(AbstractHttpResponseCodec.java:82)
	at org.openqa.selenium.remote.http.AbstractHttpResponseCodec.decode(AbstractHttpResponseCodec.java:45)
	at org.openqa.selenium.remote.HttpCommandExecutor.execute(HttpCommandExecutor.java:164)
	at org.openqa.selenium.remote.service.DriverCommandExecutor.execute(DriverCommandExecutor.java:82)
	at org.openqa.selenium.remote.RemoteWebDriver.execute(RemoteWebDriver.java:641)
	at org.openqa.selenium.remote.RemoteWebDriver.findElement(RemoteWebDriver.java:414)
	at org.openqa.selenium.remote.RemoteWebDriver.findElementByXPath(RemoteWebDriver.java:513)
	at org.openqa.selenium.By$ByXPath.findElement(By.java:361)
	at org.openqa.selenium.remote.RemoteWebDriver.findElement(RemoteWebDriver.java:406)
	at com.operations.Common.FireClass.FailedTCOperation(FireClass.java:75)
	at com.testcases.driverscripts.Execute_MainScript.ExecuteTest(Execute_MainScript.java:305)
	at sun.reflect.GeneratedMethodAccessor7.invoke(Unknown Source)
	at sun.reflect.DelegatingMethodAccessorImpl.invoke(Unknown Source)
	at java.lang.reflect.Method.invoke(Unknown Source)
	at org.testng.internal.MethodInvocationHelper.invokeMethod(MethodInvocationHelper.java:86)
	at org.testng.internal.Invoker.invokeMethod(Invoker.java:643)
	at org.testng.internal.Invoker.invokeTestMethod(Invoker.java:820)
	at org.testng.internal.Invoker.invokeTestMethods(Invoker.java:1128)
	at org.testng.internal.TestMethodWorker.invokeTestMethods(TestMethodWorker.java:129)
	at org.testng.internal.TestMethodWorker.run(TestMethodWorker.java:112)
	at org.testng.TestRunner.privateRun(TestRunner.java:782)
	at org.testng.TestRunner.run(TestRunner.java:632)
	at org.testng.SuiteRunner.runTest(SuiteRunner.java:366)
	at org.testng.SuiteRunner.runSequentially(SuiteRunner.java:361)
	at org.testng.SuiteRunner.privateRun(SuiteRunner.java:319)
	at org.testng.SuiteRunner.run(SuiteRunner.java:268)
	at org.testng.SuiteRunnerWorker.runSuite(SuiteRunnerWorker.java:52)
	at org.testng.SuiteRunnerWorker.run(SuiteRunnerWorker.java:86)
	at org.testng.TestNG.runSuitesSequentially(TestNG.java:1244)
	at org.testng.TestNG.runSuitesLocally(TestNG.java:1169)
	at org.testng.TestNG.run(TestNG.java:1064)
	at org.testng.remote.AbstractRemoteTestNG.run(AbstractRemoteTestNG.java:114)
	at org.testng.remote.RemoteTestNG.initAndRun(RemoteTestNG.java:251)
	at org.testng.remote.RemoteTestNG.main(RemoteTestNG.java:77)
</pre></div></td>
<td>78</td>
<td>com.testcases.driverscripts.Execute_MainScript@cd2dae5</td></tr>
</table><p>
<table width='100%' border='1' class='invocation-passed'>
<tr><td colspan='4' align='center'><b>PASSED TESTS</b></td></tr>
<tr><td><b>Test method</b></td>
<td width="30%"><b>Exception</b></td>
<td width="10%"><b>Time (seconds)</b></td>
<td><b>Instance</b></td>
</tr>
<tr>
<td title='com.testcases.driverscripts.Execute_MainScript.ExecuteTest()'><b>ExecuteTest</b><br>Test class: com.testcases.driverscripts.Execute_MainScript<br>Parameters: ALL_PAGES, END_TO_END, TC01_Verify_HomePage, View store home, Yes, High</td>
<td></td>
<td>36</td>
<td>com.testcases.driverscripts.Execute_MainScript@cd2dae5</td></tr>
<tr>
<td title='com.testcases.driverscripts.Execute_MainScript.ExecuteTest()'><b>ExecuteTest</b><br>Test class: com.testcases.driverscripts.Execute_MainScript<br>Parameters: ALL_PAGES, END_TO_END, TC02_Verify_HOME_PDP_PLP_CATEGORY, Verify home page, PDP, PLP, search results, cart ,Category - Basic checks, Yes, High</td>
<td></td>
<td>105</td>
<td>com.testcases.driverscripts.Execute_MainScript@cd2dae5</td></tr>
<tr>
<td title='com.testcases.driverscripts.Execute_MainScript.ExecuteTest()'><b>ExecuteTest</b><br>Test class: com.testcases.driverscripts.Execute_MainScript<br>Parameters: ALL_PAGES, END_TO_END, TC03_Verify_BLP_Solutions_ContactUS, 1. Go to home page
2. Verify brands, solutions, resources, contact and about us pages, Search filed and quick order link, Yes, High</td>
<td></td>
<td>38</td>
<td>com.testcases.driverscripts.Execute_MainScript@cd2dae5</td></tr>
<tr>
<td title='com.testcases.driverscripts.Execute_MainScript.ExecuteTest()'><b>ExecuteTest</b><br>Test class: com.testcases.driverscripts.Execute_MainScript<br>Parameters: ALL_PAGES, END_TO_END, TC04_Search_product_not_in_Catalog, Search product not in Catalog , Yes, High</td>
<td></td>
<td>5</td>
<td>com.testcases.driverscripts.Execute_MainScript@cd2dae5</td></tr>
<tr>
<td title='com.testcases.driverscripts.Execute_MainScript.ExecuteTest()'><b>ExecuteTest</b><br>Test class: com.testcases.driverscripts.Execute_MainScript<br>Parameters: ALL_PAGES, END_TO_END, TC05_Search_product_in_Catalog, Search product in Catalog , Yes, High</td>
<td></td>
<td>6</td>
<td>com.testcases.driverscripts.Execute_MainScript@cd2dae5</td></tr>
<tr>
<td title='com.testcases.driverscripts.Execute_MainScript.ExecuteTest()'><b>ExecuteTest</b><br>Test class: com.testcases.driverscripts.Execute_MainScript<br>Parameters: ALL_PAGES, END_TO_END, TC6_SearchResults_Typeahead, 1. when user typing, type ahead should work
2. User should be directed to search results list
3. Dimensions should appear on left, Yes, High</td>
<td></td>
<td>38</td>
<td>com.testcases.driverscripts.Execute_MainScript@cd2dae5</td></tr>
<tr>
<td title='com.testcases.driverscripts.Execute_MainScript.ExecuteTest()'><b>ExecuteTest</b><br>Test class: com.testcases.driverscripts.Execute_MainScript<br>Parameters: ALL_PAGES, END_TO_END, TC07_SearchCategory, User should be directed to category page, Yes, High</td>
<td></td>
<td>28</td>
<td>com.testcases.driverscripts.Execute_MainScript@cd2dae5</td></tr>
<tr>
<td title='com.testcases.driverscripts.Execute_MainScript.ExecuteTest()'><b>ExecuteTest</b><br>Test class: com.testcases.driverscripts.Execute_MainScript<br>Parameters: ALL_PAGES, END_TO_END, TC08_VerifyProductListPLP, Should display products list, Yes, High</td>
<td></td>
<td>42</td>
<td>com.testcases.driverscripts.Execute_MainScript@cd2dae5</td></tr>
<tr>
<td title='com.testcases.driverscripts.Execute_MainScript.ExecuteTest()'><b>ExecuteTest</b><br>Test class: com.testcases.driverscripts.Execute_MainScript<br>Parameters: ALL_PAGES, END_TO_END, TC09_Verify_Documented_Savings, Article should display, Yes, High</td>
<td></td>
<td>14</td>
<td>com.testcases.driverscripts.Execute_MainScript@cd2dae5</td></tr>
<tr>
<td title='com.testcases.driverscripts.Execute_MainScript.ExecuteTest()'><b>ExecuteTest</b><br>Test class: com.testcases.driverscripts.Execute_MainScript<br>Parameters: ALL_PAGES, END_TO_END, TC10_Verify_Search_results, Search results must display, Yes, High</td>
<td></td>
<td>22</td>
<td>com.testcases.driverscripts.Execute_MainScript@cd2dae5</td></tr>
<tr>
<td title='com.testcases.driverscripts.Execute_MainScript.ExecuteTest()'><b>ExecuteTest</b><br>Test class: com.testcases.driverscripts.Execute_MainScript<br>Parameters: ALL_PAGES, END_TO_END, TC11_Verify_PDP_From_Search_results, PDP should display, Yes, High</td>
<td></td>
<td>18</td>
<td>com.testcases.driverscripts.Execute_MainScript@cd2dae5</td></tr>
<tr>
<td title='com.testcases.driverscripts.Execute_MainScript.ExecuteTest()'><b>ExecuteTest</b><br>Test class: com.testcases.driverscripts.Execute_MainScript<br>Parameters: ALL_PAGES, END_TO_END, TC12_Verify_AddToCart_from_PDP, 1. Item should be added to cart
2. Appropriate inventory message must be displayed, Yes, High</td>
<td></td>
<td>79</td>
<td>com.testcases.driverscripts.Execute_MainScript@cd2dae5</td></tr>
<tr>
<td title='com.testcases.driverscripts.Execute_MainScript.ExecuteTest()'><b>ExecuteTest</b><br>Test class: com.testcases.driverscripts.Execute_MainScript<br>Parameters: ALL_PAGES, END_TO_END, TC13_Verify_Search_Dimensions, Search results should appear
Dimensions appear on left, Yes, High</td>
<td></td>
<td>12</td>
<td>com.testcases.driverscripts.Execute_MainScript@cd2dae5</td></tr>
<tr>
<td title='com.testcases.driverscripts.Execute_MainScript.ExecuteTest()'><b>ExecuteTest</b><br>Test class: com.testcases.driverscripts.Execute_MainScript<br>Parameters: ALL_PAGES, END_TO_END, TC14_Verify_AddToCart_from_Search, Item should be added to cart, Yes, High</td>
<td></td>
<td>18</td>
<td>com.testcases.driverscripts.Execute_MainScript@cd2dae5</td></tr>
<tr>
<td title='com.testcases.driverscripts.Execute_MainScript.ExecuteTest()'><b>ExecuteTest</b><br>Test class: com.testcases.driverscripts.Execute_MainScript<br>Parameters: ALL_PAGES, END_TO_END, TC15_Verify_ViewFullCart, 1. Cart should display
2. All items in cart must have pricing, Yes, High</td>
<td></td>
<td>93</td>
<td>com.testcases.driverscripts.Execute_MainScript@cd2dae5</td></tr>
<tr>
<td title='com.testcases.driverscripts.Execute_MainScript.ExecuteTest()'><b>ExecuteTest</b><br>Test class: com.testcases.driverscripts.Execute_MainScript<br>Parameters: ALL_PAGES, END_TO_END, TC16_Update_Quantity_CartPage, Items  and price must update, Yes, High</td>
<td></td>
<td>95</td>
<td>com.testcases.driverscripts.Execute_MainScript@cd2dae5</td></tr>
<tr>
<td title='com.testcases.driverscripts.Execute_MainScript.ExecuteTest()'><b>ExecuteTest</b><br>Test class: com.testcases.driverscripts.Execute_MainScript<br>Parameters: ALL_PAGES, END_TO_END, TC17_Verify_CheckoutButton, Items  and price must update, Yes, High</td>
<td></td>
<td>98</td>
<td>com.testcases.driverscripts.Execute_MainScript@cd2dae5</td></tr>
<tr>
<td title='com.testcases.driverscripts.Execute_MainScript.ExecuteTest()'><b>ExecuteTest</b><br>Test class: com.testcases.driverscripts.Execute_MainScript<br>Parameters: ALL_PAGES, END_TO_END, TC18_Verify_ShippingPage, Shipping page must appear, Yes, High</td>
<td></td>
<td>103</td>
<td>com.testcases.driverscripts.Execute_MainScript@cd2dae5</td></tr>
<tr>
<td title='com.testcases.driverscripts.Execute_MainScript.ExecuteTest()'><b>ExecuteTest</b><br>Test class: com.testcases.driverscripts.Execute_MainScript<br>Parameters: ALL_PAGES, END_TO_END, TC19_Verify_ShippingMethod, Shipping method page should display, Yes, High</td>
<td></td>
<td>119</td>
<td>com.testcases.driverscripts.Execute_MainScript@cd2dae5</td></tr>
<tr>
<td title='com.testcases.driverscripts.Execute_MainScript.ExecuteTest()'><b>ExecuteTest</b><br>Test class: com.testcases.driverscripts.Execute_MainScript<br>Parameters: ALL_PAGES, END_TO_END, TC20_21_Verify_BillingPage, 1. Billing page should appear
2. User should be able to add credit card successfully
3.User must be navigated to final check out page, Yes, High</td>
<td></td>
<td>156</td>
<td>com.testcases.driverscripts.Execute_MainScript@cd2dae5</td></tr>
<tr>
<td title='com.testcases.driverscripts.Execute_MainScript.ExecuteTest()'><b>ExecuteTest</b><br>Test class: com.testcases.driverscripts.Execute_MainScript<br>Parameters: ALL_PAGES, END_TO_END, TC22_Verify_PlaceOrder, Order should be placed successfully, Yes, High</td>
<td></td>
<td>150</td>
<td>com.testcases.driverscripts.Execute_MainScript@cd2dae5</td></tr>
<tr>
<td title='com.testcases.driverscripts.Execute_MainScript.ExecuteTest()'><b>ExecuteTest</b><br>Test class: com.testcases.driverscripts.Execute_MainScript<br>Parameters: ALL_PAGES, END_TO_END, TC02_Verify_MYACC, Verify Myaccounts Section, Yes, High</td>
<td></td>
<td>64</td>
<td>com.testcases.driverscripts.Execute_MainScript@cd2dae5</td></tr>
<tr>
<td title='com.testcases.driverscripts.Execute_MainScript.ExecuteTest()'><b>ExecuteTest</b><br>Test class: com.testcases.driverscripts.Execute_MainScript<br>Parameters: ALL_PAGES, END_TO_END, TC23_Verify_UserRegistration, User should be registered and logged in, Yes, High</td>
<td></td>
<td>77</td>
<td>com.testcases.driverscripts.Execute_MainScript@cd2dae5</td></tr>
<tr>
<td title='com.testcases.driverscripts.Execute_MainScript.ExecuteTest()'><b>ExecuteTest</b><br>Test class: com.testcases.driverscripts.Execute_MainScript<br>Parameters: ALL_PAGES, END_TO_END, TC24_Verify_PlaceOrder_LoggedIn, Order should be placed successfully, Yes, High</td>
<td></td>
<td>226</td>
<td>com.testcases.driverscripts.Execute_MainScript@cd2dae5</td></tr>
<tr>
<td title='com.testcases.driverscripts.Execute_MainScript.ExecuteTest()'><b>ExecuteTest</b><br>Test class: com.testcases.driverscripts.Execute_MainScript<br>Parameters: ALL_PAGES, END_TO_END, TC27_Verify_Store_room, Products must be added to store room successfully, Yes, High</td>
<td></td>
<td>156</td>
<td>com.testcases.driverscripts.Execute_MainScript@cd2dae5</td></tr>
<tr>
<td title='com.testcases.driverscripts.Execute_MainScript.ExecuteTest()'><b>ExecuteTest</b><br>Test class: com.testcases.driverscripts.Execute_MainScript<br>Parameters: ALL_PAGES, END_TO_END, TC28_Verify_PunchOut_User, Verify Behaviour for PunchOut User, Yes, High</td>
<td></td>
<td>141</td>
<td>com.testcases.driverscripts.Execute_MainScript@cd2dae5</td></tr>
<tr>
<td title='com.testcases.driverscripts.Execute_MainScript.ExecuteTest()'><b>ExecuteTest</b><br>Test class: com.testcases.driverscripts.Execute_MainScript<br>Parameters: ALL_PAGES, END_TO_END, TC29_VerifyALL_Links_Myaccount, All the pages must be displayed, Yes, High</td>
<td></td>
<td>202</td>
<td>com.testcases.driverscripts.Execute_MainScript@cd2dae5</td></tr>
<tr>
<td title='com.testcases.driverscripts.Execute_MainScript.ExecuteTest()'><b>ExecuteTest</b><br>Test class: com.testcases.driverscripts.Execute_MainScript<br>Parameters: ALL_PAGES, END_TO_END, TC30_Search_Typeahead, Type ahead must be displayed, Yes, High</td>
<td></td>
<td>3</td>
<td>com.testcases.driverscripts.Execute_MainScript@cd2dae5</td></tr>
<tr>
<td title='com.testcases.driverscripts.Execute_MainScript.ExecuteTest()'><b>ExecuteTest</b><br>Test class: com.testcases.driverscripts.Execute_MainScript<br>Parameters: ALL_PAGES, END_TO_END, TC31_Verify_login, User should be able to login successfully, Yes, High</td>
<td></td>
<td>43</td>
<td>com.testcases.driverscripts.Execute_MainScript@cd2dae5</td></tr>
<tr>
<td title='com.testcases.driverscripts.Execute_MainScript.ExecuteTest()'><b>ExecuteTest</b><br>Test class: com.testcases.driverscripts.Execute_MainScript<br>Parameters: ALL_PAGES, END_TO_END, TC32_Verify_store_location, 1. Go to site and then go to store location page
2. Search for store
3. Verify the displayed results, Yes, High</td>
<td></td>
<td>65</td>
<td>com.testcases.driverscripts.Execute_MainScript@cd2dae5</td></tr>
</table><p>
</body>
</html>