<!DOCTYPE html>

<html>
  <head>
  <meta charset='utf-8'>
  <title>TestNG reports</title>

    <link type="text/css" href="testng-reports.css" rel="stylesheet" />  
    <script type="text/javascript" src="jquery-1.7.1.min.js"></script>
    <script type="text/javascript" src="testng-reports.js"></script>
    <script type="text/javascript" src="https://www.google.com/jsapi"></script>
    <script type='text/javascript'>
      google.load('visualization', '1', {packages:['table']});
      google.setOnLoadCallback(drawTable);
      var suiteTableInitFunctions = new Array();
      var suiteTableData = new Array();
    </script>
    <!--
      <script type="text/javascript" src="jquery-ui/js/jquery-ui-1.8.16.custom.min.js"></script>
     -->
  </head>

  <body>
    <div class="top-banner-root">
      <span class="top-banner-title-font">Test results</span>
      <br/>
      <span class="top-banner-font-1">1 suite, 2 failed tests</span>
    </div> <!-- top-banner-root -->
    <div class="navigator-root">
      <div class="navigator-suite-header">
        <span>All suites</span>
        <a href="#" class="collapse-all-link" title="Collapse/expand all the suites">
          <img class="collapse-all-icon" src="collapseall.gif">
          </img> <!-- collapse-all-icon -->
        </a> <!-- collapse-all-link -->
      </div> <!-- navigator-suite-header -->
      <div class="suite">
        <div class="rounded-window">
          <div class="suite-header light-rounded-window-top">
            <a href="#" class="navigator-link" panel-name="suite-Suite">
              <span class="suite-name border-failed">Suite</span>
            </a> <!-- navigator-link -->
          </div> <!-- suite-header light-rounded-window-top -->
          <div class="navigator-suite-content">
            <div class="suite-section-title">
              <span>Info</span>
            </div> <!-- suite-section-title -->
            <div class="suite-section-content">
              <ul>
                <li>
                  <a href="#" class="navigator-link " panel-name="test-xml-Suite">
                    <span>D:\ROhit\Rohit\Automation\Demo\KamanCore\TestRun.xml</span>
                  </a> <!-- navigator-link  -->
                </li>
                <li>
                  <a href="#" class="navigator-link " panel-name="testlist-Suite">
                    <span class="test-stats">1 test</span>
                  </a> <!-- navigator-link  -->
                </li>
                <li>
                  <a href="#" class="navigator-link " panel-name="group-Suite">
                    <span>0 groups</span>
                  </a> <!-- navigator-link  -->
                </li>
                <li>
                  <a href="#" class="navigator-link " panel-name="times-Suite">
                    <span>Times</span>
                  </a> <!-- navigator-link  -->
                </li>
                <li>
                  <a href="#" class="navigator-link " panel-name="reporter-Suite">
                    <span>Reporter output</span>
                  </a> <!-- navigator-link  -->
                </li>
                <li>
                  <a href="#" class="navigator-link " panel-name="ignored-methods-Suite">
                    <span>Ignored methods</span>
                  </a> <!-- navigator-link  -->
                </li>
                <li>
                  <a href="#" class="navigator-link " panel-name="chronological-Suite">
                    <span>Chronological view</span>
                  </a> <!-- navigator-link  -->
                </li>
              </ul>
            </div> <!-- suite-section-content -->
            <div class="result-section">
              <div class="suite-section-title">
                <span>Results</span>
              </div> <!-- suite-section-title -->
              <div class="suite-section-content">
                <ul>
                  <li>
                    <span class="method-stats">32 methods, 2 failed,   30 passed</span>
                  </li>
                  <li>
                    <span class="method-list-title failed">Failed methods</span>
                    <span class="show-or-hide-methods failed">
                      <a href="#" panel-name="suite-Suite" class="hide-methods failed suite-Suite"> (hide)</a> <!-- hide-methods failed suite-Suite -->
                      <a href="#" panel-name="suite-Suite" class="show-methods failed suite-Suite"> (show)</a> <!-- show-methods failed suite-Suite -->
                    </span>
                    <div class="method-list-content failed suite-Suite">
                      <span>
                        <img width="3%" src="failed.png"/>
                        <a href="#" class="method navigator-link" panel-name="suite-Suite" title="com.testcases.driverscripts.Execute_MainScript" hash-for-method="ExecuteTest(ALL_PAGES, END_TO_END, TC26_Verify_Clear_Cart, All the items must be removed from the cart, Yes, Hig...)">ExecuteTest(ALL_PAGES, END_TO_END, TC26_Verify_Clear_Cart, All the items must be removed from the cart, Yes, Hig...)</a> <!-- method navigator-link -->
                      </span>
                      <br/>
                      <span>
                        <img width="3%" src="failed.png"/>
                        <a href="#" class="method navigator-link" panel-name="suite-Suite" title="com.testcases.driverscripts.Execute_MainScript" hash-for-method="ExecuteTest(ALL_PAGES, END_TO_END, TC25_Verify_product_comparison, User must be navigated to product comparison ...)">ExecuteTest(ALL_PAGES, END_TO_END, TC25_Verify_product_comparison, User must be navigated to product comparison ...)</a> <!-- method navigator-link -->
                      </span>
                      <br/>
                    </div> <!-- method-list-content failed suite-Suite -->
                  </li>
                  <li>
                    <span class="method-list-title passed">Passed methods</span>
                    <span class="show-or-hide-methods passed">
                      <a href="#" panel-name="suite-Suite" class="hide-methods passed suite-Suite"> (hide)</a> <!-- hide-methods passed suite-Suite -->
                      <a href="#" panel-name="suite-Suite" class="show-methods passed suite-Suite"> (show)</a> <!-- show-methods passed suite-Suite -->
                    </span>
                    <div class="method-list-content passed suite-Suite">
                      <span>
                        <img width="3%" src="passed.png"/>
                        <a href="#" class="method navigator-link" panel-name="suite-Suite" title="com.testcases.driverscripts.Execute_MainScript" hash-for-method="ExecuteTest(ALL_PAGES, END_TO_END, TC16_Update_Quantity_CartPage, Items  and price must update, Yes, High)">ExecuteTest(ALL_PAGES, END_TO_END, TC16_Update_Quantity_CartPage, Items  and price must update, Yes, High)</a> <!-- method navigator-link -->
                      </span>
                      <br/>
                      <span>
                        <img width="3%" src="passed.png"/>
                        <a href="#" class="method navigator-link" panel-name="suite-Suite" title="com.testcases.driverscripts.Execute_MainScript" hash-for-method="ExecuteTest(ALL_PAGES, END_TO_END, TC01_Verify_HomePage, View store home, Yes, High)">ExecuteTest(ALL_PAGES, END_TO_END, TC01_Verify_HomePage, View store home, Yes, High)</a> <!-- method navigator-link -->
                      </span>
                      <br/>
                      <span>
                        <img width="3%" src="passed.png"/>
                        <a href="#" class="method navigator-link" panel-name="suite-Suite" title="com.testcases.driverscripts.Execute_MainScript" hash-for-method="ExecuteTest(ALL_PAGES, END_TO_END, TC22_Verify_PlaceOrder, Order should be placed successfully, Yes, High)">ExecuteTest(ALL_PAGES, END_TO_END, TC22_Verify_PlaceOrder, Order should be placed successfully, Yes, High)</a> <!-- method navigator-link -->
                      </span>
                      <br/>
                      <span>
                        <img width="3%" src="passed.png"/>
                        <a href="#" class="method navigator-link" panel-name="suite-Suite" title="com.testcases.driverscripts.Execute_MainScript" hash-for-method="ExecuteTest(ALL_PAGES, END_TO_END, TC10_Verify_Search_results, Search results must display, Yes, High)">ExecuteTest(ALL_PAGES, END_TO_END, TC10_Verify_Search_results, Search results must display, Yes, High)</a> <!-- method navigator-link -->
                      </span>
                      <br/>
                      <span>
                        <img width="3%" src="passed.png"/>
                        <a href="#" class="method navigator-link" panel-name="suite-Suite" title="com.testcases.driverscripts.Execute_MainScript" hash-for-method="ExecuteTest(ALL_PAGES, END_TO_END, TC18_Verify_ShippingPage, Shipping page must appear, Yes, High)">ExecuteTest(ALL_PAGES, END_TO_END, TC18_Verify_ShippingPage, Shipping page must appear, Yes, High)</a> <!-- method navigator-link -->
                      </span>
                      <br/>
                      <span>
                        <img width="3%" src="passed.png"/>
                        <a href="#" class="method navigator-link" panel-name="suite-Suite" title="com.testcases.driverscripts.Execute_MainScript" hash-for-method="ExecuteTest(ALL_PAGES, END_TO_END, TC29_VerifyALL_Links_Myaccount, All the pages must be displayed, Yes, High)">ExecuteTest(ALL_PAGES, END_TO_END, TC29_VerifyALL_Links_Myaccount, All the pages must be displayed, Yes, High)</a> <!-- method navigator-link -->
                      </span>
                      <br/>
                      <span>
                        <img width="3%" src="passed.png"/>
                        <a href="#" class="method navigator-link" panel-name="suite-Suite" title="com.testcases.driverscripts.Execute_MainScript" hash-for-method="ExecuteTest(ALL_PAGES, END_TO_END, TC32_Verify_store_location, 1. Go to site and then go to store location page
...)">ExecuteTest(ALL_PAGES, END_TO_END, TC32_Verify_store_location, 1. Go to site and then go to store location page
...)</a> <!-- method navigator-link -->
                      </span>
                      <br/>
                      <span>
                        <img width="3%" src="passed.png"/>
                        <a href="#" class="method navigator-link" panel-name="suite-Suite" title="com.testcases.driverscripts.Execute_MainScript" hash-for-method="ExecuteTest(ALL_PAGES, END_TO_END, TC13_Verify_Search_Dimensions, Search results should appear
Dimensions appear...)">ExecuteTest(ALL_PAGES, END_TO_END, TC13_Verify_Search_Dimensions, Search results should appear
Dimensions appear...)</a> <!-- method navigator-link -->
                      </span>
                      <br/>
                      <span>
                        <img width="3%" src="passed.png"/>
                        <a href="#" class="method navigator-link" panel-name="suite-Suite" title="com.testcases.driverscripts.Execute_MainScript" hash-for-method="ExecuteTest(ALL_PAGES, END_TO_END, TC03_Verify_BLP_Solutions_ContactUS, 1. Go to home page
2. Verify brands, sol...)">ExecuteTest(ALL_PAGES, END_TO_END, TC03_Verify_BLP_Solutions_ContactUS, 1. Go to home page
2. Verify brands, sol...)</a> <!-- method navigator-link -->
                      </span>
                      <br/>
                      <span>
                        <img width="3%" src="passed.png"/>
                        <a href="#" class="method navigator-link" panel-name="suite-Suite" title="com.testcases.driverscripts.Execute_MainScript" hash-for-method="ExecuteTest(ALL_PAGES, END_TO_END, TC04_Search_product_not_in_Catalog, Search product not in Catalog , Yes, High)">ExecuteTest(ALL_PAGES, END_TO_END, TC04_Search_product_not_in_Catalog, Search product not in Catalog , Yes, High)</a> <!-- method navigator-link -->
                      </span>
                      <br/>
                      <span>
                        <img width="3%" src="passed.png"/>
                        <a href="#" class="method navigator-link" panel-name="suite-Suite" title="com.testcases.driverscripts.Execute_MainScript" hash-for-method="ExecuteTest(ALL_PAGES, END_TO_END, TC28_Verify_PunchOut_User, Verify Behaviour for PunchOut User, Yes, High)">ExecuteTest(ALL_PAGES, END_TO_END, TC28_Verify_PunchOut_User, Verify Behaviour for PunchOut User, Yes, High)</a> <!-- method navigator-link -->
                      </span>
                      <br/>
                      <span>
                        <img width="3%" src="passed.png"/>
                        <a href="#" class="method navigator-link" panel-name="suite-Suite" title="com.testcases.driverscripts.Execute_MainScript" hash-for-method="ExecuteTest(ALL_PAGES, END_TO_END, TC31_Verify_login, User should be able to login successfully, Yes, High)">ExecuteTest(ALL_PAGES, END_TO_END, TC31_Verify_login, User should be able to login successfully, Yes, High)</a> <!-- method navigator-link -->
                      </span>
                      <br/>
                      <span>
                        <img width="3%" src="passed.png"/>
                        <a href="#" class="method navigator-link" panel-name="suite-Suite" title="com.testcases.driverscripts.Execute_MainScript" hash-for-method="ExecuteTest(ALL_PAGES, END_TO_END, TC07_SearchCategory, User should be directed to category page, Yes, High)">ExecuteTest(ALL_PAGES, END_TO_END, TC07_SearchCategory, User should be directed to category page, Yes, High)</a> <!-- method navigator-link -->
                      </span>
                      <br/>
                      <span>
                        <img width="3%" src="passed.png"/>
                        <a href="#" class="method navigator-link" panel-name="suite-Suite" title="com.testcases.driverscripts.Execute_MainScript" hash-for-method="ExecuteTest(ALL_PAGES, END_TO_END, TC02_Verify_HOME_PDP_PLP_CATEGORY, Verify home page, PDP, PLP, search results...)">ExecuteTest(ALL_PAGES, END_TO_END, TC02_Verify_HOME_PDP_PLP_CATEGORY, Verify home page, PDP, PLP, search results...)</a> <!-- method navigator-link -->
                      </span>
                      <br/>
                      <span>
                        <img width="3%" src="passed.png"/>
                        <a href="#" class="method navigator-link" panel-name="suite-Suite" title="com.testcases.driverscripts.Execute_MainScript" hash-for-method="ExecuteTest(ALL_PAGES, END_TO_END, TC14_Verify_AddToCart_from_Search, Item should be added to cart, Yes, High)">ExecuteTest(ALL_PAGES, END_TO_END, TC14_Verify_AddToCart_from_Search, Item should be added to cart, Yes, High)</a> <!-- method navigator-link -->
                      </span>
                      <br/>
                      <span>
                        <img width="3%" src="passed.png"/>
                        <a href="#" class="method navigator-link" panel-name="suite-Suite" title="com.testcases.driverscripts.Execute_MainScript" hash-for-method="ExecuteTest(ALL_PAGES, END_TO_END, TC02_Verify_MYACC, Verify Myaccounts Section, Yes, High)">ExecuteTest(ALL_PAGES, END_TO_END, TC02_Verify_MYACC, Verify Myaccounts Section, Yes, High)</a> <!-- method navigator-link -->
                      </span>
                      <br/>
                      <span>
                        <img width="3%" src="passed.png"/>
                        <a href="#" class="method navigator-link" panel-name="suite-Suite" title="com.testcases.driverscripts.Execute_MainScript" hash-for-method="ExecuteTest(ALL_PAGES, END_TO_END, TC09_Verify_Documented_Savings, Article should display, Yes, High)">ExecuteTest(ALL_PAGES, END_TO_END, TC09_Verify_Documented_Savings, Article should display, Yes, High)</a> <!-- method navigator-link -->
                      </span>
                      <br/>
                      <span>
                        <img width="3%" src="passed.png"/>
                        <a href="#" class="method navigator-link" panel-name="suite-Suite" title="com.testcases.driverscripts.Execute_MainScript" hash-for-method="ExecuteTest(ALL_PAGES, END_TO_END, TC05_Search_product_in_Catalog, Search product in Catalog , Yes, High)">ExecuteTest(ALL_PAGES, END_TO_END, TC05_Search_product_in_Catalog, Search product in Catalog , Yes, High)</a> <!-- method navigator-link -->
                      </span>
                      <br/>
                      <span>
                        <img width="3%" src="passed.png"/>
                        <a href="#" class="method navigator-link" panel-name="suite-Suite" title="com.testcases.driverscripts.Execute_MainScript" hash-for-method="ExecuteTest(ALL_PAGES, END_TO_END, TC30_Search_Typeahead, Type ahead must be displayed, Yes, High)">ExecuteTest(ALL_PAGES, END_TO_END, TC30_Search_Typeahead, Type ahead must be displayed, Yes, High)</a> <!-- method navigator-link -->
                      </span>
                      <br/>
                      <span>
                        <img width="3%" src="passed.png"/>
                        <a href="#" class="method navigator-link" panel-name="suite-Suite" title="com.testcases.driverscripts.Execute_MainScript" hash-for-method="ExecuteTest(ALL_PAGES, END_TO_END, TC20_21_Verify_BillingPage, 1. Billing page should appear
2. User should be a...)">ExecuteTest(ALL_PAGES, END_TO_END, TC20_21_Verify_BillingPage, 1. Billing page should appear
2. User should be a...)</a> <!-- method navigator-link -->
                      </span>
                      <br/>
                      <span>
                        <img width="3%" src="passed.png"/>
                        <a href="#" class="method navigator-link" panel-name="suite-Suite" title="com.testcases.driverscripts.Execute_MainScript" hash-for-method="ExecuteTest(ALL_PAGES, END_TO_END, TC24_Verify_PlaceOrder_LoggedIn, Order should be placed successfully, Yes, Hi...)">ExecuteTest(ALL_PAGES, END_TO_END, TC24_Verify_PlaceOrder_LoggedIn, Order should be placed successfully, Yes, Hi...)</a> <!-- method navigator-link -->
                      </span>
                      <br/>
                      <span>
                        <img width="3%" src="passed.png"/>
                        <a href="#" class="method navigator-link" panel-name="suite-Suite" title="com.testcases.driverscripts.Execute_MainScript" hash-for-method="ExecuteTest(ALL_PAGES, END_TO_END, TC08_VerifyProductListPLP, Should display products list, Yes, High)">ExecuteTest(ALL_PAGES, END_TO_END, TC08_VerifyProductListPLP, Should display products list, Yes, High)</a> <!-- method navigator-link -->
                      </span>
                      <br/>
                      <span>
                        <img width="3%" src="passed.png"/>
                        <a href="#" class="method navigator-link" panel-name="suite-Suite" title="com.testcases.driverscripts.Execute_MainScript" hash-for-method="ExecuteTest(ALL_PAGES, END_TO_END, TC19_Verify_ShippingMethod, Shipping method page should display, Yes, High)">ExecuteTest(ALL_PAGES, END_TO_END, TC19_Verify_ShippingMethod, Shipping method page should display, Yes, High)</a> <!-- method navigator-link -->
                      </span>
                      <br/>
                      <span>
                        <img width="3%" src="passed.png"/>
                        <a href="#" class="method navigator-link" panel-name="suite-Suite" title="com.testcases.driverscripts.Execute_MainScript" hash-for-method="ExecuteTest(ALL_PAGES, END_TO_END, TC17_Verify_CheckoutButton, Items  and price must update, Yes, High)">ExecuteTest(ALL_PAGES, END_TO_END, TC17_Verify_CheckoutButton, Items  and price must update, Yes, High)</a> <!-- method navigator-link -->
                      </span>
                      <br/>
                      <span>
                        <img width="3%" src="passed.png"/>
                        <a href="#" class="method navigator-link" panel-name="suite-Suite" title="com.testcases.driverscripts.Execute_MainScript" hash-for-method="ExecuteTest(ALL_PAGES, END_TO_END, TC6_SearchResults_Typeahead, 1. when user typing, type ahead should work
2. U...)">ExecuteTest(ALL_PAGES, END_TO_END, TC6_SearchResults_Typeahead, 1. when user typing, type ahead should work
2. U...)</a> <!-- method navigator-link -->
                      </span>
                      <br/>
                      <span>
                        <img width="3%" src="passed.png"/>
                        <a href="#" class="method navigator-link" panel-name="suite-Suite" title="com.testcases.driverscripts.Execute_MainScript" hash-for-method="ExecuteTest(ALL_PAGES, END_TO_END, TC11_Verify_PDP_From_Search_results, PDP should display, Yes, High)">ExecuteTest(ALL_PAGES, END_TO_END, TC11_Verify_PDP_From_Search_results, PDP should display, Yes, High)</a> <!-- method navigator-link -->
                      </span>
                      <br/>
                      <span>
                        <img width="3%" src="passed.png"/>
                        <a href="#" class="method navigator-link" panel-name="suite-Suite" title="com.testcases.driverscripts.Execute_MainScript" hash-for-method="ExecuteTest(ALL_PAGES, END_TO_END, TC15_Verify_ViewFullCart, 1. Cart should display
2. All items in cart must ha...)">ExecuteTest(ALL_PAGES, END_TO_END, TC15_Verify_ViewFullCart, 1. Cart should display
2. All items in cart must ha...)</a> <!-- method navigator-link -->
                      </span>
                      <br/>
                      <span>
                        <img width="3%" src="passed.png"/>
                        <a href="#" class="method navigator-link" panel-name="suite-Suite" title="com.testcases.driverscripts.Execute_MainScript" hash-for-method="ExecuteTest(ALL_PAGES, END_TO_END, TC23_Verify_UserRegistration, User should be registered and logged in, Yes, H...)">ExecuteTest(ALL_PAGES, END_TO_END, TC23_Verify_UserRegistration, User should be registered and logged in, Yes, H...)</a> <!-- method navigator-link -->
                      </span>
                      <br/>
                      <span>
                        <img width="3%" src="passed.png"/>
                        <a href="#" class="method navigator-link" panel-name="suite-Suite" title="com.testcases.driverscripts.Execute_MainScript" hash-for-method="ExecuteTest(ALL_PAGES, END_TO_END, TC27_Verify_Store_room, Products must be added to store room successfully, Ye...)">ExecuteTest(ALL_PAGES, END_TO_END, TC27_Verify_Store_room, Products must be added to store room successfully, Ye...)</a> <!-- method navigator-link -->
                      </span>
                      <br/>
                      <span>
                        <img width="3%" src="passed.png"/>
                        <a href="#" class="method navigator-link" panel-name="suite-Suite" title="com.testcases.driverscripts.Execute_MainScript" hash-for-method="ExecuteTest(ALL_PAGES, END_TO_END, TC12_Verify_AddToCart_from_PDP, 1. Item should be added to cart
2. Appropriat...)">ExecuteTest(ALL_PAGES, END_TO_END, TC12_Verify_AddToCart_from_PDP, 1. Item should be added to cart
2. Appropriat...)</a> <!-- method navigator-link -->
                      </span>
                      <br/>
                    </div> <!-- method-list-content passed suite-Suite -->
                  </li>
                </ul>
              </div> <!-- suite-section-content -->
            </div> <!-- result-section -->
          </div> <!-- navigator-suite-content -->
        </div> <!-- rounded-window -->
      </div> <!-- suite -->
    </div> <!-- navigator-root -->
    <div class="wrapper">
      <div class="main-panel-root">
        <div panel-name="suite-Suite" class="panel Suite">
          <div class="suite-Suite-class-failed">
            <div class="main-panel-header rounded-window-top">
              <img src="failed.png"/>
              <span class="class-name">com.testcases.driverscripts.Execute_MainScript</span>
            </div> <!-- main-panel-header rounded-window-top -->
            <div class="main-panel-content rounded-window-bottom">
              <div class="method">
                <div class="method-content">
                  <a name="ExecuteTest(ALL_PAGES, END_TO_END, TC26_Verify_Clear_Cart, All the items must be removed from the cart, Yes, Hig...)">
                  </a> <!-- ExecuteTest(ALL_PAGES, END_TO_END, TC26_Verify_Clear_Cart, All the items must be removed from the cart, Yes, Hig...) -->
                  <span class="method-name">ExecuteTest</span>
                  <span class="parameters">(ALL_PAGES, END_TO_END, TC26_Verify_Clear_Cart, All the items must be removed from the cart, Yes, High)</span>
                  <div class="stack-trace">org.openqa.selenium.NoSuchElementException: no such element: Unable to locate element: {&quot;method&quot;:&quot;xpath&quot;,&quot;selector&quot;:&quot;//div[text()=&apos;My Account&apos;]&quot;}
  (Session info: chrome=78.0.3904.108)
  (Driver info: chromedriver=2.44.609538 (b655c5a60b0b544917107a59d4153d4bf78e1b90),platform=Windows NT 10.0.18362 x86_64) (WARNING: The server did not provide any stacktrace information)
Command duration or timeout: 0 milliseconds
For documentation on this error, please visit: http://seleniumhq.org/exceptions/no_such_element.html
Build info: version: &apos;unknown&apos;, revision: &apos;unknown&apos;, time: &apos;unknown&apos;
System info: host: &apos;LSPL309-PC&apos;, ip: &apos;192.168.15.129&apos;, os.name: &apos;Windows 10&apos;, os.arch: &apos;amd64&apos;, os.version: &apos;10.0&apos;, java.version: &apos;1.8.0_101&apos;
Driver info: org.openqa.selenium.chrome.ChromeDriver
Capabilities [{mobileEmulationEnabled=false, hasTouchScreen=false, platform=XP, acceptSslCerts=false, goog:chromeOptions={debuggerAddress=localhost:61185}, acceptInsecureCerts=false, webStorageEnabled=true, browserName=chrome, takesScreenshot=true, javascriptEnabled=true, setWindowRect=true, unexpectedAlertBehaviour=ignore, applicationCacheEnabled=false, rotatable=false, networkConnectionEnabled=false, chrome={chromedriverVersion=2.44.609538 (b655c5a60b0b544917107a59d4153d4bf78e1b90), userDataDir=C:\Users\LSPL309\AppData\Local\Temp\scoped_dir21320_1478}, takesHeapSnapshot=true, pageLoadStrategy=normal, unhandledPromptBehavior=ignore, databaseEnabled=false, handlesAlerts=true, version=78.0.3904.108, browserConnectionEnabled=false, nativeEvents=true, locationContextEnabled=true, cssSelectorsEnabled=true}]
Session ID: 1afa540d06353b9be1374f71227e7ccc
*** Element info: {Using=xpath, value=//div[text()=&apos;My Account&apos;]}
	at org.openqa.selenium.remote.ErrorHandler.createThrowable(ErrorHandler.java:215)
	at org.openqa.selenium.remote.ErrorHandler.throwIfResponseFailed(ErrorHandler.java:167)
	at org.openqa.selenium.remote.http.JsonHttpResponseCodec.reconstructValue(JsonHttpResponseCodec.java:40)
	at org.openqa.selenium.remote.http.AbstractHttpResponseCodec.decode(AbstractHttpResponseCodec.java:82)
	at org.openqa.selenium.remote.http.AbstractHttpResponseCodec.decode(AbstractHttpResponseCodec.java:45)
	at org.openqa.selenium.remote.HttpCommandExecutor.execute(HttpCommandExecutor.java:164)
	at org.openqa.selenium.remote.service.DriverCommandExecutor.execute(DriverCommandExecutor.java:82)
	at org.openqa.selenium.remote.RemoteWebDriver.execute(RemoteWebDriver.java:641)
	at org.openqa.selenium.remote.RemoteWebDriver.findElement(RemoteWebDriver.java:414)
	at org.openqa.selenium.remote.RemoteWebDriver.findElementByXPath(RemoteWebDriver.java:513)
	at org.openqa.selenium.By$ByXPath.findElement(By.java:361)
	at org.openqa.selenium.remote.RemoteWebDriver.findElement(RemoteWebDriver.java:406)
	at com.operations.Common.FireClass.FailedTCOperation(FireClass.java:75)
	at com.testcases.driverscripts.Execute_MainScript.ExecuteTest(Execute_MainScript.java:305)
... Removed 27 stack frames
</div> <!-- stack-trace -->
                </div> <!-- method-content -->
              </div> <!-- method -->
              <div class="method">
                <div class="method-content">
                  <a name="ExecuteTest(ALL_PAGES, END_TO_END, TC25_Verify_product_comparison, User must be navigated to product comparison ...)">
                  </a> <!-- ExecuteTest(ALL_PAGES, END_TO_END, TC25_Verify_product_comparison, User must be navigated to product comparison ...) -->
                  <span class="method-name">ExecuteTest</span>
                  <span class="parameters">(ALL_PAGES, END_TO_END, TC25_Verify_product_comparison, User must be navigated to product comparison page, Yes, High)</span>
                  <div class="stack-trace">org.openqa.selenium.NoSuchElementException: no such element: Unable to locate element: {&quot;method&quot;:&quot;xpath&quot;,&quot;selector&quot;:&quot;//div[text()=&apos;My Account&apos;]&quot;}
  (Session info: chrome=78.0.3904.108)
  (Driver info: chromedriver=2.44.609538 (b655c5a60b0b544917107a59d4153d4bf78e1b90),platform=Windows NT 10.0.18362 x86_64) (WARNING: The server did not provide any stacktrace information)
Command duration or timeout: 0 milliseconds
For documentation on this error, please visit: http://seleniumhq.org/exceptions/no_such_element.html
Build info: version: &apos;unknown&apos;, revision: &apos;unknown&apos;, time: &apos;unknown&apos;
System info: host: &apos;LSPL309-PC&apos;, ip: &apos;192.168.15.129&apos;, os.name: &apos;Windows 10&apos;, os.arch: &apos;amd64&apos;, os.version: &apos;10.0&apos;, java.version: &apos;1.8.0_101&apos;
Driver info: org.openqa.selenium.chrome.ChromeDriver
Capabilities [{mobileEmulationEnabled=false, hasTouchScreen=false, platform=XP, acceptSslCerts=false, goog:chromeOptions={debuggerAddress=localhost:61185}, acceptInsecureCerts=false, webStorageEnabled=true, browserName=chrome, takesScreenshot=true, javascriptEnabled=true, setWindowRect=true, unexpectedAlertBehaviour=ignore, applicationCacheEnabled=false, rotatable=false, networkConnectionEnabled=false, chrome={chromedriverVersion=2.44.609538 (b655c5a60b0b544917107a59d4153d4bf78e1b90), userDataDir=C:\Users\LSPL309\AppData\Local\Temp\scoped_dir21320_1478}, takesHeapSnapshot=true, pageLoadStrategy=normal, unhandledPromptBehavior=ignore, databaseEnabled=false, handlesAlerts=true, version=78.0.3904.108, browserConnectionEnabled=false, nativeEvents=true, locationContextEnabled=true, cssSelectorsEnabled=true}]
Session ID: 1afa540d06353b9be1374f71227e7ccc
*** Element info: {Using=xpath, value=//div[text()=&apos;My Account&apos;]}
	at org.openqa.selenium.remote.ErrorHandler.createThrowable(ErrorHandler.java:215)
	at org.openqa.selenium.remote.ErrorHandler.throwIfResponseFailed(ErrorHandler.java:167)
	at org.openqa.selenium.remote.http.JsonHttpResponseCodec.reconstructValue(JsonHttpResponseCodec.java:40)
	at org.openqa.selenium.remote.http.AbstractHttpResponseCodec.decode(AbstractHttpResponseCodec.java:82)
	at org.openqa.selenium.remote.http.AbstractHttpResponseCodec.decode(AbstractHttpResponseCodec.java:45)
	at org.openqa.selenium.remote.HttpCommandExecutor.execute(HttpCommandExecutor.java:164)
	at org.openqa.selenium.remote.service.DriverCommandExecutor.execute(DriverCommandExecutor.java:82)
	at org.openqa.selenium.remote.RemoteWebDriver.execute(RemoteWebDriver.java:641)
	at org.openqa.selenium.remote.RemoteWebDriver.findElement(RemoteWebDriver.java:414)
	at org.openqa.selenium.remote.RemoteWebDriver.findElementByXPath(RemoteWebDriver.java:513)
	at org.openqa.selenium.By$ByXPath.findElement(By.java:361)
	at org.openqa.selenium.remote.RemoteWebDriver.findElement(RemoteWebDriver.java:406)
	at com.operations.Common.FireClass.FailedTCOperation(FireClass.java:75)
	at com.testcases.driverscripts.Execute_MainScript.ExecuteTest(Execute_MainScript.java:305)
... Removed 27 stack frames
</div> <!-- stack-trace -->
                </div> <!-- method-content -->
              </div> <!-- method -->
            </div> <!-- main-panel-content rounded-window-bottom -->
          </div> <!-- suite-Suite-class-failed -->
          <div class="suite-Suite-class-passed">
            <div class="main-panel-header rounded-window-top">
              <img src="passed.png"/>
              <span class="class-name">com.testcases.driverscripts.Execute_MainScript</span>
            </div> <!-- main-panel-header rounded-window-top -->
            <div class="main-panel-content rounded-window-bottom">
              <div class="method">
                <div class="method-content">
                  <a name="ExecuteTest(ALL_PAGES, END_TO_END, TC16_Update_Quantity_CartPage, Items  and price must update, Yes, High)">
                  </a> <!-- ExecuteTest(ALL_PAGES, END_TO_END, TC16_Update_Quantity_CartPage, Items  and price must update, Yes, High) -->
                  <span class="method-name">ExecuteTest</span>
                  <span class="parameters">(ALL_PAGES, END_TO_END, TC16_Update_Quantity_CartPage, Items  and price must update, Yes, High)</span>
                </div> <!-- method-content -->
              </div> <!-- method -->
              <div class="method">
                <div class="method-content">
                  <a name="ExecuteTest(ALL_PAGES, END_TO_END, TC01_Verify_HomePage, View store home, Yes, High)">
                  </a> <!-- ExecuteTest(ALL_PAGES, END_TO_END, TC01_Verify_HomePage, View store home, Yes, High) -->
                  <span class="method-name">ExecuteTest</span>
                  <span class="parameters">(ALL_PAGES, END_TO_END, TC01_Verify_HomePage, View store home, Yes, High)</span>
                </div> <!-- method-content -->
              </div> <!-- method -->
              <div class="method">
                <div class="method-content">
                  <a name="ExecuteTest(ALL_PAGES, END_TO_END, TC22_Verify_PlaceOrder, Order should be placed successfully, Yes, High)">
                  </a> <!-- ExecuteTest(ALL_PAGES, END_TO_END, TC22_Verify_PlaceOrder, Order should be placed successfully, Yes, High) -->
                  <span class="method-name">ExecuteTest</span>
                  <span class="parameters">(ALL_PAGES, END_TO_END, TC22_Verify_PlaceOrder, Order should be placed successfully, Yes, High)</span>
                </div> <!-- method-content -->
              </div> <!-- method -->
              <div class="method">
                <div class="method-content">
                  <a name="ExecuteTest(ALL_PAGES, END_TO_END, TC10_Verify_Search_results, Search results must display, Yes, High)">
                  </a> <!-- ExecuteTest(ALL_PAGES, END_TO_END, TC10_Verify_Search_results, Search results must display, Yes, High) -->
                  <span class="method-name">ExecuteTest</span>
                  <span class="parameters">(ALL_PAGES, END_TO_END, TC10_Verify_Search_results, Search results must display, Yes, High)</span>
                </div> <!-- method-content -->
              </div> <!-- method -->
              <div class="method">
                <div class="method-content">
                  <a name="ExecuteTest(ALL_PAGES, END_TO_END, TC18_Verify_ShippingPage, Shipping page must appear, Yes, High)">
                  </a> <!-- ExecuteTest(ALL_PAGES, END_TO_END, TC18_Verify_ShippingPage, Shipping page must appear, Yes, High) -->
                  <span class="method-name">ExecuteTest</span>
                  <span class="parameters">(ALL_PAGES, END_TO_END, TC18_Verify_ShippingPage, Shipping page must appear, Yes, High)</span>
                </div> <!-- method-content -->
              </div> <!-- method -->
              <div class="method">
                <div class="method-content">
                  <a name="ExecuteTest(ALL_PAGES, END_TO_END, TC29_VerifyALL_Links_Myaccount, All the pages must be displayed, Yes, High)">
                  </a> <!-- ExecuteTest(ALL_PAGES, END_TO_END, TC29_VerifyALL_Links_Myaccount, All the pages must be displayed, Yes, High) -->
                  <span class="method-name">ExecuteTest</span>
                  <span class="parameters">(ALL_PAGES, END_TO_END, TC29_VerifyALL_Links_Myaccount, All the pages must be displayed, Yes, High)</span>
                </div> <!-- method-content -->
              </div> <!-- method -->
              <div class="method">
                <div class="method-content">
                  <a name="ExecuteTest(ALL_PAGES, END_TO_END, TC32_Verify_store_location, 1. Go to site and then go to store location page
...)">
                  </a> <!-- ExecuteTest(ALL_PAGES, END_TO_END, TC32_Verify_store_location, 1. Go to site and then go to store location page
...) -->
                  <span class="method-name">ExecuteTest</span>
                  <span class="parameters">(ALL_PAGES, END_TO_END, TC32_Verify_store_location, 1. Go to site and then go to store location page
2. Search for store
3. Verify the displayed results, Yes, High)</span>
                </div> <!-- method-content -->
              </div> <!-- method -->
              <div class="method">
                <div class="method-content">
                  <a name="ExecuteTest(ALL_PAGES, END_TO_END, TC13_Verify_Search_Dimensions, Search results should appear
Dimensions appear...)">
                  </a> <!-- ExecuteTest(ALL_PAGES, END_TO_END, TC13_Verify_Search_Dimensions, Search results should appear
Dimensions appear...) -->
                  <span class="method-name">ExecuteTest</span>
                  <span class="parameters">(ALL_PAGES, END_TO_END, TC13_Verify_Search_Dimensions, Search results should appear
Dimensions appear on left, Yes, High)</span>
                </div> <!-- method-content -->
              </div> <!-- method -->
              <div class="method">
                <div class="method-content">
                  <a name="ExecuteTest(ALL_PAGES, END_TO_END, TC03_Verify_BLP_Solutions_ContactUS, 1. Go to home page
2. Verify brands, sol...)">
                  </a> <!-- ExecuteTest(ALL_PAGES, END_TO_END, TC03_Verify_BLP_Solutions_ContactUS, 1. Go to home page
2. Verify brands, sol...) -->
                  <span class="method-name">ExecuteTest</span>
                  <span class="parameters">(ALL_PAGES, END_TO_END, TC03_Verify_BLP_Solutions_ContactUS, 1. Go to home page
2. Verify brands, solutions, resources, contact and about us pages, Search filed and quick order link, Yes, High)</span>
                </div> <!-- method-content -->
              </div> <!-- method -->
              <div class="method">
                <div class="method-content">
                  <a name="ExecuteTest(ALL_PAGES, END_TO_END, TC04_Search_product_not_in_Catalog, Search product not in Catalog , Yes, High)">
                  </a> <!-- ExecuteTest(ALL_PAGES, END_TO_END, TC04_Search_product_not_in_Catalog, Search product not in Catalog , Yes, High) -->
                  <span class="method-name">ExecuteTest</span>
                  <span class="parameters">(ALL_PAGES, END_TO_END, TC04_Search_product_not_in_Catalog, Search product not in Catalog , Yes, High)</span>
                </div> <!-- method-content -->
              </div> <!-- method -->
              <div class="method">
                <div class="method-content">
                  <a name="ExecuteTest(ALL_PAGES, END_TO_END, TC28_Verify_PunchOut_User, Verify Behaviour for PunchOut User, Yes, High)">
                  </a> <!-- ExecuteTest(ALL_PAGES, END_TO_END, TC28_Verify_PunchOut_User, Verify Behaviour for PunchOut User, Yes, High) -->
                  <span class="method-name">ExecuteTest</span>
                  <span class="parameters">(ALL_PAGES, END_TO_END, TC28_Verify_PunchOut_User, Verify Behaviour for PunchOut User, Yes, High)</span>
                </div> <!-- method-content -->
              </div> <!-- method -->
              <div class="method">
                <div class="method-content">
                  <a name="ExecuteTest(ALL_PAGES, END_TO_END, TC31_Verify_login, User should be able to login successfully, Yes, High)">
                  </a> <!-- ExecuteTest(ALL_PAGES, END_TO_END, TC31_Verify_login, User should be able to login successfully, Yes, High) -->
                  <span class="method-name">ExecuteTest</span>
                  <span class="parameters">(ALL_PAGES, END_TO_END, TC31_Verify_login, User should be able to login successfully, Yes, High)</span>
                </div> <!-- method-content -->
              </div> <!-- method -->
              <div class="method">
                <div class="method-content">
                  <a name="ExecuteTest(ALL_PAGES, END_TO_END, TC07_SearchCategory, User should be directed to category page, Yes, High)">
                  </a> <!-- ExecuteTest(ALL_PAGES, END_TO_END, TC07_SearchCategory, User should be directed to category page, Yes, High) -->
                  <span class="method-name">ExecuteTest</span>
                  <span class="parameters">(ALL_PAGES, END_TO_END, TC07_SearchCategory, User should be directed to category page, Yes, High)</span>
                </div> <!-- method-content -->
              </div> <!-- method -->
              <div class="method">
                <div class="method-content">
                  <a name="ExecuteTest(ALL_PAGES, END_TO_END, TC02_Verify_HOME_PDP_PLP_CATEGORY, Verify home page, PDP, PLP, search results...)">
                  </a> <!-- ExecuteTest(ALL_PAGES, END_TO_END, TC02_Verify_HOME_PDP_PLP_CATEGORY, Verify home page, PDP, PLP, search results...) -->
                  <span class="method-name">ExecuteTest</span>
                  <span class="parameters">(ALL_PAGES, END_TO_END, TC02_Verify_HOME_PDP_PLP_CATEGORY, Verify home page, PDP, PLP, search results, cart ,Category - Basic checks, Yes, High)</span>
                </div> <!-- method-content -->
              </div> <!-- method -->
              <div class="method">
                <div class="method-content">
                  <a name="ExecuteTest(ALL_PAGES, END_TO_END, TC14_Verify_AddToCart_from_Search, Item should be added to cart, Yes, High)">
                  </a> <!-- ExecuteTest(ALL_PAGES, END_TO_END, TC14_Verify_AddToCart_from_Search, Item should be added to cart, Yes, High) -->
                  <span class="method-name">ExecuteTest</span>
                  <span class="parameters">(ALL_PAGES, END_TO_END, TC14_Verify_AddToCart_from_Search, Item should be added to cart, Yes, High)</span>
                </div> <!-- method-content -->
              </div> <!-- method -->
              <div class="method">
                <div class="method-content">
                  <a name="ExecuteTest(ALL_PAGES, END_TO_END, TC02_Verify_MYACC, Verify Myaccounts Section, Yes, High)">
                  </a> <!-- ExecuteTest(ALL_PAGES, END_TO_END, TC02_Verify_MYACC, Verify Myaccounts Section, Yes, High) -->
                  <span class="method-name">ExecuteTest</span>
                  <span class="parameters">(ALL_PAGES, END_TO_END, TC02_Verify_MYACC, Verify Myaccounts Section, Yes, High)</span>
                </div> <!-- method-content -->
              </div> <!-- method -->
              <div class="method">
                <div class="method-content">
                  <a name="ExecuteTest(ALL_PAGES, END_TO_END, TC09_Verify_Documented_Savings, Article should display, Yes, High)">
                  </a> <!-- ExecuteTest(ALL_PAGES, END_TO_END, TC09_Verify_Documented_Savings, Article should display, Yes, High) -->
                  <span class="method-name">ExecuteTest</span>
                  <span class="parameters">(ALL_PAGES, END_TO_END, TC09_Verify_Documented_Savings, Article should display, Yes, High)</span>
                </div> <!-- method-content -->
              </div> <!-- method -->
              <div class="method">
                <div class="method-content">
                  <a name="ExecuteTest(ALL_PAGES, END_TO_END, TC05_Search_product_in_Catalog, Search product in Catalog , Yes, High)">
                  </a> <!-- ExecuteTest(ALL_PAGES, END_TO_END, TC05_Search_product_in_Catalog, Search product in Catalog , Yes, High) -->
                  <span class="method-name">ExecuteTest</span>
                  <span class="parameters">(ALL_PAGES, END_TO_END, TC05_Search_product_in_Catalog, Search product in Catalog , Yes, High)</span>
                </div> <!-- method-content -->
              </div> <!-- method -->
              <div class="method">
                <div class="method-content">
                  <a name="ExecuteTest(ALL_PAGES, END_TO_END, TC30_Search_Typeahead, Type ahead must be displayed, Yes, High)">
                  </a> <!-- ExecuteTest(ALL_PAGES, END_TO_END, TC30_Search_Typeahead, Type ahead must be displayed, Yes, High) -->
                  <span class="method-name">ExecuteTest</span>
                  <span class="parameters">(ALL_PAGES, END_TO_END, TC30_Search_Typeahead, Type ahead must be displayed, Yes, High)</span>
                </div> <!-- method-content -->
              </div> <!-- method -->
              <div class="method">
                <div class="method-content">
                  <a name="ExecuteTest(ALL_PAGES, END_TO_END, TC20_21_Verify_BillingPage, 1. Billing page should appear
2. User should be a...)">
                  </a> <!-- ExecuteTest(ALL_PAGES, END_TO_END, TC20_21_Verify_BillingPage, 1. Billing page should appear
2. User should be a...) -->
                  <span class="method-name">ExecuteTest</span>
                  <span class="parameters">(ALL_PAGES, END_TO_END, TC20_21_Verify_BillingPage, 1. Billing page should appear
2. User should be able to add credit card successfully
3.User must be navigated to final check out page, Yes, High)</span>
                </div> <!-- method-content -->
              </div> <!-- method -->
              <div class="method">
                <div class="method-content">
                  <a name="ExecuteTest(ALL_PAGES, END_TO_END, TC24_Verify_PlaceOrder_LoggedIn, Order should be placed successfully, Yes, Hi...)">
                  </a> <!-- ExecuteTest(ALL_PAGES, END_TO_END, TC24_Verify_PlaceOrder_LoggedIn, Order should be placed successfully, Yes, Hi...) -->
                  <span class="method-name">ExecuteTest</span>
                  <span class="parameters">(ALL_PAGES, END_TO_END, TC24_Verify_PlaceOrder_LoggedIn, Order should be placed successfully, Yes, High)</span>
                </div> <!-- method-content -->
              </div> <!-- method -->
              <div class="method">
                <div class="method-content">
                  <a name="ExecuteTest(ALL_PAGES, END_TO_END, TC08_VerifyProductListPLP, Should display products list, Yes, High)">
                  </a> <!-- ExecuteTest(ALL_PAGES, END_TO_END, TC08_VerifyProductListPLP, Should display products list, Yes, High) -->
                  <span class="method-name">ExecuteTest</span>
                  <span class="parameters">(ALL_PAGES, END_TO_END, TC08_VerifyProductListPLP, Should display products list, Yes, High)</span>
                </div> <!-- method-content -->
              </div> <!-- method -->
              <div class="method">
                <div class="method-content">
                  <a name="ExecuteTest(ALL_PAGES, END_TO_END, TC19_Verify_ShippingMethod, Shipping method page should display, Yes, High)">
                  </a> <!-- ExecuteTest(ALL_PAGES, END_TO_END, TC19_Verify_ShippingMethod, Shipping method page should display, Yes, High) -->
                  <span class="method-name">ExecuteTest</span>
                  <span class="parameters">(ALL_PAGES, END_TO_END, TC19_Verify_ShippingMethod, Shipping method page should display, Yes, High)</span>
                </div> <!-- method-content -->
              </div> <!-- method -->
              <div class="method">
                <div class="method-content">
                  <a name="ExecuteTest(ALL_PAGES, END_TO_END, TC17_Verify_CheckoutButton, Items  and price must update, Yes, High)">
                  </a> <!-- ExecuteTest(ALL_PAGES, END_TO_END, TC17_Verify_CheckoutButton, Items  and price must update, Yes, High) -->
                  <span class="method-name">ExecuteTest</span>
                  <span class="parameters">(ALL_PAGES, END_TO_END, TC17_Verify_CheckoutButton, Items  and price must update, Yes, High)</span>
                </div> <!-- method-content -->
              </div> <!-- method -->
              <div class="method">
                <div class="method-content">
                  <a name="ExecuteTest(ALL_PAGES, END_TO_END, TC6_SearchResults_Typeahead, 1. when user typing, type ahead should work
2. U...)">
                  </a> <!-- ExecuteTest(ALL_PAGES, END_TO_END, TC6_SearchResults_Typeahead, 1. when user typing, type ahead should work
2. U...) -->
                  <span class="method-name">ExecuteTest</span>
                  <span class="parameters">(ALL_PAGES, END_TO_END, TC6_SearchResults_Typeahead, 1. when user typing, type ahead should work
2. User should be directed to search results list
3. Dimensions should appear on left, Yes, High)</span>
                </div> <!-- method-content -->
              </div> <!-- method -->
              <div class="method">
                <div class="method-content">
                  <a name="ExecuteTest(ALL_PAGES, END_TO_END, TC11_Verify_PDP_From_Search_results, PDP should display, Yes, High)">
                  </a> <!-- ExecuteTest(ALL_PAGES, END_TO_END, TC11_Verify_PDP_From_Search_results, PDP should display, Yes, High) -->
                  <span class="method-name">ExecuteTest</span>
                  <span class="parameters">(ALL_PAGES, END_TO_END, TC11_Verify_PDP_From_Search_results, PDP should display, Yes, High)</span>
                </div> <!-- method-content -->
              </div> <!-- method -->
              <div class="method">
                <div class="method-content">
                  <a name="ExecuteTest(ALL_PAGES, END_TO_END, TC15_Verify_ViewFullCart, 1. Cart should display
2. All items in cart must ha...)">
                  </a> <!-- ExecuteTest(ALL_PAGES, END_TO_END, TC15_Verify_ViewFullCart, 1. Cart should display
2. All items in cart must ha...) -->
                  <span class="method-name">ExecuteTest</span>
                  <span class="parameters">(ALL_PAGES, END_TO_END, TC15_Verify_ViewFullCart, 1. Cart should display
2. All items in cart must have pricing, Yes, High)</span>
                </div> <!-- method-content -->
              </div> <!-- method -->
              <div class="method">
                <div class="method-content">
                  <a name="ExecuteTest(ALL_PAGES, END_TO_END, TC23_Verify_UserRegistration, User should be registered and logged in, Yes, H...)">
                  </a> <!-- ExecuteTest(ALL_PAGES, END_TO_END, TC23_Verify_UserRegistration, User should be registered and logged in, Yes, H...) -->
                  <span class="method-name">ExecuteTest</span>
                  <span class="parameters">(ALL_PAGES, END_TO_END, TC23_Verify_UserRegistration, User should be registered and logged in, Yes, High)</span>
                </div> <!-- method-content -->
              </div> <!-- method -->
              <div class="method">
                <div class="method-content">
                  <a name="ExecuteTest(ALL_PAGES, END_TO_END, TC27_Verify_Store_room, Products must be added to store room successfully, Ye...)">
                  </a> <!-- ExecuteTest(ALL_PAGES, END_TO_END, TC27_Verify_Store_room, Products must be added to store room successfully, Ye...) -->
                  <span class="method-name">ExecuteTest</span>
                  <span class="parameters">(ALL_PAGES, END_TO_END, TC27_Verify_Store_room, Products must be added to store room successfully, Yes, High)</span>
                </div> <!-- method-content -->
              </div> <!-- method -->
              <div class="method">
                <div class="method-content">
                  <a name="ExecuteTest(ALL_PAGES, END_TO_END, TC12_Verify_AddToCart_from_PDP, 1. Item should be added to cart
2. Appropriat...)">
                  </a> <!-- ExecuteTest(ALL_PAGES, END_TO_END, TC12_Verify_AddToCart_from_PDP, 1. Item should be added to cart
2. Appropriat...) -->
                  <span class="method-name">ExecuteTest</span>
                  <span class="parameters">(ALL_PAGES, END_TO_END, TC12_Verify_AddToCart_from_PDP, 1. Item should be added to cart
2. Appropriate inventory message must be displayed, Yes, High)</span>
                </div> <!-- method-content -->
              </div> <!-- method -->
            </div> <!-- main-panel-content rounded-window-bottom -->
          </div> <!-- suite-Suite-class-passed -->
        </div> <!-- panel Suite -->
        <div panel-name="test-xml-Suite" class="panel">
          <div class="main-panel-header rounded-window-top">
            <span class="header-content">D:\ROhit\Rohit\Automation\Demo\KamanCore\TestRun.xml</span>
          </div> <!-- main-panel-header rounded-window-top -->
          <div class="main-panel-content rounded-window-bottom">
            <pre>
&lt;?xml version=&quot;1.0&quot; encoding=&quot;UTF-8&quot;?&gt;
&lt;!DOCTYPE suite SYSTEM &quot;http://testng.org/testng-1.0.dtd&quot;&gt;
&lt;suite guice-stage=&quot;DEVELOPMENT&quot; name=&quot;Suite&quot;&gt;
  &lt;test name=&quot;Chrome_test&quot;&gt;
    &lt;parameter name=&quot;DeviceScrWidth&quot; value=&quot;375&quot;/&gt;
    &lt;parameter name=&quot;Device&quot; value=&quot;iphone X&quot;/&gt;
    &lt;parameter name=&quot;browser&quot; value=&quot;chrome&quot;/&gt;
    &lt;parameter name=&quot;Channel&quot; value=&quot;Desktop&quot;/&gt;
    &lt;parameter name=&quot;DeviceScrHeight&quot; value=&quot;812&quot;/&gt;
    &lt;classes&gt;
      &lt;class name=&quot;com.testcases.driverscripts.Execute_MainScript&quot;/&gt;
    &lt;/classes&gt;
  &lt;/test&gt; &lt;!-- Chrome_test --&gt;
&lt;/suite&gt; &lt;!-- Suite --&gt;
            </pre>
          </div> <!-- main-panel-content rounded-window-bottom -->
        </div> <!-- panel -->
        <div panel-name="testlist-Suite" class="panel">
          <div class="main-panel-header rounded-window-top">
            <span class="header-content">Tests for Suite</span>
          </div> <!-- main-panel-header rounded-window-top -->
          <div class="main-panel-content rounded-window-bottom">
            <ul>
              <li>
                <span class="test-name">Chrome_test (1 class)</span>
              </li>
            </ul>
          </div> <!-- main-panel-content rounded-window-bottom -->
        </div> <!-- panel -->
        <div panel-name="group-Suite" class="panel">
          <div class="main-panel-header rounded-window-top">
            <span class="header-content">Groups for Suite</span>
          </div> <!-- main-panel-header rounded-window-top -->
          <div class="main-panel-content rounded-window-bottom">
          </div> <!-- main-panel-content rounded-window-bottom -->
        </div> <!-- panel -->
        <div panel-name="times-Suite" class="panel">
          <div class="main-panel-header rounded-window-top">
            <span class="header-content">Times for Suite</span>
          </div> <!-- main-panel-header rounded-window-top -->
          <div class="main-panel-content rounded-window-bottom">
            <div class="times-div">
              <script type="text/javascript">
suiteTableInitFunctions.push('tableData_Suite');
function tableData_Suite() {
var data = new google.visualization.DataTable();
data.addColumn('number', 'Number');
data.addColumn('string', 'Method');
data.addColumn('string', 'Class');
data.addColumn('number', 'Time (ms)');
data.addRows(32);
data.setCell(0, 0, 0)
data.setCell(0, 1, 'ExecuteTest')
data.setCell(0, 2, 'com.testcases.driverscripts.Execute_MainScript')
data.setCell(0, 3, 226671);
data.setCell(1, 0, 1)
data.setCell(1, 1, 'ExecuteTest')
data.setCell(1, 2, 'com.testcases.driverscripts.Execute_MainScript')
data.setCell(1, 3, 202637);
data.setCell(2, 0, 2)
data.setCell(2, 1, 'ExecuteTest')
data.setCell(2, 2, 'com.testcases.driverscripts.Execute_MainScript')
data.setCell(2, 3, 156346);
data.setCell(3, 0, 3)
data.setCell(3, 1, 'ExecuteTest')
data.setCell(3, 2, 'com.testcases.driverscripts.Execute_MainScript')
data.setCell(3, 3, 156176);
data.setCell(4, 0, 4)
data.setCell(4, 1, 'ExecuteTest')
data.setCell(4, 2, 'com.testcases.driverscripts.Execute_MainScript')
data.setCell(4, 3, 150781);
data.setCell(5, 0, 5)
data.setCell(5, 1, 'ExecuteTest')
data.setCell(5, 2, 'com.testcases.driverscripts.Execute_MainScript')
data.setCell(5, 3, 141640);
data.setCell(6, 0, 6)
data.setCell(6, 1, 'ExecuteTest')
data.setCell(6, 2, 'com.testcases.driverscripts.Execute_MainScript')
data.setCell(6, 3, 119153);
data.setCell(7, 0, 7)
data.setCell(7, 1, 'ExecuteTest')
data.setCell(7, 2, 'com.testcases.driverscripts.Execute_MainScript')
data.setCell(7, 3, 105354);
data.setCell(8, 0, 8)
data.setCell(8, 1, 'ExecuteTest')
data.setCell(8, 2, 'com.testcases.driverscripts.Execute_MainScript')
data.setCell(8, 3, 103956);
data.setCell(9, 0, 9)
data.setCell(9, 1, 'ExecuteTest')
data.setCell(9, 2, 'com.testcases.driverscripts.Execute_MainScript')
data.setCell(9, 3, 98530);
data.setCell(10, 0, 10)
data.setCell(10, 1, 'ExecuteTest')
data.setCell(10, 2, 'com.testcases.driverscripts.Execute_MainScript')
data.setCell(10, 3, 95948);
data.setCell(11, 0, 11)
data.setCell(11, 1, 'ExecuteTest')
data.setCell(11, 2, 'com.testcases.driverscripts.Execute_MainScript')
data.setCell(11, 3, 93295);
data.setCell(12, 0, 12)
data.setCell(12, 1, 'ExecuteTest')
data.setCell(12, 2, 'com.testcases.driverscripts.Execute_MainScript')
data.setCell(12, 3, 79357);
data.setCell(13, 0, 13)
data.setCell(13, 1, 'ExecuteTest')
data.setCell(13, 2, 'com.testcases.driverscripts.Execute_MainScript')
data.setCell(13, 3, 78190);
data.setCell(14, 0, 14)
data.setCell(14, 1, 'ExecuteTest')
data.setCell(14, 2, 'com.testcases.driverscripts.Execute_MainScript')
data.setCell(14, 3, 77923);
data.setCell(15, 0, 15)
data.setCell(15, 1, 'ExecuteTest')
data.setCell(15, 2, 'com.testcases.driverscripts.Execute_MainScript')
data.setCell(15, 3, 65706);
data.setCell(16, 0, 16)
data.setCell(16, 1, 'ExecuteTest')
data.setCell(16, 2, 'com.testcases.driverscripts.Execute_MainScript')
data.setCell(16, 3, 64104);
data.setCell(17, 0, 17)
data.setCell(17, 1, 'ExecuteTest')
data.setCell(17, 2, 'com.testcases.driverscripts.Execute_MainScript')
data.setCell(17, 3, 43087);
data.setCell(18, 0, 18)
data.setCell(18, 1, 'ExecuteTest')
data.setCell(18, 2, 'com.testcases.driverscripts.Execute_MainScript')
data.setCell(18, 3, 42248);
data.setCell(19, 0, 19)
data.setCell(19, 1, 'ExecuteTest')
data.setCell(19, 2, 'com.testcases.driverscripts.Execute_MainScript')
data.setCell(19, 3, 38989);
data.setCell(20, 0, 20)
data.setCell(20, 1, 'ExecuteTest')
data.setCell(20, 2, 'com.testcases.driverscripts.Execute_MainScript')
data.setCell(20, 3, 38422);
data.setCell(21, 0, 21)
data.setCell(21, 1, 'ExecuteTest')
data.setCell(21, 2, 'com.testcases.driverscripts.Execute_MainScript')
data.setCell(21, 3, 38327);
data.setCell(22, 0, 22)
data.setCell(22, 1, 'ExecuteTest')
data.setCell(22, 2, 'com.testcases.driverscripts.Execute_MainScript')
data.setCell(22, 3, 36211);
data.setCell(23, 0, 23)
data.setCell(23, 1, 'ExecuteTest')
data.setCell(23, 2, 'com.testcases.driverscripts.Execute_MainScript')
data.setCell(23, 3, 28267);
data.setCell(24, 0, 24)
data.setCell(24, 1, 'ExecuteTest')
data.setCell(24, 2, 'com.testcases.driverscripts.Execute_MainScript')
data.setCell(24, 3, 22766);
data.setCell(25, 0, 25)
data.setCell(25, 1, 'ExecuteTest')
data.setCell(25, 2, 'com.testcases.driverscripts.Execute_MainScript')
data.setCell(25, 3, 18763);
data.setCell(26, 0, 26)
data.setCell(26, 1, 'ExecuteTest')
data.setCell(26, 2, 'com.testcases.driverscripts.Execute_MainScript')
data.setCell(26, 3, 18639);
data.setCell(27, 0, 27)
data.setCell(27, 1, 'ExecuteTest')
data.setCell(27, 2, 'com.testcases.driverscripts.Execute_MainScript')
data.setCell(27, 3, 14709);
data.setCell(28, 0, 28)
data.setCell(28, 1, 'ExecuteTest')
data.setCell(28, 2, 'com.testcases.driverscripts.Execute_MainScript')
data.setCell(28, 3, 12262);
data.setCell(29, 0, 29)
data.setCell(29, 1, 'ExecuteTest')
data.setCell(29, 2, 'com.testcases.driverscripts.Execute_MainScript')
data.setCell(29, 3, 6943);
data.setCell(30, 0, 30)
data.setCell(30, 1, 'ExecuteTest')
data.setCell(30, 2, 'com.testcases.driverscripts.Execute_MainScript')
data.setCell(30, 3, 5854);
data.setCell(31, 0, 31)
data.setCell(31, 1, 'ExecuteTest')
data.setCell(31, 2, 'com.testcases.driverscripts.Execute_MainScript')
data.setCell(31, 3, 3187);
window.suiteTableData['Suite']= { tableData: data, tableDiv: 'times-div-Suite'}
return data;
}
              </script>
              <span class="suite-total-time">Total running time: 39 minutes</span>
              <div id="times-div-Suite">
              </div> <!-- times-div-Suite -->
            </div> <!-- times-div -->
          </div> <!-- main-panel-content rounded-window-bottom -->
        </div> <!-- panel -->
        <div panel-name="reporter-Suite" class="panel">
          <div class="main-panel-header rounded-window-top">
            <span class="header-content">Reporter output for Suite</span>
          </div> <!-- main-panel-header rounded-window-top -->
          <div class="main-panel-content rounded-window-bottom">
          </div> <!-- main-panel-content rounded-window-bottom -->
        </div> <!-- panel -->
        <div panel-name="ignored-methods-Suite" class="panel">
          <div class="main-panel-header rounded-window-top">
            <span class="header-content">0 ignored methods</span>
          </div> <!-- main-panel-header rounded-window-top -->
          <div class="main-panel-content rounded-window-bottom">
          </div> <!-- main-panel-content rounded-window-bottom -->
        </div> <!-- panel -->
        <div panel-name="chronological-Suite" class="panel">
          <div class="main-panel-header rounded-window-top">
            <span class="header-content">Methods in chronological order</span>
          </div> <!-- main-panel-header rounded-window-top -->
          <div class="main-panel-content rounded-window-bottom">
            <div class="chronological-class">
              <div class="chronological-class-name">com.testcases.driverscripts.Execute_MainScript</div> <!-- chronological-class-name -->
              <div class="configuration-suite before">
                <span class="method-name">Pre_requisite</span>
                <span class="method-start">0 ms</span>
              </div> <!-- configuration-suite before -->
              <div class="configuration-test before">
                <span class="method-name">EnvSetup(chrome, Desktop, iphone X, 812, 375)</span>
                <span class="method-start">130 ms</span>
              </div> <!-- configuration-test before -->
              <div class="test-method">
                <span class="method-name">ExecuteTest(ALL_PAGES, END_TO_END, TC01_Verify_HomePage, View store home, Yes, High)</span>
                <span class="method-start">10861 ms</span>
              </div> <!-- test-method -->
              <div class="configuration-method after">
                <span class="method-name">TestResults([TestResult name=ExecuteTest status=SUCCESS method=Execute_MainScript.ExecuteTest(java.lang.String, ...)</span>
                <span class="method-start">47072 ms</span>
              </div> <!-- configuration-method after -->
              <div class="test-method">
                <span class="method-name">ExecuteTest(ALL_PAGES, END_TO_END, TC02_Verify_HOME_PDP_PLP_CATEGORY, Verify home page, PDP, PLP, search results...)</span>
                <span class="method-start">47087 ms</span>
              </div> <!-- test-method -->
              <div class="test-method">
                <span class="method-name">ExecuteTest(ALL_PAGES, END_TO_END, TC03_Verify_BLP_Solutions_ContactUS, 1. Go to home page
2. Verify brands, sol...)</span>
                <span class="method-start">152441 ms</span>
              </div> <!-- test-method -->
              <div class="configuration-method after">
                <span class="method-name">TestResults([TestResult name=ExecuteTest status=SUCCESS method=Execute_MainScript.ExecuteTest(java.lang.String, ...)</span>
                <span class="method-start">152441 ms</span>
              </div> <!-- configuration-method after -->
              <div class="configuration-method after">
                <span class="method-name">TestResults([TestResult name=ExecuteTest status=SUCCESS method=Execute_MainScript.ExecuteTest(java.lang.String, ...)</span>
                <span class="method-start">190863 ms</span>
              </div> <!-- configuration-method after -->
              <div class="test-method">
                <span class="method-name">ExecuteTest(ALL_PAGES, END_TO_END, TC04_Search_product_not_in_Catalog, Search product not in Catalog , Yes, High)</span>
                <span class="method-start">190867 ms</span>
              </div> <!-- test-method -->
              <div class="configuration-method after">
                <span class="method-name">TestResults([TestResult name=ExecuteTest status=SUCCESS method=Execute_MainScript.ExecuteTest(java.lang.String, ...)</span>
                <span class="method-start">196722 ms</span>
              </div> <!-- configuration-method after -->
              <div class="test-method">
                <span class="method-name">ExecuteTest(ALL_PAGES, END_TO_END, TC05_Search_product_in_Catalog, Search product in Catalog , Yes, High)</span>
                <span class="method-start">196723 ms</span>
              </div> <!-- test-method -->
              <div class="test-method">
                <span class="method-name">ExecuteTest(ALL_PAGES, END_TO_END, TC6_SearchResults_Typeahead, 1. when user typing, type ahead should work
2. U...)</span>
                <span class="method-start">203671 ms</span>
              </div> <!-- test-method -->
              <div class="configuration-method after">
                <span class="method-name">TestResults([TestResult name=ExecuteTest status=SUCCESS method=Execute_MainScript.ExecuteTest(java.lang.String, ...)</span>
                <span class="method-start">203671 ms</span>
              </div> <!-- configuration-method after -->
              <div class="test-method">
                <span class="method-name">ExecuteTest(ALL_PAGES, END_TO_END, TC07_SearchCategory, User should be directed to category page, Yes, High)</span>
                <span class="method-start">241998 ms</span>
              </div> <!-- test-method -->
              <div class="configuration-method after">
                <span class="method-name">TestResults([TestResult name=ExecuteTest status=SUCCESS method=Execute_MainScript.ExecuteTest(java.lang.String, ...)</span>
                <span class="method-start">241998 ms</span>
              </div> <!-- configuration-method after -->
              <div class="test-method">
                <span class="method-name">ExecuteTest(ALL_PAGES, END_TO_END, TC08_VerifyProductListPLP, Should display products list, Yes, High)</span>
                <span class="method-start">270265 ms</span>
              </div> <!-- test-method -->
              <div class="configuration-method after">
                <span class="method-name">TestResults([TestResult name=ExecuteTest status=SUCCESS method=Execute_MainScript.ExecuteTest(java.lang.String, ...)</span>
                <span class="method-start">270265 ms</span>
              </div> <!-- configuration-method after -->
              <div class="test-method">
                <span class="method-name">ExecuteTest(ALL_PAGES, END_TO_END, TC09_Verify_Documented_Savings, Article should display, Yes, High)</span>
                <span class="method-start">312517 ms</span>
              </div> <!-- test-method -->
              <div class="configuration-method after">
                <span class="method-name">TestResults([TestResult name=ExecuteTest status=SUCCESS method=Execute_MainScript.ExecuteTest(java.lang.String, ...)</span>
                <span class="method-start">312517 ms</span>
              </div> <!-- configuration-method after -->
              <div class="test-method">
                <span class="method-name">ExecuteTest(ALL_PAGES, END_TO_END, TC10_Verify_Search_results, Search results must display, Yes, High)</span>
                <span class="method-start">327226 ms</span>
              </div> <!-- test-method -->
              <div class="configuration-method after">
                <span class="method-name">TestResults([TestResult name=ExecuteTest status=SUCCESS method=Execute_MainScript.ExecuteTest(java.lang.String, ...)</span>
                <span class="method-start">327226 ms</span>
              </div> <!-- configuration-method after -->
              <div class="test-method">
                <span class="method-name">ExecuteTest(ALL_PAGES, END_TO_END, TC11_Verify_PDP_From_Search_results, PDP should display, Yes, High)</span>
                <span class="method-start">349996 ms</span>
              </div> <!-- test-method -->
              <div class="configuration-method after">
                <span class="method-name">TestResults([TestResult name=ExecuteTest status=SUCCESS method=Execute_MainScript.ExecuteTest(java.lang.String, ...)</span>
                <span class="method-start">349996 ms</span>
              </div> <!-- configuration-method after -->
              <div class="configuration-method after">
                <span class="method-name">TestResults([TestResult name=ExecuteTest status=SUCCESS method=Execute_MainScript.ExecuteTest(java.lang.String, ...)</span>
                <span class="method-start">368759 ms</span>
              </div> <!-- configuration-method after -->
              <div class="test-method">
                <span class="method-name">ExecuteTest(ALL_PAGES, END_TO_END, TC12_Verify_AddToCart_from_PDP, 1. Item should be added to cart
2. Appropriat...)</span>
                <span class="method-start">368760 ms</span>
              </div> <!-- test-method -->
              <div class="configuration-method after">
                <span class="method-name">TestResults([TestResult name=ExecuteTest status=SUCCESS method=Execute_MainScript.ExecuteTest(java.lang.String, ...)</span>
                <span class="method-start">448117 ms</span>
              </div> <!-- configuration-method after -->
              <div class="test-method">
                <span class="method-name">ExecuteTest(ALL_PAGES, END_TO_END, TC13_Verify_Search_Dimensions, Search results should appear
Dimensions appear...)</span>
                <span class="method-start">448119 ms</span>
              </div> <!-- test-method -->
              <div class="test-method">
                <span class="method-name">ExecuteTest(ALL_PAGES, END_TO_END, TC14_Verify_AddToCart_from_Search, Item should be added to cart, Yes, High)</span>
                <span class="method-start">460385 ms</span>
              </div> <!-- test-method -->
              <div class="configuration-method after">
                <span class="method-name">TestResults([TestResult name=ExecuteTest status=SUCCESS method=Execute_MainScript.ExecuteTest(java.lang.String, ...)</span>
                <span class="method-start">460385 ms</span>
              </div> <!-- configuration-method after -->
              <div class="test-method">
                <span class="method-name">ExecuteTest(ALL_PAGES, END_TO_END, TC15_Verify_ViewFullCart, 1. Cart should display
2. All items in cart must ha...)</span>
                <span class="method-start">479024 ms</span>
              </div> <!-- test-method -->
              <div class="configuration-method after">
                <span class="method-name">TestResults([TestResult name=ExecuteTest status=SUCCESS method=Execute_MainScript.ExecuteTest(java.lang.String, ...)</span>
                <span class="method-start">479024 ms</span>
              </div> <!-- configuration-method after -->
              <div class="test-method">
                <span class="method-name">ExecuteTest(ALL_PAGES, END_TO_END, TC16_Update_Quantity_CartPage, Items  and price must update, Yes, High)</span>
                <span class="method-start">572319 ms</span>
              </div> <!-- test-method -->
              <div class="configuration-method after">
                <span class="method-name">TestResults([TestResult name=ExecuteTest status=SUCCESS method=Execute_MainScript.ExecuteTest(java.lang.String, ...)</span>
                <span class="method-start">572319 ms</span>
              </div> <!-- configuration-method after -->
              <div class="configuration-method after">
                <span class="method-name">TestResults([TestResult name=ExecuteTest status=SUCCESS method=Execute_MainScript.ExecuteTest(java.lang.String, ...)</span>
                <span class="method-start">668267 ms</span>
              </div> <!-- configuration-method after -->
              <div class="test-method">
                <span class="method-name">ExecuteTest(ALL_PAGES, END_TO_END, TC17_Verify_CheckoutButton, Items  and price must update, Yes, High)</span>
                <span class="method-start">668271 ms</span>
              </div> <!-- test-method -->
              <div class="test-method">
                <span class="method-name">ExecuteTest(ALL_PAGES, END_TO_END, TC18_Verify_ShippingPage, Shipping page must appear, Yes, High)</span>
                <span class="method-start">766801 ms</span>
              </div> <!-- test-method -->
              <div class="configuration-method after">
                <span class="method-name">TestResults([TestResult name=ExecuteTest status=SUCCESS method=Execute_MainScript.ExecuteTest(java.lang.String, ...)</span>
                <span class="method-start">766801 ms</span>
              </div> <!-- configuration-method after -->
              <div class="test-method">
                <span class="method-name">ExecuteTest(ALL_PAGES, END_TO_END, TC19_Verify_ShippingMethod, Shipping method page should display, Yes, High)</span>
                <span class="method-start">870757 ms</span>
              </div> <!-- test-method -->
              <div class="configuration-method after">
                <span class="method-name">TestResults([TestResult name=ExecuteTest status=SUCCESS method=Execute_MainScript.ExecuteTest(java.lang.String, ...)</span>
                <span class="method-start">870757 ms</span>
              </div> <!-- configuration-method after -->
              <div class="test-method">
                <span class="method-name">ExecuteTest(ALL_PAGES, END_TO_END, TC20_21_Verify_BillingPage, 1. Billing page should appear
2. User should be a...)</span>
                <span class="method-start">989911 ms</span>
              </div> <!-- test-method -->
              <div class="configuration-method after">
                <span class="method-name">TestResults([TestResult name=ExecuteTest status=SUCCESS method=Execute_MainScript.ExecuteTest(java.lang.String, ...)</span>
                <span class="method-start">989911 ms</span>
              </div> <!-- configuration-method after -->
              <div class="test-method">
                <span class="method-name">ExecuteTest(ALL_PAGES, END_TO_END, TC22_Verify_PlaceOrder, Order should be placed successfully, Yes, High)</span>
                <span class="method-start">1146257 ms</span>
              </div> <!-- test-method -->
              <div class="configuration-method after">
                <span class="method-name">TestResults([TestResult name=ExecuteTest status=SUCCESS method=Execute_MainScript.ExecuteTest(java.lang.String, ...)</span>
                <span class="method-start">1146257 ms</span>
              </div> <!-- configuration-method after -->
              <div class="configuration-method after">
                <span class="method-name">TestResults([TestResult name=ExecuteTest status=SUCCESS method=Execute_MainScript.ExecuteTest(java.lang.String, ...)</span>
                <span class="method-start">1297042 ms</span>
              </div> <!-- configuration-method after -->
              <div class="test-method">
                <span class="method-name">ExecuteTest(ALL_PAGES, END_TO_END, TC02_Verify_MYACC, Verify Myaccounts Section, Yes, High)</span>
                <span class="method-start">1297043 ms</span>
              </div> <!-- test-method -->
              <div class="test-method">
                <span class="method-name">ExecuteTest(ALL_PAGES, END_TO_END, TC23_Verify_UserRegistration, User should be registered and logged in, Yes, H...)</span>
                <span class="method-start">1361148 ms</span>
              </div> <!-- test-method -->
              <div class="configuration-method after">
                <span class="method-name">TestResults([TestResult name=ExecuteTest status=SUCCESS method=Execute_MainScript.ExecuteTest(java.lang.String, ...)</span>
                <span class="method-start">1361148 ms</span>
              </div> <!-- configuration-method after -->
              <div class="test-method">
                <span class="method-name">ExecuteTest(ALL_PAGES, END_TO_END, TC24_Verify_PlaceOrder_LoggedIn, Order should be placed successfully, Yes, Hi...)</span>
                <span class="method-start">1439071 ms</span>
              </div> <!-- test-method -->
              <div class="configuration-method after">
                <span class="method-name">TestResults([TestResult name=ExecuteTest status=SUCCESS method=Execute_MainScript.ExecuteTest(java.lang.String, ...)</span>
                <span class="method-start">1439071 ms</span>
              </div> <!-- configuration-method after -->
              <div class="test-method">
                <img src="failed.png">
                </img>
                <span class="method-name">ExecuteTest(ALL_PAGES, END_TO_END, TC25_Verify_product_comparison, User must be navigated to product comparison ...)</span>
                <span class="method-start">1665746 ms</span>
              </div> <!-- test-method -->
              <div class="configuration-method after">
                <span class="method-name">TestResults([TestResult name=ExecuteTest status=SUCCESS method=Execute_MainScript.ExecuteTest(java.lang.String, ...)</span>
                <span class="method-start">1665746 ms</span>
              </div> <!-- configuration-method after -->
              <div class="test-method">
                <img src="failed.png">
                </img>
                <span class="method-name">ExecuteTest(ALL_PAGES, END_TO_END, TC26_Verify_Clear_Cart, All the items must be removed from the cart, Yes, Hig...)</span>
                <span class="method-start">1704739 ms</span>
              </div> <!-- test-method -->
              <div class="configuration-method after">
                <span class="method-name">TestResults([TestResult name=ExecuteTest status=FAILURE method=Execute_MainScript.ExecuteTest(java.lang.String, ...)</span>
                <span class="method-start">1704739 ms</span>
              </div> <!-- configuration-method after -->
              <div class="test-method">
                <span class="method-name">ExecuteTest(ALL_PAGES, END_TO_END, TC27_Verify_Store_room, Products must be added to store room successfully, Ye...)</span>
                <span class="method-start">1782933 ms</span>
              </div> <!-- test-method -->
              <div class="configuration-method after">
                <span class="method-name">TestResults([TestResult name=ExecuteTest status=FAILURE method=Execute_MainScript.ExecuteTest(java.lang.String, ...)</span>
                <span class="method-start">1782933 ms</span>
              </div> <!-- configuration-method after -->
              <div class="configuration-method after">
                <span class="method-name">TestResults([TestResult name=ExecuteTest status=SUCCESS method=Execute_MainScript.ExecuteTest(java.lang.String, ...)</span>
                <span class="method-start">1939113 ms</span>
              </div> <!-- configuration-method after -->
              <div class="test-method">
                <span class="method-name">ExecuteTest(ALL_PAGES, END_TO_END, TC28_Verify_PunchOut_User, Verify Behaviour for PunchOut User, Yes, High)</span>
                <span class="method-start">1939114 ms</span>
              </div> <!-- test-method -->
              <div class="test-method">
                <span class="method-name">ExecuteTest(ALL_PAGES, END_TO_END, TC29_VerifyALL_Links_Myaccount, All the pages must be displayed, Yes, High)</span>
                <span class="method-start">2080758 ms</span>
              </div> <!-- test-method -->
              <div class="configuration-method after">
                <span class="method-name">TestResults([TestResult name=ExecuteTest status=SUCCESS method=Execute_MainScript.ExecuteTest(java.lang.String, ...)</span>
                <span class="method-start">2080758 ms</span>
              </div> <!-- configuration-method after -->
              <div class="test-method">
                <span class="method-name">ExecuteTest(ALL_PAGES, END_TO_END, TC30_Search_Typeahead, Type ahead must be displayed, Yes, High)</span>
                <span class="method-start">2283396 ms</span>
              </div> <!-- test-method -->
              <div class="configuration-method after">
                <span class="method-name">TestResults([TestResult name=ExecuteTest status=SUCCESS method=Execute_MainScript.ExecuteTest(java.lang.String, ...)</span>
                <span class="method-start">2283396 ms</span>
              </div> <!-- configuration-method after -->
              <div class="test-method">
                <span class="method-name">ExecuteTest(ALL_PAGES, END_TO_END, TC31_Verify_login, User should be able to login successfully, Yes, High)</span>
                <span class="method-start">2286583 ms</span>
              </div> <!-- test-method -->
              <div class="configuration-method after">
                <span class="method-name">TestResults([TestResult name=ExecuteTest status=SUCCESS method=Execute_MainScript.ExecuteTest(java.lang.String, ...)</span>
                <span class="method-start">2286583 ms</span>
              </div> <!-- configuration-method after -->
              <div class="test-method">
                <span class="method-name">ExecuteTest(ALL_PAGES, END_TO_END, TC32_Verify_store_location, 1. Go to site and then go to store location page
...)</span>
                <span class="method-start">2329670 ms</span>
              </div> <!-- test-method -->
              <div class="configuration-method after">
                <span class="method-name">TestResults([TestResult name=ExecuteTest status=SUCCESS method=Execute_MainScript.ExecuteTest(java.lang.String, ...)</span>
                <span class="method-start">2329670 ms</span>
              </div> <!-- configuration-method after -->
              <div class="configuration-method after">
                <span class="method-name">TestResults([TestResult name=ExecuteTest status=SUCCESS method=Execute_MainScript.ExecuteTest(java.lang.String, ...)</span>
                <span class="method-start">2395376 ms</span>
              </div> <!-- configuration-method after -->
              <div class="configuration-suite after">
                <span class="method-name">close</span>
                <span class="method-start">2395422 ms</span>
              </div> <!-- configuration-suite after -->
              <div class="configuration-suite after">
                <span class="method-name">closebrowser(chrome)</span>
                <span class="method-start">2395924 ms</span>
              </div> <!-- configuration-suite after -->
          </div> <!-- main-panel-content rounded-window-bottom -->
        </div> <!-- panel -->
      </div> <!-- main-panel-root -->
    </div> <!-- wrapper -->
  </body>
</html>
