<?xml version="1.0" encoding="UTF-8"?>
<testng-results skipped="37" failed="0" total="38" passed="1">
  <reporter-output>
  </reporter-output>
  <suite name="Suite" duration-ms="170445" started-at="2019-10-31T15:11:50Z" finished-at="2019-10-31T15:14:40Z">
    <groups>
    </groups>
    <test name="Chrome_test" duration-ms="170445" started-at="2019-10-31T15:11:50Z" finished-at="2019-10-31T15:14:40Z">
      <class name="com.testcases.driverscripts.Execute_MainScript">
        <test-method status="PASS" signature="Pre_requisite()[pri:0, instance:com.testcases.driverscripts.Execute_MainScript@3cef309d]" name="Pre_requisite" is-config="true" duration-ms="121" started-at="2019-10-31T20:41:50Z" finished-at="2019-10-31T20:41:50Z">
          <reporter-output>
          </reporter-output>
        </test-method> <!-- Pre_requisite -->
        <test-method status="PASS" signature="EnvSetup(java.lang.String, java.lang.String, java.lang.String, int, int)[pri:0, instance:com.testcases.driverscripts.Execute_MainScript@3cef309d]" name="EnvSetup" is-config="true" duration-ms="9476" started-at="2019-10-31T20:41:50Z" finished-at="2019-10-31T20:42:00Z">
          <params>
            <param index="0">
              <value>
                <![CDATA[chrome]]>
              </value>
            </param>
            <param index="1">
              <value>
                <![CDATA[Desktop]]>
              </value>
            </param>
            <param index="2">
              <value>
                <![CDATA[iphone X]]>
              </value>
            </param>
            <param index="3">
              <value>
                <![CDATA[812]]>
              </value>
            </param>
            <param index="4">
              <value>
                <![CDATA[375]]>
              </value>
            </param>
          </params>
          <reporter-output>
          </reporter-output>
        </test-method> <!-- EnvSetup -->
        <test-method status="SKIP" signature="ExecuteTest(java.lang.String, java.lang.String, java.lang.String, java.lang.String, java.lang.String, java.lang.String)[pri:1, instance:com.testcases.driverscripts.Execute_MainScript@3cef309d]" name="ExecuteTest" duration-ms="86" started-at="2019-10-31T20:42:00Z" data-provider="Fetch_Master_data" finished-at="2019-10-31T20:42:00Z">
          <params>
            <param index="0">
              <value>
                <![CDATA[ALL_PAGES]]>
              </value>
            </param>
            <param index="1">
              <value>
                <![CDATA[END_TO_END]]>
              </value>
            </param>
            <param index="2">
              <value>
                <![CDATA[TC01_Verify_HomePage]]>
              </value>
            </param>
            <param index="3">
              <value>
                <![CDATA[View store home]]>
              </value>
            </param>
            <param index="4">
              <value>
                <![CDATA[No]]>
              </value>
            </param>
            <param index="5">
              <value>
                <![CDATA[High]]>
              </value>
            </param>
          </params>
          <exception class="org.testng.SkipException">
            <message>
              <![CDATA[TC01_Verify_HomePage has been skipped..]]>
            </message>
            <full-stacktrace>
              <![CDATA[org.testng.SkipException: TC01_Verify_HomePage has been skipped..
	at com.testcases.driverscripts.Execute_MainScript.ExecuteTest(Execute_MainScript.java:333)
	at sun.reflect.NativeMethodAccessorImpl.invoke0(Native Method)
	at sun.reflect.NativeMethodAccessorImpl.invoke(Unknown Source)
	at sun.reflect.DelegatingMethodAccessorImpl.invoke(Unknown Source)
	at java.lang.reflect.Method.invoke(Unknown Source)
	at org.testng.internal.MethodInvocationHelper.invokeMethod(MethodInvocationHelper.java:86)
	at org.testng.internal.Invoker.invokeMethod(Invoker.java:643)
	at org.testng.internal.Invoker.invokeTestMethod(Invoker.java:820)
	at org.testng.internal.Invoker.invokeTestMethods(Invoker.java:1128)
	at org.testng.internal.TestMethodWorker.invokeTestMethods(TestMethodWorker.java:129)
	at org.testng.internal.TestMethodWorker.run(TestMethodWorker.java:112)
	at org.testng.TestRunner.privateRun(TestRunner.java:782)
	at org.testng.TestRunner.run(TestRunner.java:632)
	at org.testng.SuiteRunner.runTest(SuiteRunner.java:366)
	at org.testng.SuiteRunner.runSequentially(SuiteRunner.java:361)
	at org.testng.SuiteRunner.privateRun(SuiteRunner.java:319)
	at org.testng.SuiteRunner.run(SuiteRunner.java:268)
	at org.testng.SuiteRunnerWorker.runSuite(SuiteRunnerWorker.java:52)
	at org.testng.SuiteRunnerWorker.run(SuiteRunnerWorker.java:86)
	at org.testng.TestNG.runSuitesSequentially(TestNG.java:1244)
	at org.testng.TestNG.runSuitesLocally(TestNG.java:1169)
	at org.testng.TestNG.run(TestNG.java:1064)
	at org.testng.remote.AbstractRemoteTestNG.run(AbstractRemoteTestNG.java:114)
	at org.testng.remote.RemoteTestNG.initAndRun(RemoteTestNG.java:251)
	at org.testng.remote.RemoteTestNG.main(RemoteTestNG.java:77)
]]>
            </full-stacktrace>
          </exception> <!-- org.testng.SkipException -->
          <reporter-output>
          </reporter-output>
        </test-method> <!-- ExecuteTest -->
        <test-method status="PASS" signature="TestResults(org.testng.ITestResult)[pri:0, instance:com.testcases.driverscripts.Execute_MainScript@3cef309d]" name="TestResults" is-config="true" duration-ms="8" started-at="2019-10-31T20:42:00Z" finished-at="2019-10-31T20:42:00Z">
          <params>
            <param index="0">
              <value>
                <![CDATA[[TestResult name=ExecuteTest status=SKIP method=Execute_MainScript.ExecuteTest(java.lang.String, java.lang.String, java.lang.String, java.lang.String, java.lang.String, java.lang.String)[pri:1, instance:com.testcases.driverscripts.Execute_MainScript@3cef309d] output={null}]]]>
              </value>
            </param>
          </params>
          <reporter-output>
          </reporter-output>
        </test-method> <!-- TestResults -->
        <test-method status="SKIP" signature="ExecuteTest(java.lang.String, java.lang.String, java.lang.String, java.lang.String, java.lang.String, java.lang.String)[pri:1, instance:com.testcases.driverscripts.Execute_MainScript@3cef309d]" name="ExecuteTest" duration-ms="13" started-at="2019-10-31T20:42:00Z" data-provider="Fetch_Master_data" finished-at="2019-10-31T20:42:00Z">
          <params>
            <param index="0">
              <value>
                <![CDATA[ALL_PAGES]]>
              </value>
            </param>
            <param index="1">
              <value>
                <![CDATA[END_TO_END]]>
              </value>
            </param>
            <param index="2">
              <value>
                <![CDATA[TC02_Verify_HOME_PDP_PLP_CATEGORY]]>
              </value>
            </param>
            <param index="3">
              <value>
                <![CDATA[Verify home page, PDP, PLP, search results, cart ,Category - Basic checks]]>
              </value>
            </param>
            <param index="4">
              <value>
                <![CDATA[No]]>
              </value>
            </param>
            <param index="5">
              <value>
                <![CDATA[High]]>
              </value>
            </param>
          </params>
          <exception class="org.testng.SkipException">
            <message>
              <![CDATA[TC02_Verify_HOME_PDP_PLP_CATEGORY has been skipped..]]>
            </message>
            <full-stacktrace>
              <![CDATA[org.testng.SkipException: TC02_Verify_HOME_PDP_PLP_CATEGORY has been skipped..
	at com.testcases.driverscripts.Execute_MainScript.ExecuteTest(Execute_MainScript.java:333)
	at sun.reflect.NativeMethodAccessorImpl.invoke0(Native Method)
	at sun.reflect.NativeMethodAccessorImpl.invoke(Unknown Source)
	at sun.reflect.DelegatingMethodAccessorImpl.invoke(Unknown Source)
	at java.lang.reflect.Method.invoke(Unknown Source)
	at org.testng.internal.MethodInvocationHelper.invokeMethod(MethodInvocationHelper.java:86)
	at org.testng.internal.Invoker.invokeMethod(Invoker.java:643)
	at org.testng.internal.Invoker.invokeTestMethod(Invoker.java:820)
	at org.testng.internal.Invoker.invokeTestMethods(Invoker.java:1128)
	at org.testng.internal.TestMethodWorker.invokeTestMethods(TestMethodWorker.java:129)
	at org.testng.internal.TestMethodWorker.run(TestMethodWorker.java:112)
	at org.testng.TestRunner.privateRun(TestRunner.java:782)
	at org.testng.TestRunner.run(TestRunner.java:632)
	at org.testng.SuiteRunner.runTest(SuiteRunner.java:366)
	at org.testng.SuiteRunner.runSequentially(SuiteRunner.java:361)
	at org.testng.SuiteRunner.privateRun(SuiteRunner.java:319)
	at org.testng.SuiteRunner.run(SuiteRunner.java:268)
	at org.testng.SuiteRunnerWorker.runSuite(SuiteRunnerWorker.java:52)
	at org.testng.SuiteRunnerWorker.run(SuiteRunnerWorker.java:86)
	at org.testng.TestNG.runSuitesSequentially(TestNG.java:1244)
	at org.testng.TestNG.runSuitesLocally(TestNG.java:1169)
	at org.testng.TestNG.run(TestNG.java:1064)
	at org.testng.remote.AbstractRemoteTestNG.run(AbstractRemoteTestNG.java:114)
	at org.testng.remote.RemoteTestNG.initAndRun(RemoteTestNG.java:251)
	at org.testng.remote.RemoteTestNG.main(RemoteTestNG.java:77)
]]>
            </full-stacktrace>
          </exception> <!-- org.testng.SkipException -->
          <reporter-output>
          </reporter-output>
        </test-method> <!-- ExecuteTest -->
        <test-method status="SKIP" signature="ExecuteTest(java.lang.String, java.lang.String, java.lang.String, java.lang.String, java.lang.String, java.lang.String)[pri:1, instance:com.testcases.driverscripts.Execute_MainScript@3cef309d]" name="ExecuteTest" duration-ms="13" started-at="2019-10-31T20:42:00Z" data-provider="Fetch_Master_data" finished-at="2019-10-31T20:42:00Z">
          <params>
            <param index="0">
              <value>
                <![CDATA[ALL_PAGES]]>
              </value>
            </param>
            <param index="1">
              <value>
                <![CDATA[END_TO_END]]>
              </value>
            </param>
            <param index="2">
              <value>
                <![CDATA[TC03_Verify_BLP_Solutions_ContactUS]]>
              </value>
            </param>
            <param index="3">
              <value>
                <![CDATA[1. Go to home page
2. Verify brands, solutions, resources, contact and about us pages, Search filed and quick order link]]>
              </value>
            </param>
            <param index="4">
              <value>
                <![CDATA[No]]>
              </value>
            </param>
            <param index="5">
              <value>
                <![CDATA[High]]>
              </value>
            </param>
          </params>
          <exception class="org.testng.SkipException">
            <message>
              <![CDATA[TC03_Verify_BLP_Solutions_ContactUS has been skipped..]]>
            </message>
            <full-stacktrace>
              <![CDATA[org.testng.SkipException: TC03_Verify_BLP_Solutions_ContactUS has been skipped..
	at com.testcases.driverscripts.Execute_MainScript.ExecuteTest(Execute_MainScript.java:333)
	at sun.reflect.NativeMethodAccessorImpl.invoke0(Native Method)
	at sun.reflect.NativeMethodAccessorImpl.invoke(Unknown Source)
	at sun.reflect.DelegatingMethodAccessorImpl.invoke(Unknown Source)
	at java.lang.reflect.Method.invoke(Unknown Source)
	at org.testng.internal.MethodInvocationHelper.invokeMethod(MethodInvocationHelper.java:86)
	at org.testng.internal.Invoker.invokeMethod(Invoker.java:643)
	at org.testng.internal.Invoker.invokeTestMethod(Invoker.java:820)
	at org.testng.internal.Invoker.invokeTestMethods(Invoker.java:1128)
	at org.testng.internal.TestMethodWorker.invokeTestMethods(TestMethodWorker.java:129)
	at org.testng.internal.TestMethodWorker.run(TestMethodWorker.java:112)
	at org.testng.TestRunner.privateRun(TestRunner.java:782)
	at org.testng.TestRunner.run(TestRunner.java:632)
	at org.testng.SuiteRunner.runTest(SuiteRunner.java:366)
	at org.testng.SuiteRunner.runSequentially(SuiteRunner.java:361)
	at org.testng.SuiteRunner.privateRun(SuiteRunner.java:319)
	at org.testng.SuiteRunner.run(SuiteRunner.java:268)
	at org.testng.SuiteRunnerWorker.runSuite(SuiteRunnerWorker.java:52)
	at org.testng.SuiteRunnerWorker.run(SuiteRunnerWorker.java:86)
	at org.testng.TestNG.runSuitesSequentially(TestNG.java:1244)
	at org.testng.TestNG.runSuitesLocally(TestNG.java:1169)
	at org.testng.TestNG.run(TestNG.java:1064)
	at org.testng.remote.AbstractRemoteTestNG.run(AbstractRemoteTestNG.java:114)
	at org.testng.remote.RemoteTestNG.initAndRun(RemoteTestNG.java:251)
	at org.testng.remote.RemoteTestNG.main(RemoteTestNG.java:77)
]]>
            </full-stacktrace>
          </exception> <!-- org.testng.SkipException -->
          <reporter-output>
          </reporter-output>
        </test-method> <!-- ExecuteTest -->
        <test-method status="PASS" signature="TestResults(org.testng.ITestResult)[pri:0, instance:com.testcases.driverscripts.Execute_MainScript@3cef309d]" name="TestResults" is-config="true" duration-ms="0" started-at="2019-10-31T20:42:00Z" finished-at="2019-10-31T20:42:00Z">
          <params>
            <param index="0">
              <value>
                <![CDATA[[TestResult name=ExecuteTest status=SKIP method=Execute_MainScript.ExecuteTest(java.lang.String, java.lang.String, java.lang.String, java.lang.String, java.lang.String, java.lang.String)[pri:1, instance:com.testcases.driverscripts.Execute_MainScript@3cef309d] output={null}]]]>
              </value>
            </param>
          </params>
          <reporter-output>
          </reporter-output>
        </test-method> <!-- TestResults -->
        <test-method status="PASS" signature="TestResults(org.testng.ITestResult)[pri:0, instance:com.testcases.driverscripts.Execute_MainScript@3cef309d]" name="TestResults" is-config="true" duration-ms="1" started-at="2019-10-31T20:42:00Z" finished-at="2019-10-31T20:42:00Z">
          <params>
            <param index="0">
              <value>
                <![CDATA[[TestResult name=ExecuteTest status=SKIP method=Execute_MainScript.ExecuteTest(java.lang.String, java.lang.String, java.lang.String, java.lang.String, java.lang.String, java.lang.String)[pri:1, instance:com.testcases.driverscripts.Execute_MainScript@3cef309d] output={null}]]]>
              </value>
            </param>
          </params>
          <reporter-output>
          </reporter-output>
        </test-method> <!-- TestResults -->
        <test-method status="SKIP" signature="ExecuteTest(java.lang.String, java.lang.String, java.lang.String, java.lang.String, java.lang.String, java.lang.String)[pri:1, instance:com.testcases.driverscripts.Execute_MainScript@3cef309d]" name="ExecuteTest" duration-ms="10" started-at="2019-10-31T20:42:00Z" data-provider="Fetch_Master_data" finished-at="2019-10-31T20:42:00Z">
          <params>
            <param index="0">
              <value>
                <![CDATA[ALL_PAGES]]>
              </value>
            </param>
            <param index="1">
              <value>
                <![CDATA[END_TO_END]]>
              </value>
            </param>
            <param index="2">
              <value>
                <![CDATA[TC04_Search_product_not_in_Catalog]]>
              </value>
            </param>
            <param index="3">
              <value>
                <![CDATA[Search product not in Catalog ]]>
              </value>
            </param>
            <param index="4">
              <value>
                <![CDATA[No]]>
              </value>
            </param>
            <param index="5">
              <value>
                <![CDATA[High]]>
              </value>
            </param>
          </params>
          <exception class="org.testng.SkipException">
            <message>
              <![CDATA[TC04_Search_product_not_in_Catalog has been skipped..]]>
            </message>
            <full-stacktrace>
              <![CDATA[org.testng.SkipException: TC04_Search_product_not_in_Catalog has been skipped..
	at com.testcases.driverscripts.Execute_MainScript.ExecuteTest(Execute_MainScript.java:333)
	at sun.reflect.NativeMethodAccessorImpl.invoke0(Native Method)
	at sun.reflect.NativeMethodAccessorImpl.invoke(Unknown Source)
	at sun.reflect.DelegatingMethodAccessorImpl.invoke(Unknown Source)
	at java.lang.reflect.Method.invoke(Unknown Source)
	at org.testng.internal.MethodInvocationHelper.invokeMethod(MethodInvocationHelper.java:86)
	at org.testng.internal.Invoker.invokeMethod(Invoker.java:643)
	at org.testng.internal.Invoker.invokeTestMethod(Invoker.java:820)
	at org.testng.internal.Invoker.invokeTestMethods(Invoker.java:1128)
	at org.testng.internal.TestMethodWorker.invokeTestMethods(TestMethodWorker.java:129)
	at org.testng.internal.TestMethodWorker.run(TestMethodWorker.java:112)
	at org.testng.TestRunner.privateRun(TestRunner.java:782)
	at org.testng.TestRunner.run(TestRunner.java:632)
	at org.testng.SuiteRunner.runTest(SuiteRunner.java:366)
	at org.testng.SuiteRunner.runSequentially(SuiteRunner.java:361)
	at org.testng.SuiteRunner.privateRun(SuiteRunner.java:319)
	at org.testng.SuiteRunner.run(SuiteRunner.java:268)
	at org.testng.SuiteRunnerWorker.runSuite(SuiteRunnerWorker.java:52)
	at org.testng.SuiteRunnerWorker.run(SuiteRunnerWorker.java:86)
	at org.testng.TestNG.runSuitesSequentially(TestNG.java:1244)
	at org.testng.TestNG.runSuitesLocally(TestNG.java:1169)
	at org.testng.TestNG.run(TestNG.java:1064)
	at org.testng.remote.AbstractRemoteTestNG.run(AbstractRemoteTestNG.java:114)
	at org.testng.remote.RemoteTestNG.initAndRun(RemoteTestNG.java:251)
	at org.testng.remote.RemoteTestNG.main(RemoteTestNG.java:77)
]]>
            </full-stacktrace>
          </exception> <!-- org.testng.SkipException -->
          <reporter-output>
          </reporter-output>
        </test-method> <!-- ExecuteTest -->
        <test-method status="PASS" signature="TestResults(org.testng.ITestResult)[pri:0, instance:com.testcases.driverscripts.Execute_MainScript@3cef309d]" name="TestResults" is-config="true" duration-ms="0" started-at="2019-10-31T20:42:00Z" finished-at="2019-10-31T20:42:00Z">
          <params>
            <param index="0">
              <value>
                <![CDATA[[TestResult name=ExecuteTest status=SKIP method=Execute_MainScript.ExecuteTest(java.lang.String, java.lang.String, java.lang.String, java.lang.String, java.lang.String, java.lang.String)[pri:1, instance:com.testcases.driverscripts.Execute_MainScript@3cef309d] output={null}]]]>
              </value>
            </param>
          </params>
          <reporter-output>
          </reporter-output>
        </test-method> <!-- TestResults -->
        <test-method status="SKIP" signature="ExecuteTest(java.lang.String, java.lang.String, java.lang.String, java.lang.String, java.lang.String, java.lang.String)[pri:1, instance:com.testcases.driverscripts.Execute_MainScript@3cef309d]" name="ExecuteTest" duration-ms="11" started-at="2019-10-31T20:42:00Z" data-provider="Fetch_Master_data" finished-at="2019-10-31T20:42:00Z">
          <params>
            <param index="0">
              <value>
                <![CDATA[ALL_PAGES]]>
              </value>
            </param>
            <param index="1">
              <value>
                <![CDATA[END_TO_END]]>
              </value>
            </param>
            <param index="2">
              <value>
                <![CDATA[TC05_Search_product_in_Catalog]]>
              </value>
            </param>
            <param index="3">
              <value>
                <![CDATA[Search product in Catalog ]]>
              </value>
            </param>
            <param index="4">
              <value>
                <![CDATA[No]]>
              </value>
            </param>
            <param index="5">
              <value>
                <![CDATA[High]]>
              </value>
            </param>
          </params>
          <exception class="org.testng.SkipException">
            <message>
              <![CDATA[TC05_Search_product_in_Catalog has been skipped..]]>
            </message>
            <full-stacktrace>
              <![CDATA[org.testng.SkipException: TC05_Search_product_in_Catalog has been skipped..
	at com.testcases.driverscripts.Execute_MainScript.ExecuteTest(Execute_MainScript.java:333)
	at sun.reflect.NativeMethodAccessorImpl.invoke0(Native Method)
	at sun.reflect.NativeMethodAccessorImpl.invoke(Unknown Source)
	at sun.reflect.DelegatingMethodAccessorImpl.invoke(Unknown Source)
	at java.lang.reflect.Method.invoke(Unknown Source)
	at org.testng.internal.MethodInvocationHelper.invokeMethod(MethodInvocationHelper.java:86)
	at org.testng.internal.Invoker.invokeMethod(Invoker.java:643)
	at org.testng.internal.Invoker.invokeTestMethod(Invoker.java:820)
	at org.testng.internal.Invoker.invokeTestMethods(Invoker.java:1128)
	at org.testng.internal.TestMethodWorker.invokeTestMethods(TestMethodWorker.java:129)
	at org.testng.internal.TestMethodWorker.run(TestMethodWorker.java:112)
	at org.testng.TestRunner.privateRun(TestRunner.java:782)
	at org.testng.TestRunner.run(TestRunner.java:632)
	at org.testng.SuiteRunner.runTest(SuiteRunner.java:366)
	at org.testng.SuiteRunner.runSequentially(SuiteRunner.java:361)
	at org.testng.SuiteRunner.privateRun(SuiteRunner.java:319)
	at org.testng.SuiteRunner.run(SuiteRunner.java:268)
	at org.testng.SuiteRunnerWorker.runSuite(SuiteRunnerWorker.java:52)
	at org.testng.SuiteRunnerWorker.run(SuiteRunnerWorker.java:86)
	at org.testng.TestNG.runSuitesSequentially(TestNG.java:1244)
	at org.testng.TestNG.runSuitesLocally(TestNG.java:1169)
	at org.testng.TestNG.run(TestNG.java:1064)
	at org.testng.remote.AbstractRemoteTestNG.run(AbstractRemoteTestNG.java:114)
	at org.testng.remote.RemoteTestNG.initAndRun(RemoteTestNG.java:251)
	at org.testng.remote.RemoteTestNG.main(RemoteTestNG.java:77)
]]>
            </full-stacktrace>
          </exception> <!-- org.testng.SkipException -->
          <reporter-output>
          </reporter-output>
        </test-method> <!-- ExecuteTest -->
        <test-method status="PASS" signature="TestResults(org.testng.ITestResult)[pri:0, instance:com.testcases.driverscripts.Execute_MainScript@3cef309d]" name="TestResults" is-config="true" duration-ms="0" started-at="2019-10-31T20:42:00Z" finished-at="2019-10-31T20:42:00Z">
          <params>
            <param index="0">
              <value>
                <![CDATA[[TestResult name=ExecuteTest status=SKIP method=Execute_MainScript.ExecuteTest(java.lang.String, java.lang.String, java.lang.String, java.lang.String, java.lang.String, java.lang.String)[pri:1, instance:com.testcases.driverscripts.Execute_MainScript@3cef309d] output={null}]]]>
              </value>
            </param>
          </params>
          <reporter-output>
          </reporter-output>
        </test-method> <!-- TestResults -->
        <test-method status="SKIP" signature="ExecuteTest(java.lang.String, java.lang.String, java.lang.String, java.lang.String, java.lang.String, java.lang.String)[pri:1, instance:com.testcases.driverscripts.Execute_MainScript@3cef309d]" name="ExecuteTest" duration-ms="10" started-at="2019-10-31T20:42:00Z" data-provider="Fetch_Master_data" finished-at="2019-10-31T20:42:00Z">
          <params>
            <param index="0">
              <value>
                <![CDATA[ALL_PAGES]]>
              </value>
            </param>
            <param index="1">
              <value>
                <![CDATA[END_TO_END]]>
              </value>
            </param>
            <param index="2">
              <value>
                <![CDATA[TC6_SearchResults_Typeahead]]>
              </value>
            </param>
            <param index="3">
              <value>
                <![CDATA[1. when user typing, type ahead should work
2. User should be directed to search results list
3. Dimensions should appear on left]]>
              </value>
            </param>
            <param index="4">
              <value>
                <![CDATA[No]]>
              </value>
            </param>
            <param index="5">
              <value>
                <![CDATA[High]]>
              </value>
            </param>
          </params>
          <exception class="org.testng.SkipException">
            <message>
              <![CDATA[TC6_SearchResults_Typeahead has been skipped..]]>
            </message>
            <full-stacktrace>
              <![CDATA[org.testng.SkipException: TC6_SearchResults_Typeahead has been skipped..
	at com.testcases.driverscripts.Execute_MainScript.ExecuteTest(Execute_MainScript.java:333)
	at sun.reflect.NativeMethodAccessorImpl.invoke0(Native Method)
	at sun.reflect.NativeMethodAccessorImpl.invoke(Unknown Source)
	at sun.reflect.DelegatingMethodAccessorImpl.invoke(Unknown Source)
	at java.lang.reflect.Method.invoke(Unknown Source)
	at org.testng.internal.MethodInvocationHelper.invokeMethod(MethodInvocationHelper.java:86)
	at org.testng.internal.Invoker.invokeMethod(Invoker.java:643)
	at org.testng.internal.Invoker.invokeTestMethod(Invoker.java:820)
	at org.testng.internal.Invoker.invokeTestMethods(Invoker.java:1128)
	at org.testng.internal.TestMethodWorker.invokeTestMethods(TestMethodWorker.java:129)
	at org.testng.internal.TestMethodWorker.run(TestMethodWorker.java:112)
	at org.testng.TestRunner.privateRun(TestRunner.java:782)
	at org.testng.TestRunner.run(TestRunner.java:632)
	at org.testng.SuiteRunner.runTest(SuiteRunner.java:366)
	at org.testng.SuiteRunner.runSequentially(SuiteRunner.java:361)
	at org.testng.SuiteRunner.privateRun(SuiteRunner.java:319)
	at org.testng.SuiteRunner.run(SuiteRunner.java:268)
	at org.testng.SuiteRunnerWorker.runSuite(SuiteRunnerWorker.java:52)
	at org.testng.SuiteRunnerWorker.run(SuiteRunnerWorker.java:86)
	at org.testng.TestNG.runSuitesSequentially(TestNG.java:1244)
	at org.testng.TestNG.runSuitesLocally(TestNG.java:1169)
	at org.testng.TestNG.run(TestNG.java:1064)
	at org.testng.remote.AbstractRemoteTestNG.run(AbstractRemoteTestNG.java:114)
	at org.testng.remote.RemoteTestNG.initAndRun(RemoteTestNG.java:251)
	at org.testng.remote.RemoteTestNG.main(RemoteTestNG.java:77)
]]>
            </full-stacktrace>
          </exception> <!-- org.testng.SkipException -->
          <reporter-output>
          </reporter-output>
        </test-method> <!-- ExecuteTest -->
        <test-method status="SKIP" signature="ExecuteTest(java.lang.String, java.lang.String, java.lang.String, java.lang.String, java.lang.String, java.lang.String)[pri:1, instance:com.testcases.driverscripts.Execute_MainScript@3cef309d]" name="ExecuteTest" duration-ms="10" started-at="2019-10-31T20:42:00Z" data-provider="Fetch_Master_data" finished-at="2019-10-31T20:42:00Z">
          <params>
            <param index="0">
              <value>
                <![CDATA[ALL_PAGES]]>
              </value>
            </param>
            <param index="1">
              <value>
                <![CDATA[END_TO_END]]>
              </value>
            </param>
            <param index="2">
              <value>
                <![CDATA[TC07_SearchCategory]]>
              </value>
            </param>
            <param index="3">
              <value>
                <![CDATA[User should be directed to category page]]>
              </value>
            </param>
            <param index="4">
              <value>
                <![CDATA[No]]>
              </value>
            </param>
            <param index="5">
              <value>
                <![CDATA[High]]>
              </value>
            </param>
          </params>
          <exception class="org.testng.SkipException">
            <message>
              <![CDATA[TC07_SearchCategory has been skipped..]]>
            </message>
            <full-stacktrace>
              <![CDATA[org.testng.SkipException: TC07_SearchCategory has been skipped..
	at com.testcases.driverscripts.Execute_MainScript.ExecuteTest(Execute_MainScript.java:333)
	at sun.reflect.NativeMethodAccessorImpl.invoke0(Native Method)
	at sun.reflect.NativeMethodAccessorImpl.invoke(Unknown Source)
	at sun.reflect.DelegatingMethodAccessorImpl.invoke(Unknown Source)
	at java.lang.reflect.Method.invoke(Unknown Source)
	at org.testng.internal.MethodInvocationHelper.invokeMethod(MethodInvocationHelper.java:86)
	at org.testng.internal.Invoker.invokeMethod(Invoker.java:643)
	at org.testng.internal.Invoker.invokeTestMethod(Invoker.java:820)
	at org.testng.internal.Invoker.invokeTestMethods(Invoker.java:1128)
	at org.testng.internal.TestMethodWorker.invokeTestMethods(TestMethodWorker.java:129)
	at org.testng.internal.TestMethodWorker.run(TestMethodWorker.java:112)
	at org.testng.TestRunner.privateRun(TestRunner.java:782)
	at org.testng.TestRunner.run(TestRunner.java:632)
	at org.testng.SuiteRunner.runTest(SuiteRunner.java:366)
	at org.testng.SuiteRunner.runSequentially(SuiteRunner.java:361)
	at org.testng.SuiteRunner.privateRun(SuiteRunner.java:319)
	at org.testng.SuiteRunner.run(SuiteRunner.java:268)
	at org.testng.SuiteRunnerWorker.runSuite(SuiteRunnerWorker.java:52)
	at org.testng.SuiteRunnerWorker.run(SuiteRunnerWorker.java:86)
	at org.testng.TestNG.runSuitesSequentially(TestNG.java:1244)
	at org.testng.TestNG.runSuitesLocally(TestNG.java:1169)
	at org.testng.TestNG.run(TestNG.java:1064)
	at org.testng.remote.AbstractRemoteTestNG.run(AbstractRemoteTestNG.java:114)
	at org.testng.remote.RemoteTestNG.initAndRun(RemoteTestNG.java:251)
	at org.testng.remote.RemoteTestNG.main(RemoteTestNG.java:77)
]]>
            </full-stacktrace>
          </exception> <!-- org.testng.SkipException -->
          <reporter-output>
          </reporter-output>
        </test-method> <!-- ExecuteTest -->
        <test-method status="PASS" signature="TestResults(org.testng.ITestResult)[pri:0, instance:com.testcases.driverscripts.Execute_MainScript@3cef309d]" name="TestResults" is-config="true" duration-ms="0" started-at="2019-10-31T20:42:00Z" finished-at="2019-10-31T20:42:00Z">
          <params>
            <param index="0">
              <value>
                <![CDATA[[TestResult name=ExecuteTest status=SKIP method=Execute_MainScript.ExecuteTest(java.lang.String, java.lang.String, java.lang.String, java.lang.String, java.lang.String, java.lang.String)[pri:1, instance:com.testcases.driverscripts.Execute_MainScript@3cef309d] output={null}]]]>
              </value>
            </param>
          </params>
          <reporter-output>
          </reporter-output>
        </test-method> <!-- TestResults -->
        <test-method status="PASS" signature="TestResults(org.testng.ITestResult)[pri:0, instance:com.testcases.driverscripts.Execute_MainScript@3cef309d]" name="TestResults" is-config="true" duration-ms="1" started-at="2019-10-31T20:42:00Z" finished-at="2019-10-31T20:42:00Z">
          <params>
            <param index="0">
              <value>
                <![CDATA[[TestResult name=ExecuteTest status=SKIP method=Execute_MainScript.ExecuteTest(java.lang.String, java.lang.String, java.lang.String, java.lang.String, java.lang.String, java.lang.String)[pri:1, instance:com.testcases.driverscripts.Execute_MainScript@3cef309d] output={null}]]]>
              </value>
            </param>
          </params>
          <reporter-output>
          </reporter-output>
        </test-method> <!-- TestResults -->
        <test-method status="SKIP" signature="ExecuteTest(java.lang.String, java.lang.String, java.lang.String, java.lang.String, java.lang.String, java.lang.String)[pri:1, instance:com.testcases.driverscripts.Execute_MainScript@3cef309d]" name="ExecuteTest" duration-ms="9" started-at="2019-10-31T20:42:00Z" data-provider="Fetch_Master_data" finished-at="2019-10-31T20:42:00Z">
          <params>
            <param index="0">
              <value>
                <![CDATA[ALL_PAGES]]>
              </value>
            </param>
            <param index="1">
              <value>
                <![CDATA[END_TO_END]]>
              </value>
            </param>
            <param index="2">
              <value>
                <![CDATA[TC08_VerifyProductListPLP]]>
              </value>
            </param>
            <param index="3">
              <value>
                <![CDATA[Should display products list]]>
              </value>
            </param>
            <param index="4">
              <value>
                <![CDATA[No]]>
              </value>
            </param>
            <param index="5">
              <value>
                <![CDATA[High]]>
              </value>
            </param>
          </params>
          <exception class="org.testng.SkipException">
            <message>
              <![CDATA[TC08_VerifyProductListPLP has been skipped..]]>
            </message>
            <full-stacktrace>
              <![CDATA[org.testng.SkipException: TC08_VerifyProductListPLP has been skipped..
	at com.testcases.driverscripts.Execute_MainScript.ExecuteTest(Execute_MainScript.java:333)
	at sun.reflect.NativeMethodAccessorImpl.invoke0(Native Method)
	at sun.reflect.NativeMethodAccessorImpl.invoke(Unknown Source)
	at sun.reflect.DelegatingMethodAccessorImpl.invoke(Unknown Source)
	at java.lang.reflect.Method.invoke(Unknown Source)
	at org.testng.internal.MethodInvocationHelper.invokeMethod(MethodInvocationHelper.java:86)
	at org.testng.internal.Invoker.invokeMethod(Invoker.java:643)
	at org.testng.internal.Invoker.invokeTestMethod(Invoker.java:820)
	at org.testng.internal.Invoker.invokeTestMethods(Invoker.java:1128)
	at org.testng.internal.TestMethodWorker.invokeTestMethods(TestMethodWorker.java:129)
	at org.testng.internal.TestMethodWorker.run(TestMethodWorker.java:112)
	at org.testng.TestRunner.privateRun(TestRunner.java:782)
	at org.testng.TestRunner.run(TestRunner.java:632)
	at org.testng.SuiteRunner.runTest(SuiteRunner.java:366)
	at org.testng.SuiteRunner.runSequentially(SuiteRunner.java:361)
	at org.testng.SuiteRunner.privateRun(SuiteRunner.java:319)
	at org.testng.SuiteRunner.run(SuiteRunner.java:268)
	at org.testng.SuiteRunnerWorker.runSuite(SuiteRunnerWorker.java:52)
	at org.testng.SuiteRunnerWorker.run(SuiteRunnerWorker.java:86)
	at org.testng.TestNG.runSuitesSequentially(TestNG.java:1244)
	at org.testng.TestNG.runSuitesLocally(TestNG.java:1169)
	at org.testng.TestNG.run(TestNG.java:1064)
	at org.testng.remote.AbstractRemoteTestNG.run(AbstractRemoteTestNG.java:114)
	at org.testng.remote.RemoteTestNG.initAndRun(RemoteTestNG.java:251)
	at org.testng.remote.RemoteTestNG.main(RemoteTestNG.java:77)
]]>
            </full-stacktrace>
          </exception> <!-- org.testng.SkipException -->
          <reporter-output>
          </reporter-output>
        </test-method> <!-- ExecuteTest -->
        <test-method status="PASS" signature="TestResults(org.testng.ITestResult)[pri:0, instance:com.testcases.driverscripts.Execute_MainScript@3cef309d]" name="TestResults" is-config="true" duration-ms="0" started-at="2019-10-31T20:42:00Z" finished-at="2019-10-31T20:42:00Z">
          <params>
            <param index="0">
              <value>
                <![CDATA[[TestResult name=ExecuteTest status=SKIP method=Execute_MainScript.ExecuteTest(java.lang.String, java.lang.String, java.lang.String, java.lang.String, java.lang.String, java.lang.String)[pri:1, instance:com.testcases.driverscripts.Execute_MainScript@3cef309d] output={null}]]]>
              </value>
            </param>
          </params>
          <reporter-output>
          </reporter-output>
        </test-method> <!-- TestResults -->
        <test-method status="SKIP" signature="ExecuteTest(java.lang.String, java.lang.String, java.lang.String, java.lang.String, java.lang.String, java.lang.String)[pri:1, instance:com.testcases.driverscripts.Execute_MainScript@3cef309d]" name="ExecuteTest" duration-ms="9" started-at="2019-10-31T20:42:00Z" data-provider="Fetch_Master_data" finished-at="2019-10-31T20:42:00Z">
          <params>
            <param index="0">
              <value>
                <![CDATA[ALL_PAGES]]>
              </value>
            </param>
            <param index="1">
              <value>
                <![CDATA[END_TO_END]]>
              </value>
            </param>
            <param index="2">
              <value>
                <![CDATA[TC09_Verify_Documented_Savings]]>
              </value>
            </param>
            <param index="3">
              <value>
                <![CDATA[Article should display]]>
              </value>
            </param>
            <param index="4">
              <value>
                <![CDATA[No]]>
              </value>
            </param>
            <param index="5">
              <value>
                <![CDATA[High]]>
              </value>
            </param>
          </params>
          <exception class="org.testng.SkipException">
            <message>
              <![CDATA[TC09_Verify_Documented_Savings has been skipped..]]>
            </message>
            <full-stacktrace>
              <![CDATA[org.testng.SkipException: TC09_Verify_Documented_Savings has been skipped..
	at com.testcases.driverscripts.Execute_MainScript.ExecuteTest(Execute_MainScript.java:333)
	at sun.reflect.NativeMethodAccessorImpl.invoke0(Native Method)
	at sun.reflect.NativeMethodAccessorImpl.invoke(Unknown Source)
	at sun.reflect.DelegatingMethodAccessorImpl.invoke(Unknown Source)
	at java.lang.reflect.Method.invoke(Unknown Source)
	at org.testng.internal.MethodInvocationHelper.invokeMethod(MethodInvocationHelper.java:86)
	at org.testng.internal.Invoker.invokeMethod(Invoker.java:643)
	at org.testng.internal.Invoker.invokeTestMethod(Invoker.java:820)
	at org.testng.internal.Invoker.invokeTestMethods(Invoker.java:1128)
	at org.testng.internal.TestMethodWorker.invokeTestMethods(TestMethodWorker.java:129)
	at org.testng.internal.TestMethodWorker.run(TestMethodWorker.java:112)
	at org.testng.TestRunner.privateRun(TestRunner.java:782)
	at org.testng.TestRunner.run(TestRunner.java:632)
	at org.testng.SuiteRunner.runTest(SuiteRunner.java:366)
	at org.testng.SuiteRunner.runSequentially(SuiteRunner.java:361)
	at org.testng.SuiteRunner.privateRun(SuiteRunner.java:319)
	at org.testng.SuiteRunner.run(SuiteRunner.java:268)
	at org.testng.SuiteRunnerWorker.runSuite(SuiteRunnerWorker.java:52)
	at org.testng.SuiteRunnerWorker.run(SuiteRunnerWorker.java:86)
	at org.testng.TestNG.runSuitesSequentially(TestNG.java:1244)
	at org.testng.TestNG.runSuitesLocally(TestNG.java:1169)
	at org.testng.TestNG.run(TestNG.java:1064)
	at org.testng.remote.AbstractRemoteTestNG.run(AbstractRemoteTestNG.java:114)
	at org.testng.remote.RemoteTestNG.initAndRun(RemoteTestNG.java:251)
	at org.testng.remote.RemoteTestNG.main(RemoteTestNG.java:77)
]]>
            </full-stacktrace>
          </exception> <!-- org.testng.SkipException -->
          <reporter-output>
          </reporter-output>
        </test-method> <!-- ExecuteTest -->
        <test-method status="SKIP" signature="ExecuteTest(java.lang.String, java.lang.String, java.lang.String, java.lang.String, java.lang.String, java.lang.String)[pri:1, instance:com.testcases.driverscripts.Execute_MainScript@3cef309d]" name="ExecuteTest" duration-ms="10" started-at="2019-10-31T20:42:00Z" data-provider="Fetch_Master_data" finished-at="2019-10-31T20:42:00Z">
          <params>
            <param index="0">
              <value>
                <![CDATA[ALL_PAGES]]>
              </value>
            </param>
            <param index="1">
              <value>
                <![CDATA[END_TO_END]]>
              </value>
            </param>
            <param index="2">
              <value>
                <![CDATA[TC10_Verify_Search_results]]>
              </value>
            </param>
            <param index="3">
              <value>
                <![CDATA[Search results must display]]>
              </value>
            </param>
            <param index="4">
              <value>
                <![CDATA[No]]>
              </value>
            </param>
            <param index="5">
              <value>
                <![CDATA[High]]>
              </value>
            </param>
          </params>
          <exception class="org.testng.SkipException">
            <message>
              <![CDATA[TC10_Verify_Search_results has been skipped..]]>
            </message>
            <full-stacktrace>
              <![CDATA[org.testng.SkipException: TC10_Verify_Search_results has been skipped..
	at com.testcases.driverscripts.Execute_MainScript.ExecuteTest(Execute_MainScript.java:333)
	at sun.reflect.NativeMethodAccessorImpl.invoke0(Native Method)
	at sun.reflect.NativeMethodAccessorImpl.invoke(Unknown Source)
	at sun.reflect.DelegatingMethodAccessorImpl.invoke(Unknown Source)
	at java.lang.reflect.Method.invoke(Unknown Source)
	at org.testng.internal.MethodInvocationHelper.invokeMethod(MethodInvocationHelper.java:86)
	at org.testng.internal.Invoker.invokeMethod(Invoker.java:643)
	at org.testng.internal.Invoker.invokeTestMethod(Invoker.java:820)
	at org.testng.internal.Invoker.invokeTestMethods(Invoker.java:1128)
	at org.testng.internal.TestMethodWorker.invokeTestMethods(TestMethodWorker.java:129)
	at org.testng.internal.TestMethodWorker.run(TestMethodWorker.java:112)
	at org.testng.TestRunner.privateRun(TestRunner.java:782)
	at org.testng.TestRunner.run(TestRunner.java:632)
	at org.testng.SuiteRunner.runTest(SuiteRunner.java:366)
	at org.testng.SuiteRunner.runSequentially(SuiteRunner.java:361)
	at org.testng.SuiteRunner.privateRun(SuiteRunner.java:319)
	at org.testng.SuiteRunner.run(SuiteRunner.java:268)
	at org.testng.SuiteRunnerWorker.runSuite(SuiteRunnerWorker.java:52)
	at org.testng.SuiteRunnerWorker.run(SuiteRunnerWorker.java:86)
	at org.testng.TestNG.runSuitesSequentially(TestNG.java:1244)
	at org.testng.TestNG.runSuitesLocally(TestNG.java:1169)
	at org.testng.TestNG.run(TestNG.java:1064)
	at org.testng.remote.AbstractRemoteTestNG.run(AbstractRemoteTestNG.java:114)
	at org.testng.remote.RemoteTestNG.initAndRun(RemoteTestNG.java:251)
	at org.testng.remote.RemoteTestNG.main(RemoteTestNG.java:77)
]]>
            </full-stacktrace>
          </exception> <!-- org.testng.SkipException -->
          <reporter-output>
          </reporter-output>
        </test-method> <!-- ExecuteTest -->
        <test-method status="PASS" signature="TestResults(org.testng.ITestResult)[pri:0, instance:com.testcases.driverscripts.Execute_MainScript@3cef309d]" name="TestResults" is-config="true" duration-ms="0" started-at="2019-10-31T20:42:00Z" finished-at="2019-10-31T20:42:00Z">
          <params>
            <param index="0">
              <value>
                <![CDATA[[TestResult name=ExecuteTest status=SKIP method=Execute_MainScript.ExecuteTest(java.lang.String, java.lang.String, java.lang.String, java.lang.String, java.lang.String, java.lang.String)[pri:1, instance:com.testcases.driverscripts.Execute_MainScript@3cef309d] output={null}]]]>
              </value>
            </param>
          </params>
          <reporter-output>
          </reporter-output>
        </test-method> <!-- TestResults -->
        <test-method status="PASS" signature="TestResults(org.testng.ITestResult)[pri:0, instance:com.testcases.driverscripts.Execute_MainScript@3cef309d]" name="TestResults" is-config="true" duration-ms="1" started-at="2019-10-31T20:42:00Z" finished-at="2019-10-31T20:42:00Z">
          <params>
            <param index="0">
              <value>
                <![CDATA[[TestResult name=ExecuteTest status=SKIP method=Execute_MainScript.ExecuteTest(java.lang.String, java.lang.String, java.lang.String, java.lang.String, java.lang.String, java.lang.String)[pri:1, instance:com.testcases.driverscripts.Execute_MainScript@3cef309d] output={null}]]]>
              </value>
            </param>
          </params>
          <reporter-output>
          </reporter-output>
        </test-method> <!-- TestResults -->
        <test-method status="SKIP" signature="ExecuteTest(java.lang.String, java.lang.String, java.lang.String, java.lang.String, java.lang.String, java.lang.String)[pri:1, instance:com.testcases.driverscripts.Execute_MainScript@3cef309d]" name="ExecuteTest" duration-ms="8" started-at="2019-10-31T20:42:00Z" data-provider="Fetch_Master_data" finished-at="2019-10-31T20:42:00Z">
          <params>
            <param index="0">
              <value>
                <![CDATA[ALL_PAGES]]>
              </value>
            </param>
            <param index="1">
              <value>
                <![CDATA[END_TO_END]]>
              </value>
            </param>
            <param index="2">
              <value>
                <![CDATA[TC11_Verify_PDP_From_Search_results]]>
              </value>
            </param>
            <param index="3">
              <value>
                <![CDATA[PDP should display]]>
              </value>
            </param>
            <param index="4">
              <value>
                <![CDATA[No]]>
              </value>
            </param>
            <param index="5">
              <value>
                <![CDATA[High]]>
              </value>
            </param>
          </params>
          <exception class="org.testng.SkipException">
            <message>
              <![CDATA[TC11_Verify_PDP_From_Search_results has been skipped..]]>
            </message>
            <full-stacktrace>
              <![CDATA[org.testng.SkipException: TC11_Verify_PDP_From_Search_results has been skipped..
	at com.testcases.driverscripts.Execute_MainScript.ExecuteTest(Execute_MainScript.java:333)
	at sun.reflect.NativeMethodAccessorImpl.invoke0(Native Method)
	at sun.reflect.NativeMethodAccessorImpl.invoke(Unknown Source)
	at sun.reflect.DelegatingMethodAccessorImpl.invoke(Unknown Source)
	at java.lang.reflect.Method.invoke(Unknown Source)
	at org.testng.internal.MethodInvocationHelper.invokeMethod(MethodInvocationHelper.java:86)
	at org.testng.internal.Invoker.invokeMethod(Invoker.java:643)
	at org.testng.internal.Invoker.invokeTestMethod(Invoker.java:820)
	at org.testng.internal.Invoker.invokeTestMethods(Invoker.java:1128)
	at org.testng.internal.TestMethodWorker.invokeTestMethods(TestMethodWorker.java:129)
	at org.testng.internal.TestMethodWorker.run(TestMethodWorker.java:112)
	at org.testng.TestRunner.privateRun(TestRunner.java:782)
	at org.testng.TestRunner.run(TestRunner.java:632)
	at org.testng.SuiteRunner.runTest(SuiteRunner.java:366)
	at org.testng.SuiteRunner.runSequentially(SuiteRunner.java:361)
	at org.testng.SuiteRunner.privateRun(SuiteRunner.java:319)
	at org.testng.SuiteRunner.run(SuiteRunner.java:268)
	at org.testng.SuiteRunnerWorker.runSuite(SuiteRunnerWorker.java:52)
	at org.testng.SuiteRunnerWorker.run(SuiteRunnerWorker.java:86)
	at org.testng.TestNG.runSuitesSequentially(TestNG.java:1244)
	at org.testng.TestNG.runSuitesLocally(TestNG.java:1169)
	at org.testng.TestNG.run(TestNG.java:1064)
	at org.testng.remote.AbstractRemoteTestNG.run(AbstractRemoteTestNG.java:114)
	at org.testng.remote.RemoteTestNG.initAndRun(RemoteTestNG.java:251)
	at org.testng.remote.RemoteTestNG.main(RemoteTestNG.java:77)
]]>
            </full-stacktrace>
          </exception> <!-- org.testng.SkipException -->
          <reporter-output>
          </reporter-output>
        </test-method> <!-- ExecuteTest -->
        <test-method status="SKIP" signature="ExecuteTest(java.lang.String, java.lang.String, java.lang.String, java.lang.String, java.lang.String, java.lang.String)[pri:1, instance:com.testcases.driverscripts.Execute_MainScript@3cef309d]" name="ExecuteTest" duration-ms="10" started-at="2019-10-31T20:42:00Z" data-provider="Fetch_Master_data" finished-at="2019-10-31T20:42:00Z">
          <params>
            <param index="0">
              <value>
                <![CDATA[ALL_PAGES]]>
              </value>
            </param>
            <param index="1">
              <value>
                <![CDATA[END_TO_END]]>
              </value>
            </param>
            <param index="2">
              <value>
                <![CDATA[TC12_Verify_AddToCart_from_PDP]]>
              </value>
            </param>
            <param index="3">
              <value>
                <![CDATA[1. Item should be added to cart
2. Appropriate inventory message must be displayed]]>
              </value>
            </param>
            <param index="4">
              <value>
                <![CDATA[No]]>
              </value>
            </param>
            <param index="5">
              <value>
                <![CDATA[High]]>
              </value>
            </param>
          </params>
          <exception class="org.testng.SkipException">
            <message>
              <![CDATA[TC12_Verify_AddToCart_from_PDP has been skipped..]]>
            </message>
            <full-stacktrace>
              <![CDATA[org.testng.SkipException: TC12_Verify_AddToCart_from_PDP has been skipped..
	at com.testcases.driverscripts.Execute_MainScript.ExecuteTest(Execute_MainScript.java:333)
	at sun.reflect.NativeMethodAccessorImpl.invoke0(Native Method)
	at sun.reflect.NativeMethodAccessorImpl.invoke(Unknown Source)
	at sun.reflect.DelegatingMethodAccessorImpl.invoke(Unknown Source)
	at java.lang.reflect.Method.invoke(Unknown Source)
	at org.testng.internal.MethodInvocationHelper.invokeMethod(MethodInvocationHelper.java:86)
	at org.testng.internal.Invoker.invokeMethod(Invoker.java:643)
	at org.testng.internal.Invoker.invokeTestMethod(Invoker.java:820)
	at org.testng.internal.Invoker.invokeTestMethods(Invoker.java:1128)
	at org.testng.internal.TestMethodWorker.invokeTestMethods(TestMethodWorker.java:129)
	at org.testng.internal.TestMethodWorker.run(TestMethodWorker.java:112)
	at org.testng.TestRunner.privateRun(TestRunner.java:782)
	at org.testng.TestRunner.run(TestRunner.java:632)
	at org.testng.SuiteRunner.runTest(SuiteRunner.java:366)
	at org.testng.SuiteRunner.runSequentially(SuiteRunner.java:361)
	at org.testng.SuiteRunner.privateRun(SuiteRunner.java:319)
	at org.testng.SuiteRunner.run(SuiteRunner.java:268)
	at org.testng.SuiteRunnerWorker.runSuite(SuiteRunnerWorker.java:52)
	at org.testng.SuiteRunnerWorker.run(SuiteRunnerWorker.java:86)
	at org.testng.TestNG.runSuitesSequentially(TestNG.java:1244)
	at org.testng.TestNG.runSuitesLocally(TestNG.java:1169)
	at org.testng.TestNG.run(TestNG.java:1064)
	at org.testng.remote.AbstractRemoteTestNG.run(AbstractRemoteTestNG.java:114)
	at org.testng.remote.RemoteTestNG.initAndRun(RemoteTestNG.java:251)
	at org.testng.remote.RemoteTestNG.main(RemoteTestNG.java:77)
]]>
            </full-stacktrace>
          </exception> <!-- org.testng.SkipException -->
          <reporter-output>
          </reporter-output>
        </test-method> <!-- ExecuteTest -->
        <test-method status="PASS" signature="TestResults(org.testng.ITestResult)[pri:0, instance:com.testcases.driverscripts.Execute_MainScript@3cef309d]" name="TestResults" is-config="true" duration-ms="0" started-at="2019-10-31T20:42:00Z" finished-at="2019-10-31T20:42:00Z">
          <params>
            <param index="0">
              <value>
                <![CDATA[[TestResult name=ExecuteTest status=SKIP method=Execute_MainScript.ExecuteTest(java.lang.String, java.lang.String, java.lang.String, java.lang.String, java.lang.String, java.lang.String)[pri:1, instance:com.testcases.driverscripts.Execute_MainScript@3cef309d] output={null}]]]>
              </value>
            </param>
          </params>
          <reporter-output>
          </reporter-output>
        </test-method> <!-- TestResults -->
        <test-method status="PASS" signature="TestResults(org.testng.ITestResult)[pri:0, instance:com.testcases.driverscripts.Execute_MainScript@3cef309d]" name="TestResults" is-config="true" duration-ms="1" started-at="2019-10-31T20:42:00Z" finished-at="2019-10-31T20:42:00Z">
          <params>
            <param index="0">
              <value>
                <![CDATA[[TestResult name=ExecuteTest status=SKIP method=Execute_MainScript.ExecuteTest(java.lang.String, java.lang.String, java.lang.String, java.lang.String, java.lang.String, java.lang.String)[pri:1, instance:com.testcases.driverscripts.Execute_MainScript@3cef309d] output={null}]]]>
              </value>
            </param>
          </params>
          <reporter-output>
          </reporter-output>
        </test-method> <!-- TestResults -->
        <test-method status="SKIP" signature="ExecuteTest(java.lang.String, java.lang.String, java.lang.String, java.lang.String, java.lang.String, java.lang.String)[pri:1, instance:com.testcases.driverscripts.Execute_MainScript@3cef309d]" name="ExecuteTest" duration-ms="12" started-at="2019-10-31T20:42:00Z" data-provider="Fetch_Master_data" finished-at="2019-10-31T20:42:00Z">
          <params>
            <param index="0">
              <value>
                <![CDATA[ALL_PAGES]]>
              </value>
            </param>
            <param index="1">
              <value>
                <![CDATA[END_TO_END]]>
              </value>
            </param>
            <param index="2">
              <value>
                <![CDATA[TC13_Verify_Search_Dimensions]]>
              </value>
            </param>
            <param index="3">
              <value>
                <![CDATA[Search results should appear
Dimensions appear on left]]>
              </value>
            </param>
            <param index="4">
              <value>
                <![CDATA[No]]>
              </value>
            </param>
            <param index="5">
              <value>
                <![CDATA[High]]>
              </value>
            </param>
          </params>
          <exception class="org.testng.SkipException">
            <message>
              <![CDATA[TC13_Verify_Search_Dimensions has been skipped..]]>
            </message>
            <full-stacktrace>
              <![CDATA[org.testng.SkipException: TC13_Verify_Search_Dimensions has been skipped..
	at com.testcases.driverscripts.Execute_MainScript.ExecuteTest(Execute_MainScript.java:333)
	at sun.reflect.NativeMethodAccessorImpl.invoke0(Native Method)
	at sun.reflect.NativeMethodAccessorImpl.invoke(Unknown Source)
	at sun.reflect.DelegatingMethodAccessorImpl.invoke(Unknown Source)
	at java.lang.reflect.Method.invoke(Unknown Source)
	at org.testng.internal.MethodInvocationHelper.invokeMethod(MethodInvocationHelper.java:86)
	at org.testng.internal.Invoker.invokeMethod(Invoker.java:643)
	at org.testng.internal.Invoker.invokeTestMethod(Invoker.java:820)
	at org.testng.internal.Invoker.invokeTestMethods(Invoker.java:1128)
	at org.testng.internal.TestMethodWorker.invokeTestMethods(TestMethodWorker.java:129)
	at org.testng.internal.TestMethodWorker.run(TestMethodWorker.java:112)
	at org.testng.TestRunner.privateRun(TestRunner.java:782)
	at org.testng.TestRunner.run(TestRunner.java:632)
	at org.testng.SuiteRunner.runTest(SuiteRunner.java:366)
	at org.testng.SuiteRunner.runSequentially(SuiteRunner.java:361)
	at org.testng.SuiteRunner.privateRun(SuiteRunner.java:319)
	at org.testng.SuiteRunner.run(SuiteRunner.java:268)
	at org.testng.SuiteRunnerWorker.runSuite(SuiteRunnerWorker.java:52)
	at org.testng.SuiteRunnerWorker.run(SuiteRunnerWorker.java:86)
	at org.testng.TestNG.runSuitesSequentially(TestNG.java:1244)
	at org.testng.TestNG.runSuitesLocally(TestNG.java:1169)
	at org.testng.TestNG.run(TestNG.java:1064)
	at org.testng.remote.AbstractRemoteTestNG.run(AbstractRemoteTestNG.java:114)
	at org.testng.remote.RemoteTestNG.initAndRun(RemoteTestNG.java:251)
	at org.testng.remote.RemoteTestNG.main(RemoteTestNG.java:77)
]]>
            </full-stacktrace>
          </exception> <!-- org.testng.SkipException -->
          <reporter-output>
          </reporter-output>
        </test-method> <!-- ExecuteTest -->
        <test-method status="SKIP" signature="ExecuteTest(java.lang.String, java.lang.String, java.lang.String, java.lang.String, java.lang.String, java.lang.String)[pri:1, instance:com.testcases.driverscripts.Execute_MainScript@3cef309d]" name="ExecuteTest" duration-ms="12" started-at="2019-10-31T20:42:00Z" data-provider="Fetch_Master_data" finished-at="2019-10-31T20:42:00Z">
          <params>
            <param index="0">
              <value>
                <![CDATA[ALL_PAGES]]>
              </value>
            </param>
            <param index="1">
              <value>
                <![CDATA[END_TO_END]]>
              </value>
            </param>
            <param index="2">
              <value>
                <![CDATA[TC14_Verify_AddToCart_from_Search]]>
              </value>
            </param>
            <param index="3">
              <value>
                <![CDATA[Item should be added to cart]]>
              </value>
            </param>
            <param index="4">
              <value>
                <![CDATA[No]]>
              </value>
            </param>
            <param index="5">
              <value>
                <![CDATA[High]]>
              </value>
            </param>
          </params>
          <exception class="org.testng.SkipException">
            <message>
              <![CDATA[TC14_Verify_AddToCart_from_Search has been skipped..]]>
            </message>
            <full-stacktrace>
              <![CDATA[org.testng.SkipException: TC14_Verify_AddToCart_from_Search has been skipped..
	at com.testcases.driverscripts.Execute_MainScript.ExecuteTest(Execute_MainScript.java:333)
	at sun.reflect.NativeMethodAccessorImpl.invoke0(Native Method)
	at sun.reflect.NativeMethodAccessorImpl.invoke(Unknown Source)
	at sun.reflect.DelegatingMethodAccessorImpl.invoke(Unknown Source)
	at java.lang.reflect.Method.invoke(Unknown Source)
	at org.testng.internal.MethodInvocationHelper.invokeMethod(MethodInvocationHelper.java:86)
	at org.testng.internal.Invoker.invokeMethod(Invoker.java:643)
	at org.testng.internal.Invoker.invokeTestMethod(Invoker.java:820)
	at org.testng.internal.Invoker.invokeTestMethods(Invoker.java:1128)
	at org.testng.internal.TestMethodWorker.invokeTestMethods(TestMethodWorker.java:129)
	at org.testng.internal.TestMethodWorker.run(TestMethodWorker.java:112)
	at org.testng.TestRunner.privateRun(TestRunner.java:782)
	at org.testng.TestRunner.run(TestRunner.java:632)
	at org.testng.SuiteRunner.runTest(SuiteRunner.java:366)
	at org.testng.SuiteRunner.runSequentially(SuiteRunner.java:361)
	at org.testng.SuiteRunner.privateRun(SuiteRunner.java:319)
	at org.testng.SuiteRunner.run(SuiteRunner.java:268)
	at org.testng.SuiteRunnerWorker.runSuite(SuiteRunnerWorker.java:52)
	at org.testng.SuiteRunnerWorker.run(SuiteRunnerWorker.java:86)
	at org.testng.TestNG.runSuitesSequentially(TestNG.java:1244)
	at org.testng.TestNG.runSuitesLocally(TestNG.java:1169)
	at org.testng.TestNG.run(TestNG.java:1064)
	at org.testng.remote.AbstractRemoteTestNG.run(AbstractRemoteTestNG.java:114)
	at org.testng.remote.RemoteTestNG.initAndRun(RemoteTestNG.java:251)
	at org.testng.remote.RemoteTestNG.main(RemoteTestNG.java:77)
]]>
            </full-stacktrace>
          </exception> <!-- org.testng.SkipException -->
          <reporter-output>
          </reporter-output>
        </test-method> <!-- ExecuteTest -->
        <test-method status="PASS" signature="TestResults(org.testng.ITestResult)[pri:0, instance:com.testcases.driverscripts.Execute_MainScript@3cef309d]" name="TestResults" is-config="true" duration-ms="0" started-at="2019-10-31T20:42:00Z" finished-at="2019-10-31T20:42:00Z">
          <params>
            <param index="0">
              <value>
                <![CDATA[[TestResult name=ExecuteTest status=SKIP method=Execute_MainScript.ExecuteTest(java.lang.String, java.lang.String, java.lang.String, java.lang.String, java.lang.String, java.lang.String)[pri:1, instance:com.testcases.driverscripts.Execute_MainScript@3cef309d] output={null}]]]>
              </value>
            </param>
          </params>
          <reporter-output>
          </reporter-output>
        </test-method> <!-- TestResults -->
        <test-method status="SKIP" signature="ExecuteTest(java.lang.String, java.lang.String, java.lang.String, java.lang.String, java.lang.String, java.lang.String)[pri:1, instance:com.testcases.driverscripts.Execute_MainScript@3cef309d]" name="ExecuteTest" duration-ms="11" started-at="2019-10-31T20:42:00Z" data-provider="Fetch_Master_data" finished-at="2019-10-31T20:42:00Z">
          <params>
            <param index="0">
              <value>
                <![CDATA[ALL_PAGES]]>
              </value>
            </param>
            <param index="1">
              <value>
                <![CDATA[END_TO_END]]>
              </value>
            </param>
            <param index="2">
              <value>
                <![CDATA[TC15_Verify_ViewFullCart]]>
              </value>
            </param>
            <param index="3">
              <value>
                <![CDATA[1. Cart should display
2. All items in cart must have pricing]]>
              </value>
            </param>
            <param index="4">
              <value>
                <![CDATA[No]]>
              </value>
            </param>
            <param index="5">
              <value>
                <![CDATA[High]]>
              </value>
            </param>
          </params>
          <exception class="org.testng.SkipException">
            <message>
              <![CDATA[TC15_Verify_ViewFullCart has been skipped..]]>
            </message>
            <full-stacktrace>
              <![CDATA[org.testng.SkipException: TC15_Verify_ViewFullCart has been skipped..
	at com.testcases.driverscripts.Execute_MainScript.ExecuteTest(Execute_MainScript.java:333)
	at sun.reflect.NativeMethodAccessorImpl.invoke0(Native Method)
	at sun.reflect.NativeMethodAccessorImpl.invoke(Unknown Source)
	at sun.reflect.DelegatingMethodAccessorImpl.invoke(Unknown Source)
	at java.lang.reflect.Method.invoke(Unknown Source)
	at org.testng.internal.MethodInvocationHelper.invokeMethod(MethodInvocationHelper.java:86)
	at org.testng.internal.Invoker.invokeMethod(Invoker.java:643)
	at org.testng.internal.Invoker.invokeTestMethod(Invoker.java:820)
	at org.testng.internal.Invoker.invokeTestMethods(Invoker.java:1128)
	at org.testng.internal.TestMethodWorker.invokeTestMethods(TestMethodWorker.java:129)
	at org.testng.internal.TestMethodWorker.run(TestMethodWorker.java:112)
	at org.testng.TestRunner.privateRun(TestRunner.java:782)
	at org.testng.TestRunner.run(TestRunner.java:632)
	at org.testng.SuiteRunner.runTest(SuiteRunner.java:366)
	at org.testng.SuiteRunner.runSequentially(SuiteRunner.java:361)
	at org.testng.SuiteRunner.privateRun(SuiteRunner.java:319)
	at org.testng.SuiteRunner.run(SuiteRunner.java:268)
	at org.testng.SuiteRunnerWorker.runSuite(SuiteRunnerWorker.java:52)
	at org.testng.SuiteRunnerWorker.run(SuiteRunnerWorker.java:86)
	at org.testng.TestNG.runSuitesSequentially(TestNG.java:1244)
	at org.testng.TestNG.runSuitesLocally(TestNG.java:1169)
	at org.testng.TestNG.run(TestNG.java:1064)
	at org.testng.remote.AbstractRemoteTestNG.run(AbstractRemoteTestNG.java:114)
	at org.testng.remote.RemoteTestNG.initAndRun(RemoteTestNG.java:251)
	at org.testng.remote.RemoteTestNG.main(RemoteTestNG.java:77)
]]>
            </full-stacktrace>
          </exception> <!-- org.testng.SkipException -->
          <reporter-output>
          </reporter-output>
        </test-method> <!-- ExecuteTest -->
        <test-method status="PASS" signature="TestResults(org.testng.ITestResult)[pri:0, instance:com.testcases.driverscripts.Execute_MainScript@3cef309d]" name="TestResults" is-config="true" duration-ms="0" started-at="2019-10-31T20:42:00Z" finished-at="2019-10-31T20:42:00Z">
          <params>
            <param index="0">
              <value>
                <![CDATA[[TestResult name=ExecuteTest status=SKIP method=Execute_MainScript.ExecuteTest(java.lang.String, java.lang.String, java.lang.String, java.lang.String, java.lang.String, java.lang.String)[pri:1, instance:com.testcases.driverscripts.Execute_MainScript@3cef309d] output={null}]]]>
              </value>
            </param>
          </params>
          <reporter-output>
          </reporter-output>
        </test-method> <!-- TestResults -->
        <test-method status="SKIP" signature="ExecuteTest(java.lang.String, java.lang.String, java.lang.String, java.lang.String, java.lang.String, java.lang.String)[pri:1, instance:com.testcases.driverscripts.Execute_MainScript@3cef309d]" name="ExecuteTest" duration-ms="10" started-at="2019-10-31T20:42:00Z" data-provider="Fetch_Master_data" finished-at="2019-10-31T20:42:00Z">
          <params>
            <param index="0">
              <value>
                <![CDATA[ALL_PAGES]]>
              </value>
            </param>
            <param index="1">
              <value>
                <![CDATA[END_TO_END]]>
              </value>
            </param>
            <param index="2">
              <value>
                <![CDATA[TC16_Update_Quantity_CartPage]]>
              </value>
            </param>
            <param index="3">
              <value>
                <![CDATA[Items  and price must update]]>
              </value>
            </param>
            <param index="4">
              <value>
                <![CDATA[No]]>
              </value>
            </param>
            <param index="5">
              <value>
                <![CDATA[High]]>
              </value>
            </param>
          </params>
          <exception class="org.testng.SkipException">
            <message>
              <![CDATA[TC16_Update_Quantity_CartPage has been skipped..]]>
            </message>
            <full-stacktrace>
              <![CDATA[org.testng.SkipException: TC16_Update_Quantity_CartPage has been skipped..
	at com.testcases.driverscripts.Execute_MainScript.ExecuteTest(Execute_MainScript.java:333)
	at sun.reflect.NativeMethodAccessorImpl.invoke0(Native Method)
	at sun.reflect.NativeMethodAccessorImpl.invoke(Unknown Source)
	at sun.reflect.DelegatingMethodAccessorImpl.invoke(Unknown Source)
	at java.lang.reflect.Method.invoke(Unknown Source)
	at org.testng.internal.MethodInvocationHelper.invokeMethod(MethodInvocationHelper.java:86)
	at org.testng.internal.Invoker.invokeMethod(Invoker.java:643)
	at org.testng.internal.Invoker.invokeTestMethod(Invoker.java:820)
	at org.testng.internal.Invoker.invokeTestMethods(Invoker.java:1128)
	at org.testng.internal.TestMethodWorker.invokeTestMethods(TestMethodWorker.java:129)
	at org.testng.internal.TestMethodWorker.run(TestMethodWorker.java:112)
	at org.testng.TestRunner.privateRun(TestRunner.java:782)
	at org.testng.TestRunner.run(TestRunner.java:632)
	at org.testng.SuiteRunner.runTest(SuiteRunner.java:366)
	at org.testng.SuiteRunner.runSequentially(SuiteRunner.java:361)
	at org.testng.SuiteRunner.privateRun(SuiteRunner.java:319)
	at org.testng.SuiteRunner.run(SuiteRunner.java:268)
	at org.testng.SuiteRunnerWorker.runSuite(SuiteRunnerWorker.java:52)
	at org.testng.SuiteRunnerWorker.run(SuiteRunnerWorker.java:86)
	at org.testng.TestNG.runSuitesSequentially(TestNG.java:1244)
	at org.testng.TestNG.runSuitesLocally(TestNG.java:1169)
	at org.testng.TestNG.run(TestNG.java:1064)
	at org.testng.remote.AbstractRemoteTestNG.run(AbstractRemoteTestNG.java:114)
	at org.testng.remote.RemoteTestNG.initAndRun(RemoteTestNG.java:251)
	at org.testng.remote.RemoteTestNG.main(RemoteTestNG.java:77)
]]>
            </full-stacktrace>
          </exception> <!-- org.testng.SkipException -->
          <reporter-output>
          </reporter-output>
        </test-method> <!-- ExecuteTest -->
        <test-method status="PASS" signature="TestResults(org.testng.ITestResult)[pri:0, instance:com.testcases.driverscripts.Execute_MainScript@3cef309d]" name="TestResults" is-config="true" duration-ms="0" started-at="2019-10-31T20:42:00Z" finished-at="2019-10-31T20:42:00Z">
          <params>
            <param index="0">
              <value>
                <![CDATA[[TestResult name=ExecuteTest status=SKIP method=Execute_MainScript.ExecuteTest(java.lang.String, java.lang.String, java.lang.String, java.lang.String, java.lang.String, java.lang.String)[pri:1, instance:com.testcases.driverscripts.Execute_MainScript@3cef309d] output={null}]]]>
              </value>
            </param>
          </params>
          <reporter-output>
          </reporter-output>
        </test-method> <!-- TestResults -->
        <test-method status="PASS" signature="TestResults(org.testng.ITestResult)[pri:0, instance:com.testcases.driverscripts.Execute_MainScript@3cef309d]" name="TestResults" is-config="true" duration-ms="1" started-at="2019-10-31T20:42:00Z" finished-at="2019-10-31T20:42:00Z">
          <params>
            <param index="0">
              <value>
                <![CDATA[[TestResult name=ExecuteTest status=SKIP method=Execute_MainScript.ExecuteTest(java.lang.String, java.lang.String, java.lang.String, java.lang.String, java.lang.String, java.lang.String)[pri:1, instance:com.testcases.driverscripts.Execute_MainScript@3cef309d] output={null}]]]>
              </value>
            </param>
          </params>
          <reporter-output>
          </reporter-output>
        </test-method> <!-- TestResults -->
        <test-method status="SKIP" signature="ExecuteTest(java.lang.String, java.lang.String, java.lang.String, java.lang.String, java.lang.String, java.lang.String)[pri:1, instance:com.testcases.driverscripts.Execute_MainScript@3cef309d]" name="ExecuteTest" duration-ms="11" started-at="2019-10-31T20:42:00Z" data-provider="Fetch_Master_data" finished-at="2019-10-31T20:42:00Z">
          <params>
            <param index="0">
              <value>
                <![CDATA[ALL_PAGES]]>
              </value>
            </param>
            <param index="1">
              <value>
                <![CDATA[END_TO_END]]>
              </value>
            </param>
            <param index="2">
              <value>
                <![CDATA[TC17_Verify_CheckoutButton]]>
              </value>
            </param>
            <param index="3">
              <value>
                <![CDATA[Items  and price must update]]>
              </value>
            </param>
            <param index="4">
              <value>
                <![CDATA[No]]>
              </value>
            </param>
            <param index="5">
              <value>
                <![CDATA[High]]>
              </value>
            </param>
          </params>
          <exception class="org.testng.SkipException">
            <message>
              <![CDATA[TC17_Verify_CheckoutButton has been skipped..]]>
            </message>
            <full-stacktrace>
              <![CDATA[org.testng.SkipException: TC17_Verify_CheckoutButton has been skipped..
	at com.testcases.driverscripts.Execute_MainScript.ExecuteTest(Execute_MainScript.java:333)
	at sun.reflect.GeneratedMethodAccessor7.invoke(Unknown Source)
	at sun.reflect.DelegatingMethodAccessorImpl.invoke(Unknown Source)
	at java.lang.reflect.Method.invoke(Unknown Source)
	at org.testng.internal.MethodInvocationHelper.invokeMethod(MethodInvocationHelper.java:86)
	at org.testng.internal.Invoker.invokeMethod(Invoker.java:643)
	at org.testng.internal.Invoker.invokeTestMethod(Invoker.java:820)
	at org.testng.internal.Invoker.invokeTestMethods(Invoker.java:1128)
	at org.testng.internal.TestMethodWorker.invokeTestMethods(TestMethodWorker.java:129)
	at org.testng.internal.TestMethodWorker.run(TestMethodWorker.java:112)
	at org.testng.TestRunner.privateRun(TestRunner.java:782)
	at org.testng.TestRunner.run(TestRunner.java:632)
	at org.testng.SuiteRunner.runTest(SuiteRunner.java:366)
	at org.testng.SuiteRunner.runSequentially(SuiteRunner.java:361)
	at org.testng.SuiteRunner.privateRun(SuiteRunner.java:319)
	at org.testng.SuiteRunner.run(SuiteRunner.java:268)
	at org.testng.SuiteRunnerWorker.runSuite(SuiteRunnerWorker.java:52)
	at org.testng.SuiteRunnerWorker.run(SuiteRunnerWorker.java:86)
	at org.testng.TestNG.runSuitesSequentially(TestNG.java:1244)
	at org.testng.TestNG.runSuitesLocally(TestNG.java:1169)
	at org.testng.TestNG.run(TestNG.java:1064)
	at org.testng.remote.AbstractRemoteTestNG.run(AbstractRemoteTestNG.java:114)
	at org.testng.remote.RemoteTestNG.initAndRun(RemoteTestNG.java:251)
	at org.testng.remote.RemoteTestNG.main(RemoteTestNG.java:77)
]]>
            </full-stacktrace>
          </exception> <!-- org.testng.SkipException -->
          <reporter-output>
          </reporter-output>
        </test-method> <!-- ExecuteTest -->
        <test-method status="PASS" signature="TestResults(org.testng.ITestResult)[pri:0, instance:com.testcases.driverscripts.Execute_MainScript@3cef309d]" name="TestResults" is-config="true" duration-ms="0" started-at="2019-10-31T20:42:00Z" finished-at="2019-10-31T20:42:00Z">
          <params>
            <param index="0">
              <value>
                <![CDATA[[TestResult name=ExecuteTest status=SKIP method=Execute_MainScript.ExecuteTest(java.lang.String, java.lang.String, java.lang.String, java.lang.String, java.lang.String, java.lang.String)[pri:1, instance:com.testcases.driverscripts.Execute_MainScript@3cef309d] output={null}]]]>
              </value>
            </param>
          </params>
          <reporter-output>
          </reporter-output>
        </test-method> <!-- TestResults -->
        <test-method status="SKIP" signature="ExecuteTest(java.lang.String, java.lang.String, java.lang.String, java.lang.String, java.lang.String, java.lang.String)[pri:1, instance:com.testcases.driverscripts.Execute_MainScript@3cef309d]" name="ExecuteTest" duration-ms="11" started-at="2019-10-31T20:42:00Z" data-provider="Fetch_Master_data" finished-at="2019-10-31T20:42:00Z">
          <params>
            <param index="0">
              <value>
                <![CDATA[ALL_PAGES]]>
              </value>
            </param>
            <param index="1">
              <value>
                <![CDATA[END_TO_END]]>
              </value>
            </param>
            <param index="2">
              <value>
                <![CDATA[TC18_Verify_ShippingPage]]>
              </value>
            </param>
            <param index="3">
              <value>
                <![CDATA[Shipping page must appear]]>
              </value>
            </param>
            <param index="4">
              <value>
                <![CDATA[No]]>
              </value>
            </param>
            <param index="5">
              <value>
                <![CDATA[High]]>
              </value>
            </param>
          </params>
          <exception class="org.testng.SkipException">
            <message>
              <![CDATA[TC18_Verify_ShippingPage has been skipped..]]>
            </message>
            <full-stacktrace>
              <![CDATA[org.testng.SkipException: TC18_Verify_ShippingPage has been skipped..
	at com.testcases.driverscripts.Execute_MainScript.ExecuteTest(Execute_MainScript.java:333)
	at sun.reflect.GeneratedMethodAccessor7.invoke(Unknown Source)
	at sun.reflect.DelegatingMethodAccessorImpl.invoke(Unknown Source)
	at java.lang.reflect.Method.invoke(Unknown Source)
	at org.testng.internal.MethodInvocationHelper.invokeMethod(MethodInvocationHelper.java:86)
	at org.testng.internal.Invoker.invokeMethod(Invoker.java:643)
	at org.testng.internal.Invoker.invokeTestMethod(Invoker.java:820)
	at org.testng.internal.Invoker.invokeTestMethods(Invoker.java:1128)
	at org.testng.internal.TestMethodWorker.invokeTestMethods(TestMethodWorker.java:129)
	at org.testng.internal.TestMethodWorker.run(TestMethodWorker.java:112)
	at org.testng.TestRunner.privateRun(TestRunner.java:782)
	at org.testng.TestRunner.run(TestRunner.java:632)
	at org.testng.SuiteRunner.runTest(SuiteRunner.java:366)
	at org.testng.SuiteRunner.runSequentially(SuiteRunner.java:361)
	at org.testng.SuiteRunner.privateRun(SuiteRunner.java:319)
	at org.testng.SuiteRunner.run(SuiteRunner.java:268)
	at org.testng.SuiteRunnerWorker.runSuite(SuiteRunnerWorker.java:52)
	at org.testng.SuiteRunnerWorker.run(SuiteRunnerWorker.java:86)
	at org.testng.TestNG.runSuitesSequentially(TestNG.java:1244)
	at org.testng.TestNG.runSuitesLocally(TestNG.java:1169)
	at org.testng.TestNG.run(TestNG.java:1064)
	at org.testng.remote.AbstractRemoteTestNG.run(AbstractRemoteTestNG.java:114)
	at org.testng.remote.RemoteTestNG.initAndRun(RemoteTestNG.java:251)
	at org.testng.remote.RemoteTestNG.main(RemoteTestNG.java:77)
]]>
            </full-stacktrace>
          </exception> <!-- org.testng.SkipException -->
          <reporter-output>
          </reporter-output>
        </test-method> <!-- ExecuteTest -->
        <test-method status="PASS" signature="TestResults(org.testng.ITestResult)[pri:0, instance:com.testcases.driverscripts.Execute_MainScript@3cef309d]" name="TestResults" is-config="true" duration-ms="0" started-at="2019-10-31T20:42:00Z" finished-at="2019-10-31T20:42:00Z">
          <params>
            <param index="0">
              <value>
                <![CDATA[[TestResult name=ExecuteTest status=SKIP method=Execute_MainScript.ExecuteTest(java.lang.String, java.lang.String, java.lang.String, java.lang.String, java.lang.String, java.lang.String)[pri:1, instance:com.testcases.driverscripts.Execute_MainScript@3cef309d] output={null}]]]>
              </value>
            </param>
          </params>
          <reporter-output>
          </reporter-output>
        </test-method> <!-- TestResults -->
        <test-method status="SKIP" signature="ExecuteTest(java.lang.String, java.lang.String, java.lang.String, java.lang.String, java.lang.String, java.lang.String)[pri:1, instance:com.testcases.driverscripts.Execute_MainScript@3cef309d]" name="ExecuteTest" duration-ms="12" started-at="2019-10-31T20:42:00Z" data-provider="Fetch_Master_data" finished-at="2019-10-31T20:42:00Z">
          <params>
            <param index="0">
              <value>
                <![CDATA[ALL_PAGES]]>
              </value>
            </param>
            <param index="1">
              <value>
                <![CDATA[END_TO_END]]>
              </value>
            </param>
            <param index="2">
              <value>
                <![CDATA[TC19_Verify_ShippingMethod]]>
              </value>
            </param>
            <param index="3">
              <value>
                <![CDATA[Shipping method page should display]]>
              </value>
            </param>
            <param index="4">
              <value>
                <![CDATA[No]]>
              </value>
            </param>
            <param index="5">
              <value>
                <![CDATA[High]]>
              </value>
            </param>
          </params>
          <exception class="org.testng.SkipException">
            <message>
              <![CDATA[TC19_Verify_ShippingMethod has been skipped..]]>
            </message>
            <full-stacktrace>
              <![CDATA[org.testng.SkipException: TC19_Verify_ShippingMethod has been skipped..
	at com.testcases.driverscripts.Execute_MainScript.ExecuteTest(Execute_MainScript.java:333)
	at sun.reflect.GeneratedMethodAccessor7.invoke(Unknown Source)
	at sun.reflect.DelegatingMethodAccessorImpl.invoke(Unknown Source)
	at java.lang.reflect.Method.invoke(Unknown Source)
	at org.testng.internal.MethodInvocationHelper.invokeMethod(MethodInvocationHelper.java:86)
	at org.testng.internal.Invoker.invokeMethod(Invoker.java:643)
	at org.testng.internal.Invoker.invokeTestMethod(Invoker.java:820)
	at org.testng.internal.Invoker.invokeTestMethods(Invoker.java:1128)
	at org.testng.internal.TestMethodWorker.invokeTestMethods(TestMethodWorker.java:129)
	at org.testng.internal.TestMethodWorker.run(TestMethodWorker.java:112)
	at org.testng.TestRunner.privateRun(TestRunner.java:782)
	at org.testng.TestRunner.run(TestRunner.java:632)
	at org.testng.SuiteRunner.runTest(SuiteRunner.java:366)
	at org.testng.SuiteRunner.runSequentially(SuiteRunner.java:361)
	at org.testng.SuiteRunner.privateRun(SuiteRunner.java:319)
	at org.testng.SuiteRunner.run(SuiteRunner.java:268)
	at org.testng.SuiteRunnerWorker.runSuite(SuiteRunnerWorker.java:52)
	at org.testng.SuiteRunnerWorker.run(SuiteRunnerWorker.java:86)
	at org.testng.TestNG.runSuitesSequentially(TestNG.java:1244)
	at org.testng.TestNG.runSuitesLocally(TestNG.java:1169)
	at org.testng.TestNG.run(TestNG.java:1064)
	at org.testng.remote.AbstractRemoteTestNG.run(AbstractRemoteTestNG.java:114)
	at org.testng.remote.RemoteTestNG.initAndRun(RemoteTestNG.java:251)
	at org.testng.remote.RemoteTestNG.main(RemoteTestNG.java:77)
]]>
            </full-stacktrace>
          </exception> <!-- org.testng.SkipException -->
          <reporter-output>
          </reporter-output>
        </test-method> <!-- ExecuteTest -->
        <test-method status="SKIP" signature="ExecuteTest(java.lang.String, java.lang.String, java.lang.String, java.lang.String, java.lang.String, java.lang.String)[pri:1, instance:com.testcases.driverscripts.Execute_MainScript@3cef309d]" name="ExecuteTest" duration-ms="12" started-at="2019-10-31T20:42:00Z" data-provider="Fetch_Master_data" finished-at="2019-10-31T20:42:00Z">
          <params>
            <param index="0">
              <value>
                <![CDATA[ALL_PAGES]]>
              </value>
            </param>
            <param index="1">
              <value>
                <![CDATA[END_TO_END]]>
              </value>
            </param>
            <param index="2">
              <value>
                <![CDATA[TC20_21_Verify_BillingPage]]>
              </value>
            </param>
            <param index="3">
              <value>
                <![CDATA[1. Billing page should appear
2. User should be able to add credit card successfully
3.User must be navigated to final check out page]]>
              </value>
            </param>
            <param index="4">
              <value>
                <![CDATA[No]]>
              </value>
            </param>
            <param index="5">
              <value>
                <![CDATA[High]]>
              </value>
            </param>
          </params>
          <exception class="org.testng.SkipException">
            <message>
              <![CDATA[TC20_21_Verify_BillingPage has been skipped..]]>
            </message>
            <full-stacktrace>
              <![CDATA[org.testng.SkipException: TC20_21_Verify_BillingPage has been skipped..
	at com.testcases.driverscripts.Execute_MainScript.ExecuteTest(Execute_MainScript.java:333)
	at sun.reflect.GeneratedMethodAccessor7.invoke(Unknown Source)
	at sun.reflect.DelegatingMethodAccessorImpl.invoke(Unknown Source)
	at java.lang.reflect.Method.invoke(Unknown Source)
	at org.testng.internal.MethodInvocationHelper.invokeMethod(MethodInvocationHelper.java:86)
	at org.testng.internal.Invoker.invokeMethod(Invoker.java:643)
	at org.testng.internal.Invoker.invokeTestMethod(Invoker.java:820)
	at org.testng.internal.Invoker.invokeTestMethods(Invoker.java:1128)
	at org.testng.internal.TestMethodWorker.invokeTestMethods(TestMethodWorker.java:129)
	at org.testng.internal.TestMethodWorker.run(TestMethodWorker.java:112)
	at org.testng.TestRunner.privateRun(TestRunner.java:782)
	at org.testng.TestRunner.run(TestRunner.java:632)
	at org.testng.SuiteRunner.runTest(SuiteRunner.java:366)
	at org.testng.SuiteRunner.runSequentially(SuiteRunner.java:361)
	at org.testng.SuiteRunner.privateRun(SuiteRunner.java:319)
	at org.testng.SuiteRunner.run(SuiteRunner.java:268)
	at org.testng.SuiteRunnerWorker.runSuite(SuiteRunnerWorker.java:52)
	at org.testng.SuiteRunnerWorker.run(SuiteRunnerWorker.java:86)
	at org.testng.TestNG.runSuitesSequentially(TestNG.java:1244)
	at org.testng.TestNG.runSuitesLocally(TestNG.java:1169)
	at org.testng.TestNG.run(TestNG.java:1064)
	at org.testng.remote.AbstractRemoteTestNG.run(AbstractRemoteTestNG.java:114)
	at org.testng.remote.RemoteTestNG.initAndRun(RemoteTestNG.java:251)
	at org.testng.remote.RemoteTestNG.main(RemoteTestNG.java:77)
]]>
            </full-stacktrace>
          </exception> <!-- org.testng.SkipException -->
          <reporter-output>
          </reporter-output>
        </test-method> <!-- ExecuteTest -->
        <test-method status="PASS" signature="TestResults(org.testng.ITestResult)[pri:0, instance:com.testcases.driverscripts.Execute_MainScript@3cef309d]" name="TestResults" is-config="true" duration-ms="0" started-at="2019-10-31T20:42:00Z" finished-at="2019-10-31T20:42:00Z">
          <params>
            <param index="0">
              <value>
                <![CDATA[[TestResult name=ExecuteTest status=SKIP method=Execute_MainScript.ExecuteTest(java.lang.String, java.lang.String, java.lang.String, java.lang.String, java.lang.String, java.lang.String)[pri:1, instance:com.testcases.driverscripts.Execute_MainScript@3cef309d] output={null}]]]>
              </value>
            </param>
          </params>
          <reporter-output>
          </reporter-output>
        </test-method> <!-- TestResults -->
        <test-method status="PASS" signature="TestResults(org.testng.ITestResult)[pri:0, instance:com.testcases.driverscripts.Execute_MainScript@3cef309d]" name="TestResults" is-config="true" duration-ms="0" started-at="2019-10-31T20:42:00Z" finished-at="2019-10-31T20:42:00Z">
          <params>
            <param index="0">
              <value>
                <![CDATA[[TestResult name=ExecuteTest status=SKIP method=Execute_MainScript.ExecuteTest(java.lang.String, java.lang.String, java.lang.String, java.lang.String, java.lang.String, java.lang.String)[pri:1, instance:com.testcases.driverscripts.Execute_MainScript@3cef309d] output={null}]]]>
              </value>
            </param>
          </params>
          <reporter-output>
          </reporter-output>
        </test-method> <!-- TestResults -->
        <test-method status="SKIP" signature="ExecuteTest(java.lang.String, java.lang.String, java.lang.String, java.lang.String, java.lang.String, java.lang.String)[pri:1, instance:com.testcases.driverscripts.Execute_MainScript@3cef309d]" name="ExecuteTest" duration-ms="9" started-at="2019-10-31T20:42:00Z" data-provider="Fetch_Master_data" finished-at="2019-10-31T20:42:00Z">
          <params>
            <param index="0">
              <value>
                <![CDATA[ALL_PAGES]]>
              </value>
            </param>
            <param index="1">
              <value>
                <![CDATA[END_TO_END]]>
              </value>
            </param>
            <param index="2">
              <value>
                <![CDATA[TC22_Verify_PlaceOrder]]>
              </value>
            </param>
            <param index="3">
              <value>
                <![CDATA[Order should be placed successfully]]>
              </value>
            </param>
            <param index="4">
              <value>
                <![CDATA[No]]>
              </value>
            </param>
            <param index="5">
              <value>
                <![CDATA[High]]>
              </value>
            </param>
          </params>
          <exception class="org.testng.SkipException">
            <message>
              <![CDATA[TC22_Verify_PlaceOrder has been skipped..]]>
            </message>
            <full-stacktrace>
              <![CDATA[org.testng.SkipException: TC22_Verify_PlaceOrder has been skipped..
	at com.testcases.driverscripts.Execute_MainScript.ExecuteTest(Execute_MainScript.java:333)
	at sun.reflect.GeneratedMethodAccessor7.invoke(Unknown Source)
	at sun.reflect.DelegatingMethodAccessorImpl.invoke(Unknown Source)
	at java.lang.reflect.Method.invoke(Unknown Source)
	at org.testng.internal.MethodInvocationHelper.invokeMethod(MethodInvocationHelper.java:86)
	at org.testng.internal.Invoker.invokeMethod(Invoker.java:643)
	at org.testng.internal.Invoker.invokeTestMethod(Invoker.java:820)
	at org.testng.internal.Invoker.invokeTestMethods(Invoker.java:1128)
	at org.testng.internal.TestMethodWorker.invokeTestMethods(TestMethodWorker.java:129)
	at org.testng.internal.TestMethodWorker.run(TestMethodWorker.java:112)
	at org.testng.TestRunner.privateRun(TestRunner.java:782)
	at org.testng.TestRunner.run(TestRunner.java:632)
	at org.testng.SuiteRunner.runTest(SuiteRunner.java:366)
	at org.testng.SuiteRunner.runSequentially(SuiteRunner.java:361)
	at org.testng.SuiteRunner.privateRun(SuiteRunner.java:319)
	at org.testng.SuiteRunner.run(SuiteRunner.java:268)
	at org.testng.SuiteRunnerWorker.runSuite(SuiteRunnerWorker.java:52)
	at org.testng.SuiteRunnerWorker.run(SuiteRunnerWorker.java:86)
	at org.testng.TestNG.runSuitesSequentially(TestNG.java:1244)
	at org.testng.TestNG.runSuitesLocally(TestNG.java:1169)
	at org.testng.TestNG.run(TestNG.java:1064)
	at org.testng.remote.AbstractRemoteTestNG.run(AbstractRemoteTestNG.java:114)
	at org.testng.remote.RemoteTestNG.initAndRun(RemoteTestNG.java:251)
	at org.testng.remote.RemoteTestNG.main(RemoteTestNG.java:77)
]]>
            </full-stacktrace>
          </exception> <!-- org.testng.SkipException -->
          <reporter-output>
          </reporter-output>
        </test-method> <!-- ExecuteTest -->
        <test-method status="SKIP" signature="ExecuteTest(java.lang.String, java.lang.String, java.lang.String, java.lang.String, java.lang.String, java.lang.String)[pri:1, instance:com.testcases.driverscripts.Execute_MainScript@3cef309d]" name="ExecuteTest" duration-ms="10" started-at="2019-10-31T20:42:00Z" data-provider="Fetch_Master_data" finished-at="2019-10-31T20:42:00Z">
          <params>
            <param index="0">
              <value>
                <![CDATA[ALL_PAGES]]>
              </value>
            </param>
            <param index="1">
              <value>
                <![CDATA[END_TO_END]]>
              </value>
            </param>
            <param index="2">
              <value>
                <![CDATA[TC02_Verify_MYACC]]>
              </value>
            </param>
            <param index="3">
              <value>
                <![CDATA[Verify Myaccounts Section]]>
              </value>
            </param>
            <param index="4">
              <value>
                <![CDATA[No]]>
              </value>
            </param>
            <param index="5">
              <value>
                <![CDATA[High]]>
              </value>
            </param>
          </params>
          <exception class="org.testng.SkipException">
            <message>
              <![CDATA[TC02_Verify_MYACC has been skipped..]]>
            </message>
            <full-stacktrace>
              <![CDATA[org.testng.SkipException: TC02_Verify_MYACC has been skipped..
	at com.testcases.driverscripts.Execute_MainScript.ExecuteTest(Execute_MainScript.java:333)
	at sun.reflect.GeneratedMethodAccessor7.invoke(Unknown Source)
	at sun.reflect.DelegatingMethodAccessorImpl.invoke(Unknown Source)
	at java.lang.reflect.Method.invoke(Unknown Source)
	at org.testng.internal.MethodInvocationHelper.invokeMethod(MethodInvocationHelper.java:86)
	at org.testng.internal.Invoker.invokeMethod(Invoker.java:643)
	at org.testng.internal.Invoker.invokeTestMethod(Invoker.java:820)
	at org.testng.internal.Invoker.invokeTestMethods(Invoker.java:1128)
	at org.testng.internal.TestMethodWorker.invokeTestMethods(TestMethodWorker.java:129)
	at org.testng.internal.TestMethodWorker.run(TestMethodWorker.java:112)
	at org.testng.TestRunner.privateRun(TestRunner.java:782)
	at org.testng.TestRunner.run(TestRunner.java:632)
	at org.testng.SuiteRunner.runTest(SuiteRunner.java:366)
	at org.testng.SuiteRunner.runSequentially(SuiteRunner.java:361)
	at org.testng.SuiteRunner.privateRun(SuiteRunner.java:319)
	at org.testng.SuiteRunner.run(SuiteRunner.java:268)
	at org.testng.SuiteRunnerWorker.runSuite(SuiteRunnerWorker.java:52)
	at org.testng.SuiteRunnerWorker.run(SuiteRunnerWorker.java:86)
	at org.testng.TestNG.runSuitesSequentially(TestNG.java:1244)
	at org.testng.TestNG.runSuitesLocally(TestNG.java:1169)
	at org.testng.TestNG.run(TestNG.java:1064)
	at org.testng.remote.AbstractRemoteTestNG.run(AbstractRemoteTestNG.java:114)
	at org.testng.remote.RemoteTestNG.initAndRun(RemoteTestNG.java:251)
	at org.testng.remote.RemoteTestNG.main(RemoteTestNG.java:77)
]]>
            </full-stacktrace>
          </exception> <!-- org.testng.SkipException -->
          <reporter-output>
          </reporter-output>
        </test-method> <!-- ExecuteTest -->
        <test-method status="PASS" signature="TestResults(org.testng.ITestResult)[pri:0, instance:com.testcases.driverscripts.Execute_MainScript@3cef309d]" name="TestResults" is-config="true" duration-ms="0" started-at="2019-10-31T20:42:00Z" finished-at="2019-10-31T20:42:00Z">
          <params>
            <param index="0">
              <value>
                <![CDATA[[TestResult name=ExecuteTest status=SKIP method=Execute_MainScript.ExecuteTest(java.lang.String, java.lang.String, java.lang.String, java.lang.String, java.lang.String, java.lang.String)[pri:1, instance:com.testcases.driverscripts.Execute_MainScript@3cef309d] output={null}]]]>
              </value>
            </param>
          </params>
          <reporter-output>
          </reporter-output>
        </test-method> <!-- TestResults -->
        <test-method status="PASS" signature="TestResults(org.testng.ITestResult)[pri:0, instance:com.testcases.driverscripts.Execute_MainScript@3cef309d]" name="TestResults" is-config="true" duration-ms="1" started-at="2019-10-31T20:42:00Z" finished-at="2019-10-31T20:42:00Z">
          <params>
            <param index="0">
              <value>
                <![CDATA[[TestResult name=ExecuteTest status=SKIP method=Execute_MainScript.ExecuteTest(java.lang.String, java.lang.String, java.lang.String, java.lang.String, java.lang.String, java.lang.String)[pri:1, instance:com.testcases.driverscripts.Execute_MainScript@3cef309d] output={null}]]]>
              </value>
            </param>
          </params>
          <reporter-output>
          </reporter-output>
        </test-method> <!-- TestResults -->
        <test-method status="SKIP" signature="ExecuteTest(java.lang.String, java.lang.String, java.lang.String, java.lang.String, java.lang.String, java.lang.String)[pri:1, instance:com.testcases.driverscripts.Execute_MainScript@3cef309d]" name="ExecuteTest" duration-ms="9" started-at="2019-10-31T20:42:00Z" data-provider="Fetch_Master_data" finished-at="2019-10-31T20:42:00Z">
          <params>
            <param index="0">
              <value>
                <![CDATA[ALL_PAGES]]>
              </value>
            </param>
            <param index="1">
              <value>
                <![CDATA[END_TO_END]]>
              </value>
            </param>
            <param index="2">
              <value>
                <![CDATA[TC23_Verify_UserRegistration]]>
              </value>
            </param>
            <param index="3">
              <value>
                <![CDATA[User should be registered and logged in]]>
              </value>
            </param>
            <param index="4">
              <value>
                <![CDATA[No]]>
              </value>
            </param>
            <param index="5">
              <value>
                <![CDATA[High]]>
              </value>
            </param>
          </params>
          <exception class="org.testng.SkipException">
            <message>
              <![CDATA[TC23_Verify_UserRegistration has been skipped..]]>
            </message>
            <full-stacktrace>
              <![CDATA[org.testng.SkipException: TC23_Verify_UserRegistration has been skipped..
	at com.testcases.driverscripts.Execute_MainScript.ExecuteTest(Execute_MainScript.java:333)
	at sun.reflect.GeneratedMethodAccessor7.invoke(Unknown Source)
	at sun.reflect.DelegatingMethodAccessorImpl.invoke(Unknown Source)
	at java.lang.reflect.Method.invoke(Unknown Source)
	at org.testng.internal.MethodInvocationHelper.invokeMethod(MethodInvocationHelper.java:86)
	at org.testng.internal.Invoker.invokeMethod(Invoker.java:643)
	at org.testng.internal.Invoker.invokeTestMethod(Invoker.java:820)
	at org.testng.internal.Invoker.invokeTestMethods(Invoker.java:1128)
	at org.testng.internal.TestMethodWorker.invokeTestMethods(TestMethodWorker.java:129)
	at org.testng.internal.TestMethodWorker.run(TestMethodWorker.java:112)
	at org.testng.TestRunner.privateRun(TestRunner.java:782)
	at org.testng.TestRunner.run(TestRunner.java:632)
	at org.testng.SuiteRunner.runTest(SuiteRunner.java:366)
	at org.testng.SuiteRunner.runSequentially(SuiteRunner.java:361)
	at org.testng.SuiteRunner.privateRun(SuiteRunner.java:319)
	at org.testng.SuiteRunner.run(SuiteRunner.java:268)
	at org.testng.SuiteRunnerWorker.runSuite(SuiteRunnerWorker.java:52)
	at org.testng.SuiteRunnerWorker.run(SuiteRunnerWorker.java:86)
	at org.testng.TestNG.runSuitesSequentially(TestNG.java:1244)
	at org.testng.TestNG.runSuitesLocally(TestNG.java:1169)
	at org.testng.TestNG.run(TestNG.java:1064)
	at org.testng.remote.AbstractRemoteTestNG.run(AbstractRemoteTestNG.java:114)
	at org.testng.remote.RemoteTestNG.initAndRun(RemoteTestNG.java:251)
	at org.testng.remote.RemoteTestNG.main(RemoteTestNG.java:77)
]]>
            </full-stacktrace>
          </exception> <!-- org.testng.SkipException -->
          <reporter-output>
          </reporter-output>
        </test-method> <!-- ExecuteTest -->
        <test-method status="SKIP" signature="ExecuteTest(java.lang.String, java.lang.String, java.lang.String, java.lang.String, java.lang.String, java.lang.String)[pri:1, instance:com.testcases.driverscripts.Execute_MainScript@3cef309d]" name="ExecuteTest" duration-ms="8" started-at="2019-10-31T20:42:00Z" data-provider="Fetch_Master_data" finished-at="2019-10-31T20:42:00Z">
          <params>
            <param index="0">
              <value>
                <![CDATA[ALL_PAGES]]>
              </value>
            </param>
            <param index="1">
              <value>
                <![CDATA[END_TO_END]]>
              </value>
            </param>
            <param index="2">
              <value>
                <![CDATA[TC24_Verify_PlaceOrder_LoggedIn]]>
              </value>
            </param>
            <param index="3">
              <value>
                <![CDATA[Order should be placed successfully]]>
              </value>
            </param>
            <param index="4">
              <value>
                <![CDATA[No]]>
              </value>
            </param>
            <param index="5">
              <value>
                <![CDATA[High]]>
              </value>
            </param>
          </params>
          <exception class="org.testng.SkipException">
            <message>
              <![CDATA[TC24_Verify_PlaceOrder_LoggedIn has been skipped..]]>
            </message>
            <full-stacktrace>
              <![CDATA[org.testng.SkipException: TC24_Verify_PlaceOrder_LoggedIn has been skipped..
	at com.testcases.driverscripts.Execute_MainScript.ExecuteTest(Execute_MainScript.java:333)
	at sun.reflect.GeneratedMethodAccessor7.invoke(Unknown Source)
	at sun.reflect.DelegatingMethodAccessorImpl.invoke(Unknown Source)
	at java.lang.reflect.Method.invoke(Unknown Source)
	at org.testng.internal.MethodInvocationHelper.invokeMethod(MethodInvocationHelper.java:86)
	at org.testng.internal.Invoker.invokeMethod(Invoker.java:643)
	at org.testng.internal.Invoker.invokeTestMethod(Invoker.java:820)
	at org.testng.internal.Invoker.invokeTestMethods(Invoker.java:1128)
	at org.testng.internal.TestMethodWorker.invokeTestMethods(TestMethodWorker.java:129)
	at org.testng.internal.TestMethodWorker.run(TestMethodWorker.java:112)
	at org.testng.TestRunner.privateRun(TestRunner.java:782)
	at org.testng.TestRunner.run(TestRunner.java:632)
	at org.testng.SuiteRunner.runTest(SuiteRunner.java:366)
	at org.testng.SuiteRunner.runSequentially(SuiteRunner.java:361)
	at org.testng.SuiteRunner.privateRun(SuiteRunner.java:319)
	at org.testng.SuiteRunner.run(SuiteRunner.java:268)
	at org.testng.SuiteRunnerWorker.runSuite(SuiteRunnerWorker.java:52)
	at org.testng.SuiteRunnerWorker.run(SuiteRunnerWorker.java:86)
	at org.testng.TestNG.runSuitesSequentially(TestNG.java:1244)
	at org.testng.TestNG.runSuitesLocally(TestNG.java:1169)
	at org.testng.TestNG.run(TestNG.java:1064)
	at org.testng.remote.AbstractRemoteTestNG.run(AbstractRemoteTestNG.java:114)
	at org.testng.remote.RemoteTestNG.initAndRun(RemoteTestNG.java:251)
	at org.testng.remote.RemoteTestNG.main(RemoteTestNG.java:77)
]]>
            </full-stacktrace>
          </exception> <!-- org.testng.SkipException -->
          <reporter-output>
          </reporter-output>
        </test-method> <!-- ExecuteTest -->
        <test-method status="PASS" signature="TestResults(org.testng.ITestResult)[pri:0, instance:com.testcases.driverscripts.Execute_MainScript@3cef309d]" name="TestResults" is-config="true" duration-ms="0" started-at="2019-10-31T20:42:00Z" finished-at="2019-10-31T20:42:00Z">
          <params>
            <param index="0">
              <value>
                <![CDATA[[TestResult name=ExecuteTest status=SKIP method=Execute_MainScript.ExecuteTest(java.lang.String, java.lang.String, java.lang.String, java.lang.String, java.lang.String, java.lang.String)[pri:1, instance:com.testcases.driverscripts.Execute_MainScript@3cef309d] output={null}]]]>
              </value>
            </param>
          </params>
          <reporter-output>
          </reporter-output>
        </test-method> <!-- TestResults -->
        <test-method status="SKIP" signature="ExecuteTest(java.lang.String, java.lang.String, java.lang.String, java.lang.String, java.lang.String, java.lang.String)[pri:1, instance:com.testcases.driverscripts.Execute_MainScript@3cef309d]" name="ExecuteTest" duration-ms="10" started-at="2019-10-31T20:42:00Z" data-provider="Fetch_Master_data" finished-at="2019-10-31T20:42:00Z">
          <params>
            <param index="0">
              <value>
                <![CDATA[ALL_PAGES]]>
              </value>
            </param>
            <param index="1">
              <value>
                <![CDATA[END_TO_END]]>
              </value>
            </param>
            <param index="2">
              <value>
                <![CDATA[TC25_Verify_product_comparison]]>
              </value>
            </param>
            <param index="3">
              <value>
                <![CDATA[User must be navigated to product comparison page]]>
              </value>
            </param>
            <param index="4">
              <value>
                <![CDATA[No]]>
              </value>
            </param>
            <param index="5">
              <value>
                <![CDATA[High]]>
              </value>
            </param>
          </params>
          <exception class="org.testng.SkipException">
            <message>
              <![CDATA[TC25_Verify_product_comparison has been skipped..]]>
            </message>
            <full-stacktrace>
              <![CDATA[org.testng.SkipException: TC25_Verify_product_comparison has been skipped..
	at com.testcases.driverscripts.Execute_MainScript.ExecuteTest(Execute_MainScript.java:333)
	at sun.reflect.GeneratedMethodAccessor7.invoke(Unknown Source)
	at sun.reflect.DelegatingMethodAccessorImpl.invoke(Unknown Source)
	at java.lang.reflect.Method.invoke(Unknown Source)
	at org.testng.internal.MethodInvocationHelper.invokeMethod(MethodInvocationHelper.java:86)
	at org.testng.internal.Invoker.invokeMethod(Invoker.java:643)
	at org.testng.internal.Invoker.invokeTestMethod(Invoker.java:820)
	at org.testng.internal.Invoker.invokeTestMethods(Invoker.java:1128)
	at org.testng.internal.TestMethodWorker.invokeTestMethods(TestMethodWorker.java:129)
	at org.testng.internal.TestMethodWorker.run(TestMethodWorker.java:112)
	at org.testng.TestRunner.privateRun(TestRunner.java:782)
	at org.testng.TestRunner.run(TestRunner.java:632)
	at org.testng.SuiteRunner.runTest(SuiteRunner.java:366)
	at org.testng.SuiteRunner.runSequentially(SuiteRunner.java:361)
	at org.testng.SuiteRunner.privateRun(SuiteRunner.java:319)
	at org.testng.SuiteRunner.run(SuiteRunner.java:268)
	at org.testng.SuiteRunnerWorker.runSuite(SuiteRunnerWorker.java:52)
	at org.testng.SuiteRunnerWorker.run(SuiteRunnerWorker.java:86)
	at org.testng.TestNG.runSuitesSequentially(TestNG.java:1244)
	at org.testng.TestNG.runSuitesLocally(TestNG.java:1169)
	at org.testng.TestNG.run(TestNG.java:1064)
	at org.testng.remote.AbstractRemoteTestNG.run(AbstractRemoteTestNG.java:114)
	at org.testng.remote.RemoteTestNG.initAndRun(RemoteTestNG.java:251)
	at org.testng.remote.RemoteTestNG.main(RemoteTestNG.java:77)
]]>
            </full-stacktrace>
          </exception> <!-- org.testng.SkipException -->
          <reporter-output>
          </reporter-output>
        </test-method> <!-- ExecuteTest -->
        <test-method status="PASS" signature="TestResults(org.testng.ITestResult)[pri:0, instance:com.testcases.driverscripts.Execute_MainScript@3cef309d]" name="TestResults" is-config="true" duration-ms="0" started-at="2019-10-31T20:42:00Z" finished-at="2019-10-31T20:42:00Z">
          <params>
            <param index="0">
              <value>
                <![CDATA[[TestResult name=ExecuteTest status=SKIP method=Execute_MainScript.ExecuteTest(java.lang.String, java.lang.String, java.lang.String, java.lang.String, java.lang.String, java.lang.String)[pri:1, instance:com.testcases.driverscripts.Execute_MainScript@3cef309d] output={null}]]]>
              </value>
            </param>
          </params>
          <reporter-output>
          </reporter-output>
        </test-method> <!-- TestResults -->
        <test-method status="PASS" signature="TestResults(org.testng.ITestResult)[pri:0, instance:com.testcases.driverscripts.Execute_MainScript@3cef309d]" name="TestResults" is-config="true" duration-ms="0" started-at="2019-10-31T20:42:00Z" finished-at="2019-10-31T20:42:00Z">
          <params>
            <param index="0">
              <value>
                <![CDATA[[TestResult name=ExecuteTest status=SKIP method=Execute_MainScript.ExecuteTest(java.lang.String, java.lang.String, java.lang.String, java.lang.String, java.lang.String, java.lang.String)[pri:1, instance:com.testcases.driverscripts.Execute_MainScript@3cef309d] output={null}]]]>
              </value>
            </param>
          </params>
          <reporter-output>
          </reporter-output>
        </test-method> <!-- TestResults -->
        <test-method status="SKIP" signature="ExecuteTest(java.lang.String, java.lang.String, java.lang.String, java.lang.String, java.lang.String, java.lang.String)[pri:1, instance:com.testcases.driverscripts.Execute_MainScript@3cef309d]" name="ExecuteTest" duration-ms="12" started-at="2019-10-31T20:42:00Z" data-provider="Fetch_Master_data" finished-at="2019-10-31T20:42:00Z">
          <params>
            <param index="0">
              <value>
                <![CDATA[ALL_PAGES]]>
              </value>
            </param>
            <param index="1">
              <value>
                <![CDATA[END_TO_END]]>
              </value>
            </param>
            <param index="2">
              <value>
                <![CDATA[TC26_Verify_Clear_Cart]]>
              </value>
            </param>
            <param index="3">
              <value>
                <![CDATA[All the items must be removed from the cart]]>
              </value>
            </param>
            <param index="4">
              <value>
                <![CDATA[No]]>
              </value>
            </param>
            <param index="5">
              <value>
                <![CDATA[High]]>
              </value>
            </param>
          </params>
          <exception class="org.testng.SkipException">
            <message>
              <![CDATA[TC26_Verify_Clear_Cart has been skipped..]]>
            </message>
            <full-stacktrace>
              <![CDATA[org.testng.SkipException: TC26_Verify_Clear_Cart has been skipped..
	at com.testcases.driverscripts.Execute_MainScript.ExecuteTest(Execute_MainScript.java:333)
	at sun.reflect.GeneratedMethodAccessor7.invoke(Unknown Source)
	at sun.reflect.DelegatingMethodAccessorImpl.invoke(Unknown Source)
	at java.lang.reflect.Method.invoke(Unknown Source)
	at org.testng.internal.MethodInvocationHelper.invokeMethod(MethodInvocationHelper.java:86)
	at org.testng.internal.Invoker.invokeMethod(Invoker.java:643)
	at org.testng.internal.Invoker.invokeTestMethod(Invoker.java:820)
	at org.testng.internal.Invoker.invokeTestMethods(Invoker.java:1128)
	at org.testng.internal.TestMethodWorker.invokeTestMethods(TestMethodWorker.java:129)
	at org.testng.internal.TestMethodWorker.run(TestMethodWorker.java:112)
	at org.testng.TestRunner.privateRun(TestRunner.java:782)
	at org.testng.TestRunner.run(TestRunner.java:632)
	at org.testng.SuiteRunner.runTest(SuiteRunner.java:366)
	at org.testng.SuiteRunner.runSequentially(SuiteRunner.java:361)
	at org.testng.SuiteRunner.privateRun(SuiteRunner.java:319)
	at org.testng.SuiteRunner.run(SuiteRunner.java:268)
	at org.testng.SuiteRunnerWorker.runSuite(SuiteRunnerWorker.java:52)
	at org.testng.SuiteRunnerWorker.run(SuiteRunnerWorker.java:86)
	at org.testng.TestNG.runSuitesSequentially(TestNG.java:1244)
	at org.testng.TestNG.runSuitesLocally(TestNG.java:1169)
	at org.testng.TestNG.run(TestNG.java:1064)
	at org.testng.remote.AbstractRemoteTestNG.run(AbstractRemoteTestNG.java:114)
	at org.testng.remote.RemoteTestNG.initAndRun(RemoteTestNG.java:251)
	at org.testng.remote.RemoteTestNG.main(RemoteTestNG.java:77)
]]>
            </full-stacktrace>
          </exception> <!-- org.testng.SkipException -->
          <reporter-output>
          </reporter-output>
        </test-method> <!-- ExecuteTest -->
        <test-method status="SKIP" signature="ExecuteTest(java.lang.String, java.lang.String, java.lang.String, java.lang.String, java.lang.String, java.lang.String)[pri:1, instance:com.testcases.driverscripts.Execute_MainScript@3cef309d]" name="ExecuteTest" duration-ms="8" started-at="2019-10-31T20:42:00Z" data-provider="Fetch_Master_data" finished-at="2019-10-31T20:42:00Z">
          <params>
            <param index="0">
              <value>
                <![CDATA[ALL_PAGES]]>
              </value>
            </param>
            <param index="1">
              <value>
                <![CDATA[END_TO_END]]>
              </value>
            </param>
            <param index="2">
              <value>
                <![CDATA[TC27_Verify_Store_room]]>
              </value>
            </param>
            <param index="3">
              <value>
                <![CDATA[Products must be added to store room successfully]]>
              </value>
            </param>
            <param index="4">
              <value>
                <![CDATA[No]]>
              </value>
            </param>
            <param index="5">
              <value>
                <![CDATA[High]]>
              </value>
            </param>
          </params>
          <exception class="org.testng.SkipException">
            <message>
              <![CDATA[TC27_Verify_Store_room has been skipped..]]>
            </message>
            <full-stacktrace>
              <![CDATA[org.testng.SkipException: TC27_Verify_Store_room has been skipped..
	at com.testcases.driverscripts.Execute_MainScript.ExecuteTest(Execute_MainScript.java:333)
	at sun.reflect.GeneratedMethodAccessor7.invoke(Unknown Source)
	at sun.reflect.DelegatingMethodAccessorImpl.invoke(Unknown Source)
	at java.lang.reflect.Method.invoke(Unknown Source)
	at org.testng.internal.MethodInvocationHelper.invokeMethod(MethodInvocationHelper.java:86)
	at org.testng.internal.Invoker.invokeMethod(Invoker.java:643)
	at org.testng.internal.Invoker.invokeTestMethod(Invoker.java:820)
	at org.testng.internal.Invoker.invokeTestMethods(Invoker.java:1128)
	at org.testng.internal.TestMethodWorker.invokeTestMethods(TestMethodWorker.java:129)
	at org.testng.internal.TestMethodWorker.run(TestMethodWorker.java:112)
	at org.testng.TestRunner.privateRun(TestRunner.java:782)
	at org.testng.TestRunner.run(TestRunner.java:632)
	at org.testng.SuiteRunner.runTest(SuiteRunner.java:366)
	at org.testng.SuiteRunner.runSequentially(SuiteRunner.java:361)
	at org.testng.SuiteRunner.privateRun(SuiteRunner.java:319)
	at org.testng.SuiteRunner.run(SuiteRunner.java:268)
	at org.testng.SuiteRunnerWorker.runSuite(SuiteRunnerWorker.java:52)
	at org.testng.SuiteRunnerWorker.run(SuiteRunnerWorker.java:86)
	at org.testng.TestNG.runSuitesSequentially(TestNG.java:1244)
	at org.testng.TestNG.runSuitesLocally(TestNG.java:1169)
	at org.testng.TestNG.run(TestNG.java:1064)
	at org.testng.remote.AbstractRemoteTestNG.run(AbstractRemoteTestNG.java:114)
	at org.testng.remote.RemoteTestNG.initAndRun(RemoteTestNG.java:251)
	at org.testng.remote.RemoteTestNG.main(RemoteTestNG.java:77)
]]>
            </full-stacktrace>
          </exception> <!-- org.testng.SkipException -->
          <reporter-output>
          </reporter-output>
        </test-method> <!-- ExecuteTest -->
        <test-method status="PASS" signature="TestResults(org.testng.ITestResult)[pri:0, instance:com.testcases.driverscripts.Execute_MainScript@3cef309d]" name="TestResults" is-config="true" duration-ms="0" started-at="2019-10-31T20:42:00Z" finished-at="2019-10-31T20:42:00Z">
          <params>
            <param index="0">
              <value>
                <![CDATA[[TestResult name=ExecuteTest status=SKIP method=Execute_MainScript.ExecuteTest(java.lang.String, java.lang.String, java.lang.String, java.lang.String, java.lang.String, java.lang.String)[pri:1, instance:com.testcases.driverscripts.Execute_MainScript@3cef309d] output={null}]]]>
              </value>
            </param>
          </params>
          <reporter-output>
          </reporter-output>
        </test-method> <!-- TestResults -->
        <test-method status="PASS" signature="TestResults(org.testng.ITestResult)[pri:0, instance:com.testcases.driverscripts.Execute_MainScript@3cef309d]" name="TestResults" is-config="true" duration-ms="0" started-at="2019-10-31T20:42:00Z" finished-at="2019-10-31T20:42:00Z">
          <params>
            <param index="0">
              <value>
                <![CDATA[[TestResult name=ExecuteTest status=SKIP method=Execute_MainScript.ExecuteTest(java.lang.String, java.lang.String, java.lang.String, java.lang.String, java.lang.String, java.lang.String)[pri:1, instance:com.testcases.driverscripts.Execute_MainScript@3cef309d] output={null}]]]>
              </value>
            </param>
          </params>
          <reporter-output>
          </reporter-output>
        </test-method> <!-- TestResults -->
        <test-method status="PASS" signature="ExecuteTest(java.lang.String, java.lang.String, java.lang.String, java.lang.String, java.lang.String, java.lang.String)[pri:1, instance:com.testcases.driverscripts.Execute_MainScript@3cef309d]" name="ExecuteTest" duration-ms="159994" started-at="2019-10-31T20:42:00Z" data-provider="Fetch_Master_data" finished-at="2019-10-31T20:44:40Z">
          <params>
            <param index="0">
              <value>
                <![CDATA[ALL_PAGES]]>
              </value>
            </param>
            <param index="1">
              <value>
                <![CDATA[END_TO_END]]>
              </value>
            </param>
            <param index="2">
              <value>
                <![CDATA[TC28_Verify_PunchOut_User]]>
              </value>
            </param>
            <param index="3">
              <value>
                <![CDATA[Verify Behaviour for PunchOut User]]>
              </value>
            </param>
            <param index="4">
              <value>
                <![CDATA[Yes]]>
              </value>
            </param>
            <param index="5">
              <value>
                <![CDATA[High]]>
              </value>
            </param>
          </params>
          <reporter-output>
          </reporter-output>
        </test-method> <!-- ExecuteTest -->
        <test-method status="PASS" signature="TestResults(org.testng.ITestResult)[pri:0, instance:com.testcases.driverscripts.Execute_MainScript@3cef309d]" name="TestResults" is-config="true" duration-ms="1" started-at="2019-10-31T20:44:40Z" finished-at="2019-10-31T20:44:40Z">
          <params>
            <param index="0">
              <value>
                <![CDATA[[TestResult name=ExecuteTest status=SUCCESS method=Execute_MainScript.ExecuteTest(java.lang.String, java.lang.String, java.lang.String, java.lang.String, java.lang.String, java.lang.String)[pri:1, instance:com.testcases.driverscripts.Execute_MainScript@3cef309d] output={null}]]]>
              </value>
            </param>
          </params>
          <reporter-output>
          </reporter-output>
        </test-method> <!-- TestResults -->
        <test-method status="SKIP" signature="ExecuteTest(java.lang.String, java.lang.String, java.lang.String, java.lang.String, java.lang.String, java.lang.String)[pri:1, instance:com.testcases.driverscripts.Execute_MainScript@3cef309d]" name="ExecuteTest" duration-ms="7" started-at="2019-10-31T20:44:40Z" data-provider="Fetch_Master_data" finished-at="2019-10-31T20:44:40Z">
          <params>
            <param index="0">
              <value>
                <![CDATA[ALL_PAGES]]>
              </value>
            </param>
            <param index="1">
              <value>
                <![CDATA[END_TO_END]]>
              </value>
            </param>
            <param index="2">
              <value>
                <![CDATA[TC29_VerifyALL_Links_Myaccount]]>
              </value>
            </param>
            <param index="3">
              <value>
                <![CDATA[All the pages must be displayed]]>
              </value>
            </param>
            <param index="4">
              <value>
                <![CDATA[No]]>
              </value>
            </param>
            <param index="5">
              <value>
                <![CDATA[High]]>
              </value>
            </param>
          </params>
          <exception class="org.testng.SkipException">
            <message>
              <![CDATA[TC29_VerifyALL_Links_Myaccount has been skipped..]]>
            </message>
            <full-stacktrace>
              <![CDATA[org.testng.SkipException: TC29_VerifyALL_Links_Myaccount has been skipped..
	at com.testcases.driverscripts.Execute_MainScript.ExecuteTest(Execute_MainScript.java:333)
	at sun.reflect.GeneratedMethodAccessor7.invoke(Unknown Source)
	at sun.reflect.DelegatingMethodAccessorImpl.invoke(Unknown Source)
	at java.lang.reflect.Method.invoke(Unknown Source)
	at org.testng.internal.MethodInvocationHelper.invokeMethod(MethodInvocationHelper.java:86)
	at org.testng.internal.Invoker.invokeMethod(Invoker.java:643)
	at org.testng.internal.Invoker.invokeTestMethod(Invoker.java:820)
	at org.testng.internal.Invoker.invokeTestMethods(Invoker.java:1128)
	at org.testng.internal.TestMethodWorker.invokeTestMethods(TestMethodWorker.java:129)
	at org.testng.internal.TestMethodWorker.run(TestMethodWorker.java:112)
	at org.testng.TestRunner.privateRun(TestRunner.java:782)
	at org.testng.TestRunner.run(TestRunner.java:632)
	at org.testng.SuiteRunner.runTest(SuiteRunner.java:366)
	at org.testng.SuiteRunner.runSequentially(SuiteRunner.java:361)
	at org.testng.SuiteRunner.privateRun(SuiteRunner.java:319)
	at org.testng.SuiteRunner.run(SuiteRunner.java:268)
	at org.testng.SuiteRunnerWorker.runSuite(SuiteRunnerWorker.java:52)
	at org.testng.SuiteRunnerWorker.run(SuiteRunnerWorker.java:86)
	at org.testng.TestNG.runSuitesSequentially(TestNG.java:1244)
	at org.testng.TestNG.runSuitesLocally(TestNG.java:1169)
	at org.testng.TestNG.run(TestNG.java:1064)
	at org.testng.remote.AbstractRemoteTestNG.run(AbstractRemoteTestNG.java:114)
	at org.testng.remote.RemoteTestNG.initAndRun(RemoteTestNG.java:251)
	at org.testng.remote.RemoteTestNG.main(RemoteTestNG.java:77)
]]>
            </full-stacktrace>
          </exception> <!-- org.testng.SkipException -->
          <reporter-output>
          </reporter-output>
        </test-method> <!-- ExecuteTest -->
        <test-method status="PASS" signature="TestResults(org.testng.ITestResult)[pri:0, instance:com.testcases.driverscripts.Execute_MainScript@3cef309d]" name="TestResults" is-config="true" duration-ms="0" started-at="2019-10-31T20:44:40Z" finished-at="2019-10-31T20:44:40Z">
          <params>
            <param index="0">
              <value>
                <![CDATA[[TestResult name=ExecuteTest status=SKIP method=Execute_MainScript.ExecuteTest(java.lang.String, java.lang.String, java.lang.String, java.lang.String, java.lang.String, java.lang.String)[pri:1, instance:com.testcases.driverscripts.Execute_MainScript@3cef309d] output={null}]]]>
              </value>
            </param>
          </params>
          <reporter-output>
          </reporter-output>
        </test-method> <!-- TestResults -->
        <test-method status="SKIP" signature="ExecuteTest(java.lang.String, java.lang.String, java.lang.String, java.lang.String, java.lang.String, java.lang.String)[pri:1, instance:com.testcases.driverscripts.Execute_MainScript@3cef309d]" name="ExecuteTest" duration-ms="7" started-at="2019-10-31T20:44:40Z" data-provider="Fetch_Master_data" finished-at="2019-10-31T20:44:40Z">
          <params>
            <param index="0">
              <value>
                <![CDATA[ALL_PAGES]]>
              </value>
            </param>
            <param index="1">
              <value>
                <![CDATA[END_TO_END]]>
              </value>
            </param>
            <param index="2">
              <value>
                <![CDATA[TC30_Search_Typeahead]]>
              </value>
            </param>
            <param index="3">
              <value>
                <![CDATA[Type ahead must be displayed]]>
              </value>
            </param>
            <param index="4">
              <value>
                <![CDATA[No]]>
              </value>
            </param>
            <param index="5">
              <value>
                <![CDATA[High]]>
              </value>
            </param>
          </params>
          <exception class="org.testng.SkipException">
            <message>
              <![CDATA[TC30_Search_Typeahead has been skipped..]]>
            </message>
            <full-stacktrace>
              <![CDATA[org.testng.SkipException: TC30_Search_Typeahead has been skipped..
	at com.testcases.driverscripts.Execute_MainScript.ExecuteTest(Execute_MainScript.java:333)
	at sun.reflect.GeneratedMethodAccessor7.invoke(Unknown Source)
	at sun.reflect.DelegatingMethodAccessorImpl.invoke(Unknown Source)
	at java.lang.reflect.Method.invoke(Unknown Source)
	at org.testng.internal.MethodInvocationHelper.invokeMethod(MethodInvocationHelper.java:86)
	at org.testng.internal.Invoker.invokeMethod(Invoker.java:643)
	at org.testng.internal.Invoker.invokeTestMethod(Invoker.java:820)
	at org.testng.internal.Invoker.invokeTestMethods(Invoker.java:1128)
	at org.testng.internal.TestMethodWorker.invokeTestMethods(TestMethodWorker.java:129)
	at org.testng.internal.TestMethodWorker.run(TestMethodWorker.java:112)
	at org.testng.TestRunner.privateRun(TestRunner.java:782)
	at org.testng.TestRunner.run(TestRunner.java:632)
	at org.testng.SuiteRunner.runTest(SuiteRunner.java:366)
	at org.testng.SuiteRunner.runSequentially(SuiteRunner.java:361)
	at org.testng.SuiteRunner.privateRun(SuiteRunner.java:319)
	at org.testng.SuiteRunner.run(SuiteRunner.java:268)
	at org.testng.SuiteRunnerWorker.runSuite(SuiteRunnerWorker.java:52)
	at org.testng.SuiteRunnerWorker.run(SuiteRunnerWorker.java:86)
	at org.testng.TestNG.runSuitesSequentially(TestNG.java:1244)
	at org.testng.TestNG.runSuitesLocally(TestNG.java:1169)
	at org.testng.TestNG.run(TestNG.java:1064)
	at org.testng.remote.AbstractRemoteTestNG.run(AbstractRemoteTestNG.java:114)
	at org.testng.remote.RemoteTestNG.initAndRun(RemoteTestNG.java:251)
	at org.testng.remote.RemoteTestNG.main(RemoteTestNG.java:77)
]]>
            </full-stacktrace>
          </exception> <!-- org.testng.SkipException -->
          <reporter-output>
          </reporter-output>
        </test-method> <!-- ExecuteTest -->
        <test-method status="SKIP" signature="ExecuteTest(java.lang.String, java.lang.String, java.lang.String, java.lang.String, java.lang.String, java.lang.String)[pri:1, instance:com.testcases.driverscripts.Execute_MainScript@3cef309d]" name="ExecuteTest" duration-ms="10" started-at="2019-10-31T20:44:40Z" data-provider="Fetch_Master_data" finished-at="2019-10-31T20:44:40Z">
          <params>
            <param index="0">
              <value>
                <![CDATA[ALL_PAGES]]>
              </value>
            </param>
            <param index="1">
              <value>
                <![CDATA[END_TO_END]]>
              </value>
            </param>
            <param index="2">
              <value>
                <![CDATA[TC31_Verify_login]]>
              </value>
            </param>
            <param index="3">
              <value>
                <![CDATA[User should be able to login successfully]]>
              </value>
            </param>
            <param index="4">
              <value>
                <![CDATA[No]]>
              </value>
            </param>
            <param index="5">
              <value>
                <![CDATA[High]]>
              </value>
            </param>
          </params>
          <exception class="org.testng.SkipException">
            <message>
              <![CDATA[TC31_Verify_login has been skipped..]]>
            </message>
            <full-stacktrace>
              <![CDATA[org.testng.SkipException: TC31_Verify_login has been skipped..
	at com.testcases.driverscripts.Execute_MainScript.ExecuteTest(Execute_MainScript.java:333)
	at sun.reflect.GeneratedMethodAccessor7.invoke(Unknown Source)
	at sun.reflect.DelegatingMethodAccessorImpl.invoke(Unknown Source)
	at java.lang.reflect.Method.invoke(Unknown Source)
	at org.testng.internal.MethodInvocationHelper.invokeMethod(MethodInvocationHelper.java:86)
	at org.testng.internal.Invoker.invokeMethod(Invoker.java:643)
	at org.testng.internal.Invoker.invokeTestMethod(Invoker.java:820)
	at org.testng.internal.Invoker.invokeTestMethods(Invoker.java:1128)
	at org.testng.internal.TestMethodWorker.invokeTestMethods(TestMethodWorker.java:129)
	at org.testng.internal.TestMethodWorker.run(TestMethodWorker.java:112)
	at org.testng.TestRunner.privateRun(TestRunner.java:782)
	at org.testng.TestRunner.run(TestRunner.java:632)
	at org.testng.SuiteRunner.runTest(SuiteRunner.java:366)
	at org.testng.SuiteRunner.runSequentially(SuiteRunner.java:361)
	at org.testng.SuiteRunner.privateRun(SuiteRunner.java:319)
	at org.testng.SuiteRunner.run(SuiteRunner.java:268)
	at org.testng.SuiteRunnerWorker.runSuite(SuiteRunnerWorker.java:52)
	at org.testng.SuiteRunnerWorker.run(SuiteRunnerWorker.java:86)
	at org.testng.TestNG.runSuitesSequentially(TestNG.java:1244)
	at org.testng.TestNG.runSuitesLocally(TestNG.java:1169)
	at org.testng.TestNG.run(TestNG.java:1064)
	at org.testng.remote.AbstractRemoteTestNG.run(AbstractRemoteTestNG.java:114)
	at org.testng.remote.RemoteTestNG.initAndRun(RemoteTestNG.java:251)
	at org.testng.remote.RemoteTestNG.main(RemoteTestNG.java:77)
]]>
            </full-stacktrace>
          </exception> <!-- org.testng.SkipException -->
          <reporter-output>
          </reporter-output>
        </test-method> <!-- ExecuteTest -->
        <test-method status="PASS" signature="TestResults(org.testng.ITestResult)[pri:0, instance:com.testcases.driverscripts.Execute_MainScript@3cef309d]" name="TestResults" is-config="true" duration-ms="0" started-at="2019-10-31T20:44:40Z" finished-at="2019-10-31T20:44:40Z">
          <params>
            <param index="0">
              <value>
                <![CDATA[[TestResult name=ExecuteTest status=SKIP method=Execute_MainScript.ExecuteTest(java.lang.String, java.lang.String, java.lang.String, java.lang.String, java.lang.String, java.lang.String)[pri:1, instance:com.testcases.driverscripts.Execute_MainScript@3cef309d] output={null}]]]>
              </value>
            </param>
          </params>
          <reporter-output>
          </reporter-output>
        </test-method> <!-- TestResults -->
        <test-method status="SKIP" signature="ExecuteTest(java.lang.String, java.lang.String, java.lang.String, java.lang.String, java.lang.String, java.lang.String)[pri:1, instance:com.testcases.driverscripts.Execute_MainScript@3cef309d]" name="ExecuteTest" duration-ms="10" started-at="2019-10-31T20:44:40Z" data-provider="Fetch_Master_data" finished-at="2019-10-31T20:44:40Z">
          <params>
            <param index="0">
              <value>
                <![CDATA[ALL_PAGES]]>
              </value>
            </param>
            <param index="1">
              <value>
                <![CDATA[END_TO_END]]>
              </value>
            </param>
            <param index="2">
              <value>
                <![CDATA[TC32_Verify_store_location]]>
              </value>
            </param>
            <param index="3">
              <value>
                <![CDATA[1. Go to site and then go to store location page
2. Search for store
3. Verify the displayed results]]>
              </value>
            </param>
            <param index="4">
              <value>
                <![CDATA[No]]>
              </value>
            </param>
            <param index="5">
              <value>
                <![CDATA[High]]>
              </value>
            </param>
          </params>
          <exception class="org.testng.SkipException">
            <message>
              <![CDATA[TC32_Verify_store_location has been skipped..]]>
            </message>
            <full-stacktrace>
              <![CDATA[org.testng.SkipException: TC32_Verify_store_location has been skipped..
	at com.testcases.driverscripts.Execute_MainScript.ExecuteTest(Execute_MainScript.java:333)
	at sun.reflect.GeneratedMethodAccessor7.invoke(Unknown Source)
	at sun.reflect.DelegatingMethodAccessorImpl.invoke(Unknown Source)
	at java.lang.reflect.Method.invoke(Unknown Source)
	at org.testng.internal.MethodInvocationHelper.invokeMethod(MethodInvocationHelper.java:86)
	at org.testng.internal.Invoker.invokeMethod(Invoker.java:643)
	at org.testng.internal.Invoker.invokeTestMethod(Invoker.java:820)
	at org.testng.internal.Invoker.invokeTestMethods(Invoker.java:1128)
	at org.testng.internal.TestMethodWorker.invokeTestMethods(TestMethodWorker.java:129)
	at org.testng.internal.TestMethodWorker.run(TestMethodWorker.java:112)
	at org.testng.TestRunner.privateRun(TestRunner.java:782)
	at org.testng.TestRunner.run(TestRunner.java:632)
	at org.testng.SuiteRunner.runTest(SuiteRunner.java:366)
	at org.testng.SuiteRunner.runSequentially(SuiteRunner.java:361)
	at org.testng.SuiteRunner.privateRun(SuiteRunner.java:319)
	at org.testng.SuiteRunner.run(SuiteRunner.java:268)
	at org.testng.SuiteRunnerWorker.runSuite(SuiteRunnerWorker.java:52)
	at org.testng.SuiteRunnerWorker.run(SuiteRunnerWorker.java:86)
	at org.testng.TestNG.runSuitesSequentially(TestNG.java:1244)
	at org.testng.TestNG.runSuitesLocally(TestNG.java:1169)
	at org.testng.TestNG.run(TestNG.java:1064)
	at org.testng.remote.AbstractRemoteTestNG.run(AbstractRemoteTestNG.java:114)
	at org.testng.remote.RemoteTestNG.initAndRun(RemoteTestNG.java:251)
	at org.testng.remote.RemoteTestNG.main(RemoteTestNG.java:77)
]]>
            </full-stacktrace>
          </exception> <!-- org.testng.SkipException -->
          <reporter-output>
          </reporter-output>
        </test-method> <!-- ExecuteTest -->
        <test-method status="PASS" signature="TestResults(org.testng.ITestResult)[pri:0, instance:com.testcases.driverscripts.Execute_MainScript@3cef309d]" name="TestResults" is-config="true" duration-ms="0" started-at="2019-10-31T20:44:40Z" finished-at="2019-10-31T20:44:40Z">
          <params>
            <param index="0">
              <value>
                <![CDATA[[TestResult name=ExecuteTest status=SKIP method=Execute_MainScript.ExecuteTest(java.lang.String, java.lang.String, java.lang.String, java.lang.String, java.lang.String, java.lang.String)[pri:1, instance:com.testcases.driverscripts.Execute_MainScript@3cef309d] output={null}]]]>
              </value>
            </param>
          </params>
          <reporter-output>
          </reporter-output>
        </test-method> <!-- TestResults -->
        <test-method status="PASS" signature="TestResults(org.testng.ITestResult)[pri:0, instance:com.testcases.driverscripts.Execute_MainScript@3cef309d]" name="TestResults" is-config="true" duration-ms="0" started-at="2019-10-31T20:44:40Z" finished-at="2019-10-31T20:44:40Z">
          <params>
            <param index="0">
              <value>
                <![CDATA[[TestResult name=ExecuteTest status=SKIP method=Execute_MainScript.ExecuteTest(java.lang.String, java.lang.String, java.lang.String, java.lang.String, java.lang.String, java.lang.String)[pri:1, instance:com.testcases.driverscripts.Execute_MainScript@3cef309d] output={null}]]]>
              </value>
            </param>
          </params>
          <reporter-output>
          </reporter-output>
        </test-method> <!-- TestResults -->
        <test-method status="SKIP" signature="ExecuteTest(java.lang.String, java.lang.String, java.lang.String, java.lang.String, java.lang.String, java.lang.String)[pri:1, instance:com.testcases.driverscripts.Execute_MainScript@3cef309d]" name="ExecuteTest" duration-ms="10" started-at="2019-10-31T20:44:40Z" data-provider="Fetch_Master_data" finished-at="2019-10-31T20:44:40Z">
          <params>
            <param index="0">
              <value>
                <![CDATA[ALL_PAGES]]>
              </value>
            </param>
            <param index="1">
              <value>
                <![CDATA[END_TO_END]]>
              </value>
            </param>
            <param index="2">
              <value>
                <![CDATA[TC33_Verify_login_Responsive]]>
              </value>
            </param>
            <param index="3">
              <value>
                <![CDATA[Responsive Testing]]>
              </value>
            </param>
            <param index="4">
              <value>
                <![CDATA[No]]>
              </value>
            </param>
            <param index="5">
              <value>
                <![CDATA[High]]>
              </value>
            </param>
          </params>
          <exception class="org.testng.SkipException">
            <message>
              <![CDATA[TC33_Verify_login_Responsive has been skipped..]]>
            </message>
            <full-stacktrace>
              <![CDATA[org.testng.SkipException: TC33_Verify_login_Responsive has been skipped..
	at com.testcases.driverscripts.Execute_MainScript.ExecuteTest(Execute_MainScript.java:333)
	at sun.reflect.GeneratedMethodAccessor7.invoke(Unknown Source)
	at sun.reflect.DelegatingMethodAccessorImpl.invoke(Unknown Source)
	at java.lang.reflect.Method.invoke(Unknown Source)
	at org.testng.internal.MethodInvocationHelper.invokeMethod(MethodInvocationHelper.java:86)
	at org.testng.internal.Invoker.invokeMethod(Invoker.java:643)
	at org.testng.internal.Invoker.invokeTestMethod(Invoker.java:820)
	at org.testng.internal.Invoker.invokeTestMethods(Invoker.java:1128)
	at org.testng.internal.TestMethodWorker.invokeTestMethods(TestMethodWorker.java:129)
	at org.testng.internal.TestMethodWorker.run(TestMethodWorker.java:112)
	at org.testng.TestRunner.privateRun(TestRunner.java:782)
	at org.testng.TestRunner.run(TestRunner.java:632)
	at org.testng.SuiteRunner.runTest(SuiteRunner.java:366)
	at org.testng.SuiteRunner.runSequentially(SuiteRunner.java:361)
	at org.testng.SuiteRunner.privateRun(SuiteRunner.java:319)
	at org.testng.SuiteRunner.run(SuiteRunner.java:268)
	at org.testng.SuiteRunnerWorker.runSuite(SuiteRunnerWorker.java:52)
	at org.testng.SuiteRunnerWorker.run(SuiteRunnerWorker.java:86)
	at org.testng.TestNG.runSuitesSequentially(TestNG.java:1244)
	at org.testng.TestNG.runSuitesLocally(TestNG.java:1169)
	at org.testng.TestNG.run(TestNG.java:1064)
	at org.testng.remote.AbstractRemoteTestNG.run(AbstractRemoteTestNG.java:114)
	at org.testng.remote.RemoteTestNG.initAndRun(RemoteTestNG.java:251)
	at org.testng.remote.RemoteTestNG.main(RemoteTestNG.java:77)
]]>
            </full-stacktrace>
          </exception> <!-- org.testng.SkipException -->
          <reporter-output>
          </reporter-output>
        </test-method> <!-- ExecuteTest -->
        <test-method status="PASS" signature="TestResults(org.testng.ITestResult)[pri:0, instance:com.testcases.driverscripts.Execute_MainScript@3cef309d]" name="TestResults" is-config="true" duration-ms="1" started-at="2019-10-31T20:44:40Z" finished-at="2019-10-31T20:44:40Z">
          <params>
            <param index="0">
              <value>
                <![CDATA[[TestResult name=ExecuteTest status=SKIP method=Execute_MainScript.ExecuteTest(java.lang.String, java.lang.String, java.lang.String, java.lang.String, java.lang.String, java.lang.String)[pri:1, instance:com.testcases.driverscripts.Execute_MainScript@3cef309d] output={null}]]]>
              </value>
            </param>
          </params>
          <reporter-output>
          </reporter-output>
        </test-method> <!-- TestResults -->
        <test-method status="SKIP" signature="ExecuteTest(java.lang.String, java.lang.String, java.lang.String, java.lang.String, java.lang.String, java.lang.String)[pri:1, instance:com.testcases.driverscripts.Execute_MainScript@3cef309d]" name="ExecuteTest" duration-ms="9" started-at="2019-10-31T20:44:40Z" data-provider="Fetch_Master_data" finished-at="2019-10-31T20:44:40Z">
          <params>
            <param index="0">
              <value>
                <![CDATA[ALL_PAGES]]>
              </value>
            </param>
            <param index="1">
              <value>
                <![CDATA[END_TO_END]]>
              </value>
            </param>
            <param index="2">
              <value>
                <![CDATA[TC34_Verify_Broken_Image_Home_Page]]>
              </value>
            </param>
            <param index="3">
              <value>
                <![CDATA[Broken Image testing on Home page]]>
              </value>
            </param>
            <param index="4">
              <value>
                <![CDATA[No]]>
              </value>
            </param>
            <param index="5">
              <value>
                <![CDATA[High]]>
              </value>
            </param>
          </params>
          <exception class="org.testng.SkipException">
            <message>
              <![CDATA[TC34_Verify_Broken_Image_Home_Page has been skipped..]]>
            </message>
            <full-stacktrace>
              <![CDATA[org.testng.SkipException: TC34_Verify_Broken_Image_Home_Page has been skipped..
	at com.testcases.driverscripts.Execute_MainScript.ExecuteTest(Execute_MainScript.java:333)
	at sun.reflect.GeneratedMethodAccessor7.invoke(Unknown Source)
	at sun.reflect.DelegatingMethodAccessorImpl.invoke(Unknown Source)
	at java.lang.reflect.Method.invoke(Unknown Source)
	at org.testng.internal.MethodInvocationHelper.invokeMethod(MethodInvocationHelper.java:86)
	at org.testng.internal.Invoker.invokeMethod(Invoker.java:643)
	at org.testng.internal.Invoker.invokeTestMethod(Invoker.java:820)
	at org.testng.internal.Invoker.invokeTestMethods(Invoker.java:1128)
	at org.testng.internal.TestMethodWorker.invokeTestMethods(TestMethodWorker.java:129)
	at org.testng.internal.TestMethodWorker.run(TestMethodWorker.java:112)
	at org.testng.TestRunner.privateRun(TestRunner.java:782)
	at org.testng.TestRunner.run(TestRunner.java:632)
	at org.testng.SuiteRunner.runTest(SuiteRunner.java:366)
	at org.testng.SuiteRunner.runSequentially(SuiteRunner.java:361)
	at org.testng.SuiteRunner.privateRun(SuiteRunner.java:319)
	at org.testng.SuiteRunner.run(SuiteRunner.java:268)
	at org.testng.SuiteRunnerWorker.runSuite(SuiteRunnerWorker.java:52)
	at org.testng.SuiteRunnerWorker.run(SuiteRunnerWorker.java:86)
	at org.testng.TestNG.runSuitesSequentially(TestNG.java:1244)
	at org.testng.TestNG.runSuitesLocally(TestNG.java:1169)
	at org.testng.TestNG.run(TestNG.java:1064)
	at org.testng.remote.AbstractRemoteTestNG.run(AbstractRemoteTestNG.java:114)
	at org.testng.remote.RemoteTestNG.initAndRun(RemoteTestNG.java:251)
	at org.testng.remote.RemoteTestNG.main(RemoteTestNG.java:77)
]]>
            </full-stacktrace>
          </exception> <!-- org.testng.SkipException -->
          <reporter-output>
          </reporter-output>
        </test-method> <!-- ExecuteTest -->
        <test-method status="SKIP" signature="ExecuteTest(java.lang.String, java.lang.String, java.lang.String, java.lang.String, java.lang.String, java.lang.String)[pri:1, instance:com.testcases.driverscripts.Execute_MainScript@3cef309d]" name="ExecuteTest" duration-ms="10" started-at="2019-10-31T20:44:40Z" data-provider="Fetch_Master_data" finished-at="2019-10-31T20:44:40Z">
          <params>
            <param index="0">
              <value>
                <![CDATA[ALL_PAGES]]>
              </value>
            </param>
            <param index="1">
              <value>
                <![CDATA[END_TO_END]]>
              </value>
            </param>
            <param index="2">
              <value>
                <![CDATA[TC35_Verify_Broken_Image_PDP_Page]]>
              </value>
            </param>
            <param index="3">
              <value>
                <![CDATA[Broken Image testing on PDP page]]>
              </value>
            </param>
            <param index="4">
              <value>
                <![CDATA[No]]>
              </value>
            </param>
            <param index="5">
              <value>
                <![CDATA[High]]>
              </value>
            </param>
          </params>
          <exception class="org.testng.SkipException">
            <message>
              <![CDATA[TC35_Verify_Broken_Image_PDP_Page has been skipped..]]>
            </message>
            <full-stacktrace>
              <![CDATA[org.testng.SkipException: TC35_Verify_Broken_Image_PDP_Page has been skipped..
	at com.testcases.driverscripts.Execute_MainScript.ExecuteTest(Execute_MainScript.java:333)
	at sun.reflect.GeneratedMethodAccessor7.invoke(Unknown Source)
	at sun.reflect.DelegatingMethodAccessorImpl.invoke(Unknown Source)
	at java.lang.reflect.Method.invoke(Unknown Source)
	at org.testng.internal.MethodInvocationHelper.invokeMethod(MethodInvocationHelper.java:86)
	at org.testng.internal.Invoker.invokeMethod(Invoker.java:643)
	at org.testng.internal.Invoker.invokeTestMethod(Invoker.java:820)
	at org.testng.internal.Invoker.invokeTestMethods(Invoker.java:1128)
	at org.testng.internal.TestMethodWorker.invokeTestMethods(TestMethodWorker.java:129)
	at org.testng.internal.TestMethodWorker.run(TestMethodWorker.java:112)
	at org.testng.TestRunner.privateRun(TestRunner.java:782)
	at org.testng.TestRunner.run(TestRunner.java:632)
	at org.testng.SuiteRunner.runTest(SuiteRunner.java:366)
	at org.testng.SuiteRunner.runSequentially(SuiteRunner.java:361)
	at org.testng.SuiteRunner.privateRun(SuiteRunner.java:319)
	at org.testng.SuiteRunner.run(SuiteRunner.java:268)
	at org.testng.SuiteRunnerWorker.runSuite(SuiteRunnerWorker.java:52)
	at org.testng.SuiteRunnerWorker.run(SuiteRunnerWorker.java:86)
	at org.testng.TestNG.runSuitesSequentially(TestNG.java:1244)
	at org.testng.TestNG.runSuitesLocally(TestNG.java:1169)
	at org.testng.TestNG.run(TestNG.java:1064)
	at org.testng.remote.AbstractRemoteTestNG.run(AbstractRemoteTestNG.java:114)
	at org.testng.remote.RemoteTestNG.initAndRun(RemoteTestNG.java:251)
	at org.testng.remote.RemoteTestNG.main(RemoteTestNG.java:77)
]]>
            </full-stacktrace>
          </exception> <!-- org.testng.SkipException -->
          <reporter-output>
          </reporter-output>
        </test-method> <!-- ExecuteTest -->
        <test-method status="PASS" signature="TestResults(org.testng.ITestResult)[pri:0, instance:com.testcases.driverscripts.Execute_MainScript@3cef309d]" name="TestResults" is-config="true" duration-ms="0" started-at="2019-10-31T20:44:40Z" finished-at="2019-10-31T20:44:40Z">
          <params>
            <param index="0">
              <value>
                <![CDATA[[TestResult name=ExecuteTest status=SKIP method=Execute_MainScript.ExecuteTest(java.lang.String, java.lang.String, java.lang.String, java.lang.String, java.lang.String, java.lang.String)[pri:1, instance:com.testcases.driverscripts.Execute_MainScript@3cef309d] output={null}]]]>
              </value>
            </param>
          </params>
          <reporter-output>
          </reporter-output>
        </test-method> <!-- TestResults -->
        <test-method status="SKIP" signature="ExecuteTest(java.lang.String, java.lang.String, java.lang.String, java.lang.String, java.lang.String, java.lang.String)[pri:1, instance:com.testcases.driverscripts.Execute_MainScript@3cef309d]" name="ExecuteTest" duration-ms="8" started-at="2019-10-31T20:44:40Z" data-provider="Fetch_Master_data" finished-at="2019-10-31T20:44:40Z">
          <params>
            <param index="0">
              <value>
                <![CDATA[ALL_PAGES]]>
              </value>
            </param>
            <param index="1">
              <value>
                <![CDATA[END_TO_END]]>
              </value>
            </param>
            <param index="2">
              <value>
                <![CDATA[TC36_Verify_Broken_Image_Search_Page]]>
              </value>
            </param>
            <param index="3">
              <value>
                <![CDATA[Broken Image testing on Search page]]>
              </value>
            </param>
            <param index="4">
              <value>
                <![CDATA[No]]>
              </value>
            </param>
            <param index="5">
              <value>
                <![CDATA[High]]>
              </value>
            </param>
          </params>
          <exception class="org.testng.SkipException">
            <message>
              <![CDATA[TC36_Verify_Broken_Image_Search_Page has been skipped..]]>
            </message>
            <full-stacktrace>
              <![CDATA[org.testng.SkipException: TC36_Verify_Broken_Image_Search_Page has been skipped..
	at com.testcases.driverscripts.Execute_MainScript.ExecuteTest(Execute_MainScript.java:333)
	at sun.reflect.GeneratedMethodAccessor7.invoke(Unknown Source)
	at sun.reflect.DelegatingMethodAccessorImpl.invoke(Unknown Source)
	at java.lang.reflect.Method.invoke(Unknown Source)
	at org.testng.internal.MethodInvocationHelper.invokeMethod(MethodInvocationHelper.java:86)
	at org.testng.internal.Invoker.invokeMethod(Invoker.java:643)
	at org.testng.internal.Invoker.invokeTestMethod(Invoker.java:820)
	at org.testng.internal.Invoker.invokeTestMethods(Invoker.java:1128)
	at org.testng.internal.TestMethodWorker.invokeTestMethods(TestMethodWorker.java:129)
	at org.testng.internal.TestMethodWorker.run(TestMethodWorker.java:112)
	at org.testng.TestRunner.privateRun(TestRunner.java:782)
	at org.testng.TestRunner.run(TestRunner.java:632)
	at org.testng.SuiteRunner.runTest(SuiteRunner.java:366)
	at org.testng.SuiteRunner.runSequentially(SuiteRunner.java:361)
	at org.testng.SuiteRunner.privateRun(SuiteRunner.java:319)
	at org.testng.SuiteRunner.run(SuiteRunner.java:268)
	at org.testng.SuiteRunnerWorker.runSuite(SuiteRunnerWorker.java:52)
	at org.testng.SuiteRunnerWorker.run(SuiteRunnerWorker.java:86)
	at org.testng.TestNG.runSuitesSequentially(TestNG.java:1244)
	at org.testng.TestNG.runSuitesLocally(TestNG.java:1169)
	at org.testng.TestNG.run(TestNG.java:1064)
	at org.testng.remote.AbstractRemoteTestNG.run(AbstractRemoteTestNG.java:114)
	at org.testng.remote.RemoteTestNG.initAndRun(RemoteTestNG.java:251)
	at org.testng.remote.RemoteTestNG.main(RemoteTestNG.java:77)
]]>
            </full-stacktrace>
          </exception> <!-- org.testng.SkipException -->
          <reporter-output>
          </reporter-output>
        </test-method> <!-- ExecuteTest -->
        <test-method status="PASS" signature="TestResults(org.testng.ITestResult)[pri:0, instance:com.testcases.driverscripts.Execute_MainScript@3cef309d]" name="TestResults" is-config="true" duration-ms="0" started-at="2019-10-31T20:44:40Z" finished-at="2019-10-31T20:44:40Z">
          <params>
            <param index="0">
              <value>
                <![CDATA[[TestResult name=ExecuteTest status=SKIP method=Execute_MainScript.ExecuteTest(java.lang.String, java.lang.String, java.lang.String, java.lang.String, java.lang.String, java.lang.String)[pri:1, instance:com.testcases.driverscripts.Execute_MainScript@3cef309d] output={null}]]]>
              </value>
            </param>
          </params>
          <reporter-output>
          </reporter-output>
        </test-method> <!-- TestResults -->
        <test-method status="PASS" signature="TestResults(org.testng.ITestResult)[pri:0, instance:com.testcases.driverscripts.Execute_MainScript@3cef309d]" name="TestResults" is-config="true" duration-ms="0" started-at="2019-10-31T20:44:40Z" finished-at="2019-10-31T20:44:40Z">
          <params>
            <param index="0">
              <value>
                <![CDATA[[TestResult name=ExecuteTest status=SKIP method=Execute_MainScript.ExecuteTest(java.lang.String, java.lang.String, java.lang.String, java.lang.String, java.lang.String, java.lang.String)[pri:1, instance:com.testcases.driverscripts.Execute_MainScript@3cef309d] output={null}]]]>
              </value>
            </param>
          </params>
          <reporter-output>
          </reporter-output>
        </test-method> <!-- TestResults -->
        <test-method status="SKIP" signature="ExecuteTest(java.lang.String, java.lang.String, java.lang.String, java.lang.String, java.lang.String, java.lang.String)[pri:1, instance:com.testcases.driverscripts.Execute_MainScript@3cef309d]" name="ExecuteTest" duration-ms="7" started-at="2019-10-31T20:44:40Z" data-provider="Fetch_Master_data" finished-at="2019-10-31T20:44:40Z">
          <params>
            <param index="0">
              <value>
                <![CDATA[ALL_PAGES]]>
              </value>
            </param>
            <param index="1">
              <value>
                <![CDATA[END_TO_END]]>
              </value>
            </param>
            <param index="2">
              <value>
                <![CDATA[TC37_Verify_Broken_Image_PLP_Page]]>
              </value>
            </param>
            <param index="3">
              <value>
                <![CDATA[Broken Image testing on PLP page]]>
              </value>
            </param>
            <param index="4">
              <value>
                <![CDATA[No]]>
              </value>
            </param>
            <param index="5">
              <value>
                <![CDATA[High]]>
              </value>
            </param>
          </params>
          <exception class="org.testng.SkipException">
            <message>
              <![CDATA[TC37_Verify_Broken_Image_PLP_Page has been skipped..]]>
            </message>
            <full-stacktrace>
              <![CDATA[org.testng.SkipException: TC37_Verify_Broken_Image_PLP_Page has been skipped..
	at com.testcases.driverscripts.Execute_MainScript.ExecuteTest(Execute_MainScript.java:333)
	at sun.reflect.GeneratedMethodAccessor7.invoke(Unknown Source)
	at sun.reflect.DelegatingMethodAccessorImpl.invoke(Unknown Source)
	at java.lang.reflect.Method.invoke(Unknown Source)
	at org.testng.internal.MethodInvocationHelper.invokeMethod(MethodInvocationHelper.java:86)
	at org.testng.internal.Invoker.invokeMethod(Invoker.java:643)
	at org.testng.internal.Invoker.invokeTestMethod(Invoker.java:820)
	at org.testng.internal.Invoker.invokeTestMethods(Invoker.java:1128)
	at org.testng.internal.TestMethodWorker.invokeTestMethods(TestMethodWorker.java:129)
	at org.testng.internal.TestMethodWorker.run(TestMethodWorker.java:112)
	at org.testng.TestRunner.privateRun(TestRunner.java:782)
	at org.testng.TestRunner.run(TestRunner.java:632)
	at org.testng.SuiteRunner.runTest(SuiteRunner.java:366)
	at org.testng.SuiteRunner.runSequentially(SuiteRunner.java:361)
	at org.testng.SuiteRunner.privateRun(SuiteRunner.java:319)
	at org.testng.SuiteRunner.run(SuiteRunner.java:268)
	at org.testng.SuiteRunnerWorker.runSuite(SuiteRunnerWorker.java:52)
	at org.testng.SuiteRunnerWorker.run(SuiteRunnerWorker.java:86)
	at org.testng.TestNG.runSuitesSequentially(TestNG.java:1244)
	at org.testng.TestNG.runSuitesLocally(TestNG.java:1169)
	at org.testng.TestNG.run(TestNG.java:1064)
	at org.testng.remote.AbstractRemoteTestNG.run(AbstractRemoteTestNG.java:114)
	at org.testng.remote.RemoteTestNG.initAndRun(RemoteTestNG.java:251)
	at org.testng.remote.RemoteTestNG.main(RemoteTestNG.java:77)
]]>
            </full-stacktrace>
          </exception> <!-- org.testng.SkipException -->
          <reporter-output>
          </reporter-output>
        </test-method> <!-- ExecuteTest -->
        <test-method status="PASS" signature="TestResults(org.testng.ITestResult)[pri:0, instance:com.testcases.driverscripts.Execute_MainScript@3cef309d]" name="TestResults" is-config="true" duration-ms="1" started-at="2019-10-31T20:44:40Z" finished-at="2019-10-31T20:44:40Z">
          <params>
            <param index="0">
              <value>
                <![CDATA[[TestResult name=ExecuteTest status=SKIP method=Execute_MainScript.ExecuteTest(java.lang.String, java.lang.String, java.lang.String, java.lang.String, java.lang.String, java.lang.String)[pri:1, instance:com.testcases.driverscripts.Execute_MainScript@3cef309d] output={null}]]]>
              </value>
            </param>
          </params>
          <reporter-output>
          </reporter-output>
        </test-method> <!-- TestResults -->
        <test-method status="SKIP" signature="ExecuteTest(java.lang.String, java.lang.String, java.lang.String, java.lang.String, java.lang.String, java.lang.String)[pri:1, instance:com.testcases.driverscripts.Execute_MainScript@3cef309d]" name="ExecuteTest" duration-ms="7" started-at="2019-10-31T20:44:40Z" data-provider="Fetch_Master_data" finished-at="2019-10-31T20:44:40Z">
          <params>
            <param index="0">
              <value>
                <![CDATA[ALL_PAGES]]>
              </value>
            </param>
            <param index="1">
              <value>
                <![CDATA[END_TO_END]]>
              </value>
            </param>
            <param index="2">
              <value>
                <![CDATA[TC38_demoTestcase]]>
              </value>
            </param>
            <param index="3">
              <value>
                <![CDATA[TC38_demoTestcase]]>
              </value>
            </param>
            <param index="4">
              <value>
                <![CDATA[No]]>
              </value>
            </param>
            <param index="5">
              <value>
                <![CDATA[High]]>
              </value>
            </param>
          </params>
          <exception class="org.testng.SkipException">
            <message>
              <![CDATA[TC38_demoTestcase has been skipped..]]>
            </message>
            <full-stacktrace>
              <![CDATA[org.testng.SkipException: TC38_demoTestcase has been skipped..
	at com.testcases.driverscripts.Execute_MainScript.ExecuteTest(Execute_MainScript.java:333)
	at sun.reflect.GeneratedMethodAccessor7.invoke(Unknown Source)
	at sun.reflect.DelegatingMethodAccessorImpl.invoke(Unknown Source)
	at java.lang.reflect.Method.invoke(Unknown Source)
	at org.testng.internal.MethodInvocationHelper.invokeMethod(MethodInvocationHelper.java:86)
	at org.testng.internal.Invoker.invokeMethod(Invoker.java:643)
	at org.testng.internal.Invoker.invokeTestMethod(Invoker.java:820)
	at org.testng.internal.Invoker.invokeTestMethods(Invoker.java:1128)
	at org.testng.internal.TestMethodWorker.invokeTestMethods(TestMethodWorker.java:129)
	at org.testng.internal.TestMethodWorker.run(TestMethodWorker.java:112)
	at org.testng.TestRunner.privateRun(TestRunner.java:782)
	at org.testng.TestRunner.run(TestRunner.java:632)
	at org.testng.SuiteRunner.runTest(SuiteRunner.java:366)
	at org.testng.SuiteRunner.runSequentially(SuiteRunner.java:361)
	at org.testng.SuiteRunner.privateRun(SuiteRunner.java:319)
	at org.testng.SuiteRunner.run(SuiteRunner.java:268)
	at org.testng.SuiteRunnerWorker.runSuite(SuiteRunnerWorker.java:52)
	at org.testng.SuiteRunnerWorker.run(SuiteRunnerWorker.java:86)
	at org.testng.TestNG.runSuitesSequentially(TestNG.java:1244)
	at org.testng.TestNG.runSuitesLocally(TestNG.java:1169)
	at org.testng.TestNG.run(TestNG.java:1064)
	at org.testng.remote.AbstractRemoteTestNG.run(AbstractRemoteTestNG.java:114)
	at org.testng.remote.RemoteTestNG.initAndRun(RemoteTestNG.java:251)
	at org.testng.remote.RemoteTestNG.main(RemoteTestNG.java:77)
]]>
            </full-stacktrace>
          </exception> <!-- org.testng.SkipException -->
          <reporter-output>
          </reporter-output>
        </test-method> <!-- ExecuteTest -->
        <test-method status="PASS" signature="TestResults(org.testng.ITestResult)[pri:0, instance:com.testcases.driverscripts.Execute_MainScript@3cef309d]" name="TestResults" is-config="true" duration-ms="0" started-at="2019-10-31T20:44:40Z" finished-at="2019-10-31T20:44:40Z">
          <params>
            <param index="0">
              <value>
                <![CDATA[[TestResult name=ExecuteTest status=SKIP method=Execute_MainScript.ExecuteTest(java.lang.String, java.lang.String, java.lang.String, java.lang.String, java.lang.String, java.lang.String)[pri:1, instance:com.testcases.driverscripts.Execute_MainScript@3cef309d] output={null}]]]>
              </value>
            </param>
          </params>
          <reporter-output>
          </reporter-output>
        </test-method> <!-- TestResults -->
        <test-method status="PASS" signature="close()[pri:0, instance:com.testcases.driverscripts.Execute_MainScript@3cef309d]" name="close" is-config="true" duration-ms="174" started-at="2019-10-31T20:44:41Z" finished-at="2019-10-31T20:44:41Z">
          <reporter-output>
          </reporter-output>
        </test-method> <!-- close -->
        <test-method status="PASS" signature="closebrowser(java.lang.String)[pri:0, instance:com.testcases.driverscripts.Execute_MainScript@3cef309d]" name="closebrowser" is-config="true" duration-ms="93" started-at="2019-10-31T20:44:41Z" finished-at="2019-10-31T20:44:41Z">
          <params>
            <param index="0">
              <value>
                <![CDATA[chrome]]>
              </value>
            </param>
          </params>
          <reporter-output>
          </reporter-output>
        </test-method> <!-- closebrowser -->
      </class> <!-- com.testcases.driverscripts.Execute_MainScript -->
    </test> <!-- Chrome_test -->
  </suite> <!-- Suite -->
</testng-results>
